{
  "D:\\git\\do-novelist-ai\\types.ts": {
    "path": "D:\\git\\do-novelist-ai\\types.ts",
    "statementMap": {
      "0": { "start": { "line": 1, "column": 7 }, "end": { "line": 1, "column": null } },
      "1": { "start": { "line": 2, "column": 2 }, "end": { "line": 2, "column": null } },
      "2": { "start": { "line": 3, "column": 2 }, "end": { "line": 3, "column": null } },
      "3": { "start": { "line": 4, "column": 2 }, "end": { "line": 4, "column": null } },
      "4": { "start": { "line": 5, "column": 2 }, "end": { "line": 5, "column": null } },
      "5": { "start": { "line": 1, "column": 12 }, "end": { "line": 1, "column": null } },
      "6": { "start": { "line": 8, "column": 7 }, "end": { "line": 8, "column": null } },
      "7": { "start": { "line": 9, "column": 2 }, "end": { "line": 9, "column": null } },
      "8": { "start": { "line": 10, "column": 2 }, "end": { "line": 10, "column": null } },
      "9": { "start": { "line": 11, "column": 2 }, "end": { "line": 11, "column": null } },
      "10": { "start": { "line": 12, "column": 2 }, "end": { "line": 12, "column": null } },
      "11": { "start": { "line": 8, "column": 12 }, "end": { "line": 8, "column": null } },
      "12": { "start": { "line": 15, "column": 7 }, "end": { "line": 15, "column": null } },
      "13": { "start": { "line": 16, "column": 2 }, "end": { "line": 16, "column": null } },
      "14": { "start": { "line": 17, "column": 2 }, "end": { "line": 17, "column": null } },
      "15": { "start": { "line": 18, "column": 2 }, "end": { "line": 18, "column": null } },
      "16": { "start": { "line": 19, "column": 2 }, "end": { "line": 19, "column": null } },
      "17": { "start": { "line": 15, "column": 12 }, "end": { "line": 15, "column": null } }
    },
    "fnMap": {
      "0": {
        "name": "(anonymous_0)",
        "decl": { "start": { "line": 1, "column": 7 }, "end": { "line": 1, "column": 12 } },
        "loc": { "start": { "line": 1, "column": 7 }, "end": { "line": 1, "column": null } },
        "line": 1
      },
      "1": {
        "name": "(anonymous_1)",
        "decl": { "start": { "line": 8, "column": 7 }, "end": { "line": 8, "column": 12 } },
        "loc": { "start": { "line": 8, "column": 7 }, "end": { "line": 8, "column": null } },
        "line": 8
      },
      "2": {
        "name": "(anonymous_2)",
        "decl": { "start": { "line": 15, "column": 7 }, "end": { "line": 15, "column": 12 } },
        "loc": { "start": { "line": 15, "column": 7 }, "end": { "line": 15, "column": null } },
        "line": 15
      }
    },
    "branchMap": {
      "0": {
        "loc": { "start": { "line": 1, "column": 12 }, "end": { "line": 1, "column": null } },
        "type": "binary-expr",
        "locations": [
          { "start": { "line": 1, "column": 12 }, "end": { "line": 1, "column": null } },
          { "start": { "line": 1, "column": 12 }, "end": { "line": 1, "column": null } }
        ],
        "line": 1
      },
      "1": {
        "loc": { "start": { "line": 8, "column": 12 }, "end": { "line": 8, "column": null } },
        "type": "binary-expr",
        "locations": [
          { "start": { "line": 8, "column": 12 }, "end": { "line": 8, "column": null } },
          { "start": { "line": 8, "column": 12 }, "end": { "line": 8, "column": null } }
        ],
        "line": 8
      },
      "2": {
        "loc": { "start": { "line": 15, "column": 12 }, "end": { "line": 15, "column": null } },
        "type": "binary-expr",
        "locations": [
          { "start": { "line": 15, "column": 12 }, "end": { "line": 15, "column": null } },
          { "start": { "line": 15, "column": 12 }, "end": { "line": 15, "column": null } }
        ],
        "line": 15
      }
    },
    "s": {
      "0": 9,
      "1": 9,
      "2": 9,
      "3": 9,
      "4": 9,
      "5": 9,
      "6": 9,
      "7": 9,
      "8": 9,
      "9": 9,
      "10": 9,
      "11": 9,
      "12": 9,
      "13": 9,
      "14": 9,
      "15": 9,
      "16": 9,
      "17": 9
    },
    "f": { "0": 9, "1": 9, "2": 9 },
    "b": { "0": [9, 9], "1": [9, 9], "2": [9, 9] },
    "meta": {
      "lastBranch": 3,
      "lastFunction": 3,
      "lastStatement": 18,
      "seen": {
        "s:1:7:1:Infinity": 0,
        "f:1:7:1:12": 0,
        "s:2:2:2:Infinity": 1,
        "s:3:2:3:Infinity": 2,
        "s:4:2:4:Infinity": 3,
        "s:5:2:5:Infinity": 4,
        "s:1:12:1:Infinity": 5,
        "b:1:12:1:Infinity:1:12:1:Infinity": 0,
        "s:8:7:8:Infinity": 6,
        "f:8:7:8:12": 1,
        "s:9:2:9:Infinity": 7,
        "s:10:2:10:Infinity": 8,
        "s:11:2:11:Infinity": 9,
        "s:12:2:12:Infinity": 10,
        "s:8:12:8:Infinity": 11,
        "b:8:12:8:Infinity:8:12:8:Infinity": 1,
        "s:15:7:15:Infinity": 12,
        "f:15:7:15:12": 2,
        "s:16:2:16:Infinity": 13,
        "s:17:2:17:Infinity": 14,
        "s:18:2:18:Infinity": 15,
        "s:19:2:19:Infinity": 16,
        "s:15:12:15:Infinity": 17,
        "b:15:12:15:Infinity:15:12:15:Infinity": 2
      }
    }
  },
  "D:\\git\\do-novelist-ai\\src\\components\\Navbar.tsx": {
    "path": "D:\\git\\do-novelist-ai\\src\\components\\Navbar.tsx",
    "statementMap": {
      "0": { "start": { "line": 14, "column": 38 }, "end": { "line": 168, "column": null } },
      "1": { "start": { "line": 21, "column": 34 }, "end": { "line": 21, "column": null } },
      "2": { "start": { "line": 23, "column": 2 }, "end": { "line": 31, "column": null } },
      "3": { "start": { "line": 24, "column": 26 }, "end": { "line": 28, "column": null } },
      "4": { "start": { "line": 25, "column": 6 }, "end": { "line": 27, "column": null } },
      "5": { "start": { "line": 26, "column": 8 }, "end": { "line": 26, "column": null } },
      "6": { "start": { "line": 29, "column": 4 }, "end": { "line": 29, "column": null } },
      "7": { "start": { "line": 30, "column": 4 }, "end": { "line": 30, "column": null } },
      "8": { "start": { "line": 30, "column": 23 }, "end": { "line": 30, "column": null } },
      "9": { "start": { "line": 33, "column": 20 }, "end": { "line": 36, "column": null } },
      "10": { "start": { "line": 34, "column": 4 }, "end": { "line": 34, "column": null } },
      "11": { "start": { "line": 35, "column": 4 }, "end": { "line": 35, "column": null } },
      "12": { "start": { "line": 38, "column": 18 }, "end": { "line": 64, "column": null } },
      "13": { "start": { "line": 47, "column": 4 }, "end": { "line": 62, "column": null } },
      "14": { "start": { "line": 49, "column": 23 }, "end": { "line": 49, "column": null } },
      "15": { "start": { "line": 66, "column": 2 }, "end": { "line": 166, "column": null } },
      "16": { "start": { "line": 76, "column": 25 }, "end": { "line": 76, "column": null } },
      "17": { "start": { "line": 119, "column": 25 }, "end": { "line": 119, "column": null } },
      "18": { "start": { "line": 154, "column": 18 }, "end": { "line": 154, "column": null } },
      "19": { "start": { "line": 155, "column": 18 }, "end": { "line": 155, "column": null } }
    },
    "fnMap": {
      "0": {
        "name": "(anonymous_0)",
        "decl": { "start": { "line": 14, "column": 38 }, "end": { "line": 14, "column": 39 } },
        "loc": { "start": { "line": 20, "column": 6 }, "end": { "line": 168, "column": null } },
        "line": 20
      },
      "1": {
        "name": "(anonymous_1)",
        "decl": { "start": { "line": 23, "column": 12 }, "end": { "line": 23, "column": 32 } },
        "loc": { "start": { "line": 23, "column": 32 }, "end": { "line": 31, "column": 5 } },
        "line": 23
      },
      "2": {
        "name": "(anonymous_2)",
        "decl": { "start": { "line": 24, "column": 26 }, "end": { "line": 24, "column": 27 } },
        "loc": { "start": { "line": 24, "column": 58 }, "end": { "line": 28, "column": null } },
        "line": 24
      },
      "3": {
        "name": "(anonymous_3)",
        "decl": { "start": { "line": 30, "column": 11 }, "end": { "line": 30, "column": 23 } },
        "loc": { "start": { "line": 30, "column": 23 }, "end": { "line": 30, "column": null } },
        "line": 30
      },
      "4": {
        "name": "(anonymous_4)",
        "decl": { "start": { "line": 33, "column": 20 }, "end": { "line": 33, "column": 21 } },
        "loc": { "start": { "line": 33, "column": 75 }, "end": { "line": 36, "column": null } },
        "line": 33
      },
      "5": {
        "name": "(anonymous_5)",
        "decl": { "start": { "line": 38, "column": 18 }, "end": { "line": 38, "column": 19 } },
        "loc": { "start": { "line": 46, "column": 28 }, "end": { "line": 64, "column": null } },
        "line": 46
      },
      "6": {
        "name": "(anonymous_6)",
        "decl": { "start": { "line": 49, "column": 17 }, "end": { "line": 49, "column": 23 } },
        "loc": { "start": { "line": 49, "column": 23 }, "end": { "line": 49, "column": null } },
        "line": 49
      },
      "7": {
        "name": "(anonymous_7)",
        "decl": { "start": { "line": 76, "column": 19 }, "end": { "line": 76, "column": 25 } },
        "loc": { "start": { "line": 76, "column": 25 }, "end": { "line": 76, "column": null } },
        "line": 76
      },
      "8": {
        "name": "(anonymous_8)",
        "decl": { "start": { "line": 119, "column": 19 }, "end": { "line": 119, "column": 25 } },
        "loc": { "start": { "line": 119, "column": 25 }, "end": { "line": 119, "column": null } },
        "line": 119
      },
      "9": {
        "name": "(anonymous_9)",
        "decl": { "start": { "line": 153, "column": 25 }, "end": { "line": 153, "column": 31 } },
        "loc": { "start": { "line": 153, "column": 31 }, "end": { "line": 156, "column": null } },
        "line": 153
      }
    },
    "branchMap": {
      "0": {
        "loc": { "start": { "line": 25, "column": 6 }, "end": { "line": 27, "column": null } },
        "type": "if",
        "locations": [
          { "start": { "line": 25, "column": 6 }, "end": { "line": 27, "column": null } },
          { "start": {}, "end": {} }
        ],
        "line": 25
      },
      "1": {
        "loc": { "start": { "line": 25, "column": 10 }, "end": { "line": 25, "column": 48 } },
        "type": "binary-expr",
        "locations": [
          { "start": { "line": 25, "column": 10 }, "end": { "line": 25, "column": 36 } },
          { "start": { "line": 25, "column": 36 }, "end": { "line": 25, "column": 48 } }
        ],
        "line": 25
      },
      "2": {
        "loc": { "start": { "line": 52, "column": 10 }, "end": { "line": 54, "column": null } },
        "type": "cond-expr",
        "locations": [
          { "start": { "line": 53, "column": 14 }, "end": { "line": 53, "column": null } },
          { "start": { "line": 54, "column": 14 }, "end": { "line": 54, "column": null } }
        ],
        "line": 52
      },
      "3": {
        "loc": { "start": { "line": 58, "column": 22 }, "end": { "line": 58, "column": null } },
        "type": "cond-expr",
        "locations": [
          { "start": { "line": 58, "column": 45 }, "end": { "line": 58, "column": 54 } },
          { "start": { "line": 58, "column": 54 }, "end": { "line": 58, "column": null } }
        ],
        "line": 58
      },
      "4": {
        "loc": { "start": { "line": 122, "column": 22 }, "end": { "line": 122, "column": null } },
        "type": "cond-expr",
        "locations": [
          { "start": { "line": 122, "column": 35 }, "end": { "line": 122, "column": 57 } },
          { "start": { "line": 122, "column": 57 }, "end": { "line": 122, "column": null } }
        ],
        "line": 122
      },
      "5": {
        "loc": { "start": { "line": 124, "column": 11 }, "end": { "line": 127, "column": null } },
        "type": "cond-expr",
        "locations": [
          { "start": { "line": 125, "column": 12 }, "end": { "line": 125, "column": null } },
          { "start": { "line": 127, "column": 12 }, "end": { "line": 127, "column": null } }
        ],
        "line": 124
      },
      "6": {
        "loc": { "start": { "line": 132, "column": 7 }, "end": { "line": 164, "column": null } },
        "type": "binary-expr",
        "locations": [
          { "start": { "line": 132, "column": 7 }, "end": { "line": 132, "column": null } },
          { "start": { "line": 133, "column": 8 }, "end": { "line": 164, "column": null } }
        ],
        "line": 132
      }
    },
    "s": {
      "0": 1,
      "1": 4,
      "2": 4,
      "3": 4,
      "4": 0,
      "5": 0,
      "6": 4,
      "7": 4,
      "8": 4,
      "9": 4,
      "10": 1,
      "11": 1,
      "12": 4,
      "13": 12,
      "14": 1,
      "15": 4,
      "16": 0,
      "17": 0,
      "18": 0,
      "19": 0
    },
    "f": { "0": 4, "1": 4, "2": 0, "3": 4, "4": 1, "5": 12, "6": 1, "7": 0, "8": 0, "9": 0 },
    "b": {
      "0": [0, 0],
      "1": [0, 0],
      "2": [4, 8],
      "3": [4, 8],
      "4": [0, 4],
      "5": [0, 4],
      "6": [4, 0]
    },
    "meta": {
      "lastBranch": 7,
      "lastFunction": 10,
      "lastStatement": 20,
      "seen": {
        "s:14:38:168:Infinity": 0,
        "f:14:38:14:39": 0,
        "s:21:34:21:Infinity": 1,
        "s:23:2:31:Infinity": 2,
        "f:23:12:23:32": 1,
        "s:24:26:28:Infinity": 3,
        "f:24:26:24:27": 2,
        "b:25:6:27:Infinity:undefined:undefined:undefined:undefined": 0,
        "s:25:6:27:Infinity": 4,
        "b:25:10:25:36:25:36:25:48": 1,
        "s:26:8:26:Infinity": 5,
        "s:29:4:29:Infinity": 6,
        "s:30:4:30:Infinity": 7,
        "f:30:11:30:23": 3,
        "s:30:23:30:Infinity": 8,
        "s:33:20:36:Infinity": 9,
        "f:33:20:33:21": 4,
        "s:34:4:34:Infinity": 10,
        "s:35:4:35:Infinity": 11,
        "s:38:18:64:Infinity": 12,
        "f:38:18:38:19": 5,
        "s:47:4:62:Infinity": 13,
        "f:49:17:49:23": 6,
        "s:49:23:49:Infinity": 14,
        "b:53:14:53:Infinity:54:14:54:Infinity": 2,
        "b:58:45:58:54:58:54:58:Infinity": 3,
        "s:66:2:166:Infinity": 15,
        "f:76:19:76:25": 7,
        "s:76:25:76:Infinity": 16,
        "f:119:19:119:25": 8,
        "s:119:25:119:Infinity": 17,
        "b:122:35:122:57:122:57:122:Infinity": 4,
        "b:125:12:125:Infinity:127:12:127:Infinity": 5,
        "b:132:7:132:Infinity:133:8:164:Infinity": 6,
        "f:153:25:153:31": 9,
        "s:154:18:154:Infinity": 18,
        "s:155:18:155:Infinity": 19
      }
    }
  },
  "D:\\git\\do-novelist-ai\\src\\components\\ui\\Card.tsx": {
    "path": "D:\\git\\do-novelist-ai\\src\\components\\ui\\Card.tsx",
    "statementMap": {
      "0": { "start": { "line": 6, "column": 6 }, "end": { "line": 40, "column": null } },
      "1": { "start": { "line": 45, "column": 6 }, "end": { "line": 49, "column": null } },
      "2": { "start": { "line": 47, "column": 4 }, "end": { "line": 47, "column": null } },
      "3": { "start": { "line": 51, "column": 6 }, "end": { "line": 55, "column": null } },
      "4": { "start": { "line": 53, "column": 4 }, "end": { "line": 53, "column": null } },
      "5": { "start": { "line": 57, "column": 6 }, "end": { "line": 65, "column": null } },
      "6": { "start": { "line": 59, "column": 4 }, "end": { "line": 63, "column": null } },
      "7": { "start": { "line": 67, "column": 6 }, "end": { "line": 72, "column": null } },
      "8": { "start": { "line": 71, "column": 2 }, "end": { "line": 71, "column": null } },
      "9": { "start": { "line": 74, "column": 6 }, "end": { "line": 78, "column": null } },
      "10": { "start": { "line": 76, "column": 4 }, "end": { "line": 76, "column": null } },
      "11": { "start": { "line": 80, "column": 6 }, "end": { "line": 84, "column": null } },
      "12": { "start": { "line": 82, "column": 4 }, "end": { "line": 82, "column": null } },
      "13": { "start": { "line": 86, "column": 0 }, "end": { "line": 86, "column": null } },
      "14": { "start": { "line": 87, "column": 0 }, "end": { "line": 87, "column": null } },
      "15": { "start": { "line": 88, "column": 0 }, "end": { "line": 88, "column": null } },
      "16": { "start": { "line": 89, "column": 0 }, "end": { "line": 89, "column": null } },
      "17": { "start": { "line": 90, "column": 0 }, "end": { "line": 90, "column": null } },
      "18": { "start": { "line": 91, "column": 0 }, "end": { "line": 91, "column": null } }
    },
    "fnMap": {
      "0": {
        "name": "(anonymous_0)",
        "decl": { "start": { "line": 46, "column": 2 }, "end": { "line": 46, "column": 3 } },
        "loc": { "start": { "line": 47, "column": 4 }, "end": { "line": 47, "column": null } },
        "line": 47
      },
      "1": {
        "name": "(anonymous_1)",
        "decl": { "start": { "line": 52, "column": 2 }, "end": { "line": 52, "column": 3 } },
        "loc": { "start": { "line": 53, "column": 4 }, "end": { "line": 53, "column": null } },
        "line": 53
      },
      "2": {
        "name": "(anonymous_2)",
        "decl": { "start": { "line": 58, "column": 2 }, "end": { "line": 58, "column": 3 } },
        "loc": { "start": { "line": 59, "column": 4 }, "end": { "line": 63, "column": null } },
        "line": 59
      },
      "3": {
        "name": "(anonymous_3)",
        "decl": { "start": { "line": 70, "column": 2 }, "end": { "line": 70, "column": 3 } },
        "loc": { "start": { "line": 71, "column": 2 }, "end": { "line": 71, "column": null } },
        "line": 71
      },
      "4": {
        "name": "(anonymous_4)",
        "decl": { "start": { "line": 75, "column": 2 }, "end": { "line": 75, "column": 3 } },
        "loc": { "start": { "line": 76, "column": 4 }, "end": { "line": 76, "column": null } },
        "line": 76
      },
      "5": {
        "name": "(anonymous_5)",
        "decl": { "start": { "line": 81, "column": 2 }, "end": { "line": 81, "column": 3 } },
        "loc": { "start": { "line": 82, "column": 4 }, "end": { "line": 82, "column": null } },
        "line": 82
      }
    },
    "branchMap": {},
    "s": {
      "0": 1,
      "1": 1,
      "2": 189,
      "3": 1,
      "4": 0,
      "5": 1,
      "6": 0,
      "7": 1,
      "8": 0,
      "9": 1,
      "10": 0,
      "11": 1,
      "12": 0,
      "13": 1,
      "14": 1,
      "15": 1,
      "16": 1,
      "17": 1,
      "18": 1
    },
    "f": { "0": 189, "1": 0, "2": 0, "3": 0, "4": 0, "5": 0 },
    "b": {},
    "meta": {
      "lastBranch": 0,
      "lastFunction": 6,
      "lastStatement": 19,
      "seen": {
        "s:6:6:40:Infinity": 0,
        "s:45:6:49:Infinity": 1,
        "f:46:2:46:3": 0,
        "s:47:4:47:Infinity": 2,
        "s:51:6:55:Infinity": 3,
        "f:52:2:52:3": 1,
        "s:53:4:53:Infinity": 4,
        "s:57:6:65:Infinity": 5,
        "f:58:2:58:3": 2,
        "s:59:4:63:Infinity": 6,
        "s:67:6:72:Infinity": 7,
        "f:70:2:70:3": 3,
        "s:71:2:71:Infinity": 8,
        "s:74:6:78:Infinity": 9,
        "f:75:2:75:3": 4,
        "s:76:4:76:Infinity": 10,
        "s:80:6:84:Infinity": 11,
        "f:81:2:81:3": 5,
        "s:82:4:82:Infinity": 12,
        "s:86:0:86:Infinity": 13,
        "s:87:0:87:Infinity": 14,
        "s:88:0:88:Infinity": 15,
        "s:89:0:89:Infinity": 16,
        "s:90:0:90:Infinity": 17,
        "s:91:0:91:Infinity": 18
      }
    }
  },
  "D:\\git\\do-novelist-ai\\src\\components\\ui\\MetricCard.tsx": {
    "path": "D:\\git\\do-novelist-ai\\src\\components\\ui\\MetricCard.tsx",
    "statementMap": {
      "0": { "start": { "line": 24, "column": 46 }, "end": { "line": 111, "column": null } },
      "1": { "start": { "line": 38, "column": 22 }, "end": { "line": 57, "column": null } },
      "2": { "start": { "line": 39, "column": 4 }, "end": { "line": 39, "column": null } },
      "3": { "start": { "line": 39, "column": 33 }, "end": { "line": 39, "column": null } },
      "4": { "start": { "line": 42, "column": 4 }, "end": { "line": 54, "column": null } },
      "5": { "start": { "line": 44, "column": 8 }, "end": { "line": 44, "column": null } },
      "6": { "start": { "line": 45, "column": 8 }, "end": { "line": 45, "column": null } },
      "7": { "start": { "line": 47, "column": 8 }, "end": { "line": 47, "column": null } },
      "8": { "start": { "line": 48, "column": 8 }, "end": { "line": 48, "column": null } },
      "9": { "start": { "line": 50, "column": 8 }, "end": { "line": 50, "column": null } },
      "10": { "start": { "line": 51, "column": 8 }, "end": { "line": 51, "column": null } },
      "11": { "start": { "line": 53, "column": 8 }, "end": { "line": 53, "column": null } },
      "12": { "start": { "line": 56, "column": 4 }, "end": { "line": 56, "column": null } },
      "13": { "start": { "line": 59, "column": 27 }, "end": { "line": 70, "column": null } },
      "14": { "start": { "line": 60, "column": 4 }, "end": { "line": 69, "column": null } },
      "15": { "start": { "line": 62, "column": 8 }, "end": { "line": 62, "column": null } },
      "16": { "start": { "line": 64, "column": 8 }, "end": { "line": 64, "column": null } },
      "17": { "start": { "line": 66, "column": 8 }, "end": { "line": 66, "column": null } },
      "18": { "start": { "line": 68, "column": 8 }, "end": { "line": 68, "column": null } },
      "19": { "start": { "line": 72, "column": 24 }, "end": { "line": 79, "column": null } },
      "20": { "start": { "line": 73, "column": 4 }, "end": { "line": 73, "column": null } },
      "21": { "start": { "line": 73, "column": 24 }, "end": { "line": 73, "column": null } },
      "22": { "start": { "line": 74, "column": 4 }, "end": { "line": 74, "column": null } },
      "23": { "start": { "line": 74, "column": 26 }, "end": { "line": 74, "column": null } },
      "24": { "start": { "line": 75, "column": 4 }, "end": { "line": 77, "column": null } },
      "25": { "start": { "line": 76, "column": 6 }, "end": { "line": 76, "column": null } },
      "26": { "start": { "line": 78, "column": 4 }, "end": { "line": 78, "column": null } },
      "27": { "start": { "line": 81, "column": 2 }, "end": { "line": 109, "column": null } }
    },
    "fnMap": {
      "0": {
        "name": "(anonymous_0)",
        "decl": { "start": { "line": 24, "column": 46 }, "end": { "line": 24, "column": 47 } },
        "loc": { "start": { "line": 37, "column": 6 }, "end": { "line": 111, "column": null } },
        "line": 37
      },
      "1": {
        "name": "(anonymous_1)",
        "decl": { "start": { "line": 38, "column": 22 }, "end": { "line": 38, "column": 23 } },
        "loc": { "start": { "line": 38, "column": 56 }, "end": { "line": 57, "column": null } },
        "line": 38
      },
      "2": {
        "name": "(anonymous_2)",
        "decl": { "start": { "line": 59, "column": 27 }, "end": { "line": 59, "column": 41 } },
        "loc": { "start": { "line": 59, "column": 41 }, "end": { "line": 70, "column": null } },
        "line": 59
      },
      "3": {
        "name": "(anonymous_3)",
        "decl": { "start": { "line": 72, "column": 24 }, "end": { "line": 72, "column": 38 } },
        "loc": { "start": { "line": 72, "column": 38 }, "end": { "line": 79, "column": null } },
        "line": 72
      }
    },
    "branchMap": {
      "0": {
        "loc": { "start": { "line": 30, "column": 2 }, "end": { "line": 30, "column": null } },
        "type": "default-arg",
        "locations": [
          { "start": { "line": 30, "column": 12 }, "end": { "line": 30, "column": null } }
        ],
        "line": 30
      },
      "1": {
        "loc": { "start": { "line": 31, "column": 2 }, "end": { "line": 31, "column": null } },
        "type": "default-arg",
        "locations": [
          { "start": { "line": 31, "column": 11 }, "end": { "line": 31, "column": null } }
        ],
        "line": 31
      },
      "2": {
        "loc": { "start": { "line": 32, "column": 2 }, "end": { "line": 32, "column": null } },
        "type": "default-arg",
        "locations": [
          { "start": { "line": 32, "column": 11 }, "end": { "line": 32, "column": null } }
        ],
        "line": 32
      },
      "3": {
        "loc": { "start": { "line": 33, "column": 2 }, "end": { "line": 33, "column": null } },
        "type": "default-arg",
        "locations": [
          { "start": { "line": 33, "column": 11 }, "end": { "line": 33, "column": null } }
        ],
        "line": 33
      },
      "4": {
        "loc": { "start": { "line": 34, "column": 2 }, "end": { "line": 34, "column": null } },
        "type": "default-arg",
        "locations": [
          { "start": { "line": 34, "column": 16 }, "end": { "line": 34, "column": null } }
        ],
        "line": 34
      },
      "5": {
        "loc": { "start": { "line": 35, "column": 2 }, "end": { "line": 35, "column": null } },
        "type": "default-arg",
        "locations": [
          { "start": { "line": 35, "column": 10 }, "end": { "line": 35, "column": null } }
        ],
        "line": 35
      },
      "6": {
        "loc": { "start": { "line": 39, "column": 4 }, "end": { "line": 39, "column": null } },
        "type": "if",
        "locations": [
          { "start": { "line": 39, "column": 4 }, "end": { "line": 39, "column": null } },
          { "start": {}, "end": {} }
        ],
        "line": 39
      },
      "7": {
        "loc": { "start": { "line": 42, "column": 4 }, "end": { "line": 54, "column": null } },
        "type": "switch",
        "locations": [
          { "start": { "line": 43, "column": 6 }, "end": { "line": 45, "column": null } },
          { "start": { "line": 46, "column": 6 }, "end": { "line": 48, "column": null } },
          { "start": { "line": 49, "column": 6 }, "end": { "line": 51, "column": null } },
          { "start": { "line": 52, "column": 6 }, "end": { "line": 53, "column": null } }
        ],
        "line": 42
      },
      "8": {
        "loc": { "start": { "line": 60, "column": 4 }, "end": { "line": 69, "column": null } },
        "type": "switch",
        "locations": [
          { "start": { "line": 61, "column": 6 }, "end": { "line": 62, "column": null } },
          { "start": { "line": 63, "column": 6 }, "end": { "line": 64, "column": null } },
          { "start": { "line": 65, "column": 6 }, "end": { "line": 66, "column": null } },
          { "start": { "line": 67, "column": 6 }, "end": { "line": 68, "column": null } }
        ],
        "line": 60
      },
      "9": {
        "loc": { "start": { "line": 73, "column": 4 }, "end": { "line": 73, "column": null } },
        "type": "if",
        "locations": [
          { "start": { "line": 73, "column": 4 }, "end": { "line": 73, "column": null } },
          { "start": {}, "end": {} }
        ],
        "line": 73
      },
      "10": {
        "loc": { "start": { "line": 74, "column": 4 }, "end": { "line": 74, "column": null } },
        "type": "if",
        "locations": [
          { "start": { "line": 74, "column": 4 }, "end": { "line": 74, "column": null } },
          { "start": {}, "end": {} }
        ],
        "line": 74
      },
      "11": {
        "loc": { "start": { "line": 75, "column": 4 }, "end": { "line": 77, "column": null } },
        "type": "if",
        "locations": [
          { "start": { "line": 75, "column": 4 }, "end": { "line": 77, "column": null } },
          { "start": {}, "end": {} }
        ],
        "line": 75
      },
      "12": {
        "loc": { "start": { "line": 76, "column": 13 }, "end": { "line": 76, "column": null } },
        "type": "cond-expr",
        "locations": [
          { "start": { "line": 76, "column": 27 }, "end": { "line": 76, "column": 46 } },
          { "start": { "line": 76, "column": 46 }, "end": { "line": 76, "column": null } }
        ],
        "line": 76
      },
      "13": {
        "loc": { "start": { "line": 89, "column": 13 }, "end": { "line": 98, "column": null } },
        "type": "binary-expr",
        "locations": [
          { "start": { "line": 89, "column": 13 }, "end": { "line": 89, "column": null } },
          { "start": { "line": 90, "column": 14 }, "end": { "line": 98, "column": null } }
        ],
        "line": 89
      },
      "14": {
        "loc": { "start": { "line": 93, "column": 20 }, "end": { "line": 94, "column": null } },
        "type": "binary-expr",
        "locations": [
          { "start": { "line": 94, "column": 21 }, "end": { "line": 94, "column": 42 } },
          { "start": { "line": 94, "column": 42 }, "end": { "line": 94, "column": 65 } },
          { "start": { "line": 94, "column": 65 }, "end": { "line": 94, "column": 81 } },
          { "start": { "line": 94, "column": 81 }, "end": { "line": 94, "column": null } }
        ],
        "line": 93
      },
      "15": {
        "loc": { "start": { "line": 102, "column": 11 }, "end": { "line": 103, "column": null } },
        "type": "binary-expr",
        "locations": [
          { "start": { "line": 102, "column": 11 }, "end": { "line": 102, "column": null } },
          { "start": { "line": 103, "column": 12 }, "end": { "line": 103, "column": null } }
        ],
        "line": 102
      }
    },
    "s": {
      "0": 2,
      "1": 266,
      "2": 266,
      "3": 114,
      "4": 152,
      "5": 0,
      "6": 0,
      "7": 0,
      "8": 0,
      "9": 0,
      "10": 0,
      "11": 152,
      "12": 152,
      "13": 266,
      "14": 266,
      "15": 76,
      "16": 0,
      "17": 0,
      "18": 190,
      "19": 266,
      "20": 38,
      "21": 0,
      "22": 38,
      "23": 0,
      "24": 38,
      "25": 38,
      "26": 0,
      "27": 266
    },
    "f": { "0": 266, "1": 266, "2": 266, "3": 38 },
    "b": {
      "0": [266],
      "1": [266],
      "2": [266],
      "3": [266],
      "4": [266],
      "5": [266],
      "6": [114, 152],
      "7": [152, 0, 0, 152],
      "8": [76, 0, 0, 190],
      "9": [0, 38],
      "10": [0, 38],
      "11": [38, 0],
      "12": [38, 0],
      "13": [266, 38],
      "14": [38, 38, 38, 0],
      "15": [266, 266]
    },
    "meta": {
      "lastBranch": 16,
      "lastFunction": 4,
      "lastStatement": 28,
      "seen": {
        "s:24:46:111:Infinity": 0,
        "f:24:46:24:47": 0,
        "b:30:12:30:Infinity": 0,
        "b:31:11:31:Infinity": 1,
        "b:32:11:32:Infinity": 2,
        "b:33:11:33:Infinity": 3,
        "b:34:16:34:Infinity": 4,
        "b:35:10:35:Infinity": 5,
        "s:38:22:57:Infinity": 1,
        "f:38:22:38:23": 1,
        "b:39:4:39:Infinity:undefined:undefined:undefined:undefined": 6,
        "s:39:4:39:Infinity": 2,
        "s:39:33:39:Infinity": 3,
        "b:43:6:45:Infinity:46:6:48:Infinity:49:6:51:Infinity:52:6:53:Infinity": 7,
        "s:42:4:54:Infinity": 4,
        "s:44:8:44:Infinity": 5,
        "s:45:8:45:Infinity": 6,
        "s:47:8:47:Infinity": 7,
        "s:48:8:48:Infinity": 8,
        "s:50:8:50:Infinity": 9,
        "s:51:8:51:Infinity": 10,
        "s:53:8:53:Infinity": 11,
        "s:56:4:56:Infinity": 12,
        "s:59:27:70:Infinity": 13,
        "f:59:27:59:41": 2,
        "b:61:6:62:Infinity:63:6:64:Infinity:65:6:66:Infinity:67:6:68:Infinity": 8,
        "s:60:4:69:Infinity": 14,
        "s:62:8:62:Infinity": 15,
        "s:64:8:64:Infinity": 16,
        "s:66:8:66:Infinity": 17,
        "s:68:8:68:Infinity": 18,
        "s:72:24:79:Infinity": 19,
        "f:72:24:72:38": 3,
        "b:73:4:73:Infinity:undefined:undefined:undefined:undefined": 9,
        "s:73:4:73:Infinity": 20,
        "s:73:24:73:Infinity": 21,
        "b:74:4:74:Infinity:undefined:undefined:undefined:undefined": 10,
        "s:74:4:74:Infinity": 22,
        "s:74:26:74:Infinity": 23,
        "b:75:4:77:Infinity:undefined:undefined:undefined:undefined": 11,
        "s:75:4:77:Infinity": 24,
        "s:76:6:76:Infinity": 25,
        "b:76:27:76:46:76:46:76:Infinity": 12,
        "s:78:4:78:Infinity": 26,
        "s:81:2:109:Infinity": 27,
        "b:89:13:89:Infinity:90:14:98:Infinity": 13,
        "b:94:21:94:42:94:42:94:65:94:65:94:81:94:81:94:Infinity": 14,
        "b:102:11:102:Infinity:103:12:103:Infinity": 15
      }
    }
  },
  "D:\\git\\do-novelist-ai\\src\\features\\analytics\\components\\AnalyticsDashboard.tsx": {
    "path": "D:\\git\\do-novelist-ai\\src\\features\\analytics\\components\\AnalyticsDashboard.tsx",
    "statementMap": {
      "0": { "start": { "line": 21, "column": 62 }, "end": { "line": 200, "column": null } },
      "1": { "start": { "line": 22, "column": 8 }, "end": { "line": 22, "column": null } },
      "2": { "start": { "line": 23, "column": 38 }, "end": { "line": 23, "column": null } },
      "3": { "start": { "line": 24, "column": 38 }, "end": { "line": 24, "column": null } },
      "4": { "start": { "line": 26, "column": 2 }, "end": { "line": 38, "column": null } },
      "5": { "start": { "line": 27, "column": 21 }, "end": { "line": 35, "column": null } },
      "6": { "start": { "line": 28, "column": 6 }, "end": { "line": 33, "column": null } },
      "7": { "start": { "line": 34, "column": 6 }, "end": { "line": 34, "column": null } },
      "8": { "start": { "line": 37, "column": 4 }, "end": { "line": 37, "column": null } },
      "9": { "start": { "line": 40, "column": 22 }, "end": { "line": 55, "column": null } },
      "10": { "start": { "line": 41, "column": 4 }, "end": { "line": 41, "column": null } },
      "11": { "start": { "line": 42, "column": 4 }, "end": { "line": 54, "column": null } },
      "12": { "start": { "line": 43, "column": 6 }, "end": { "line": 48, "column": null } },
      "13": { "start": { "line": 49, "column": 6 }, "end": { "line": 49, "column": null } },
      "14": { "start": { "line": 51, "column": 6 }, "end": { "line": 51, "column": null } },
      "15": { "start": { "line": 53, "column": 6 }, "end": { "line": 53, "column": null } },
      "16": { "start": { "line": 57, "column": 21 }, "end": { "line": 70, "column": null } },
      "17": { "start": { "line": 58, "column": 4 }, "end": { "line": 69, "column": null } },
      "18": { "start": { "line": 59, "column": 19 }, "end": { "line": 59, "column": null } },
      "19": { "start": { "line": 60, "column": 19 }, "end": { "line": 60, "column": null } },
      "20": { "start": { "line": 61, "column": 18 }, "end": { "line": 61, "column": null } },
      "21": { "start": { "line": 62, "column": 16 }, "end": { "line": 62, "column": null } },
      "22": { "start": { "line": 63, "column": 6 }, "end": { "line": 63, "column": null } },
      "23": { "start": { "line": 64, "column": 6 }, "end": { "line": 64, "column": null } },
      "24": { "start": { "line": 65, "column": 6 }, "end": { "line": 65, "column": null } },
      "25": { "start": { "line": 66, "column": 6 }, "end": { "line": 66, "column": null } },
      "26": { "start": { "line": 68, "column": 6 }, "end": { "line": 68, "column": null } },
      "27": { "start": { "line": 72, "column": 8 }, "end": { "line": 89, "column": null } },
      "28": { "start": { "line": 73, "column": 4 }, "end": { "line": 75, "column": null } },
      "29": { "start": { "line": 74, "column": 6 }, "end": { "line": 74, "column": null } },
      "30": { "start": { "line": 77, "column": 4 }, "end": { "line": 88, "column": null } },
      "31": { "start": { "line": 91, "column": 2 }, "end": { "line": 100, "column": null } },
      "32": { "start": { "line": 92, "column": 4 }, "end": { "line": 98, "column": null } },
      "33": { "start": { "line": 102, "column": 2 }, "end": { "line": 198, "column": null } },
      "34": { "start": { "line": 127, "column": 27 }, "end": { "line": 127, "column": null } },
      "35": { "start": { "line": 137, "column": 27 }, "end": { "line": 137, "column": null } },
      "36": { "start": { "line": 145, "column": 61 }, "end": { "line": 145, "column": 80 } }
    },
    "fnMap": {
      "0": {
        "name": "(anonymous_0)",
        "decl": { "start": { "line": 21, "column": 62 }, "end": { "line": 21, "column": 63 } },
        "loc": { "start": { "line": 21, "column": 99 }, "end": { "line": 200, "column": null } },
        "line": 21
      },
      "1": {
        "name": "(anonymous_1)",
        "decl": { "start": { "line": 26, "column": 12 }, "end": { "line": 26, "column": 18 } },
        "loc": { "start": { "line": 26, "column": 18 }, "end": { "line": 38, "column": 5 } },
        "line": 26
      },
      "2": {
        "name": "(anonymous_2)",
        "decl": { "start": { "line": 27, "column": 21 }, "end": { "line": 27, "column": 48 } },
        "loc": { "start": { "line": 27, "column": 48 }, "end": { "line": 35, "column": null } },
        "line": 27
      },
      "3": {
        "name": "(anonymous_3)",
        "decl": { "start": { "line": 40, "column": 22 }, "end": { "line": 40, "column": 49 } },
        "loc": { "start": { "line": 40, "column": 49 }, "end": { "line": 55, "column": null } },
        "line": 40
      },
      "4": {
        "name": "(anonymous_4)",
        "decl": { "start": { "line": 57, "column": 21 }, "end": { "line": 57, "column": 48 } },
        "loc": { "start": { "line": 57, "column": 48 }, "end": { "line": 70, "column": null } },
        "line": 57
      },
      "5": {
        "name": "(anonymous_5)",
        "decl": { "start": { "line": 72, "column": 24 }, "end": { "line": 72, "column": 30 } },
        "loc": { "start": { "line": 72, "column": 30 }, "end": { "line": 89, "column": 5 } },
        "line": 72
      },
      "6": {
        "name": "(anonymous_6)",
        "decl": { "start": { "line": 127, "column": 21 }, "end": { "line": 127, "column": 27 } },
        "loc": { "start": { "line": 127, "column": 27 }, "end": { "line": 127, "column": null } },
        "line": 127
      },
      "7": {
        "name": "(anonymous_7)",
        "decl": { "start": { "line": 137, "column": 21 }, "end": { "line": 137, "column": 27 } },
        "loc": { "start": { "line": 137, "column": 27 }, "end": { "line": 137, "column": null } },
        "line": 137
      },
      "8": {
        "name": "(anonymous_8)",
        "decl": { "start": { "line": 145, "column": 55 }, "end": { "line": 145, "column": 61 } },
        "loc": { "start": { "line": 145, "column": 61 }, "end": { "line": 145, "column": 80 } },
        "line": 145
      }
    },
    "branchMap": {
      "0": {
        "loc": { "start": { "line": 73, "column": 4 }, "end": { "line": 75, "column": null } },
        "type": "if",
        "locations": [
          { "start": { "line": 73, "column": 4 }, "end": { "line": 75, "column": null } },
          { "start": {}, "end": {} }
        ],
        "line": 73
      },
      "1": {
        "loc": { "start": { "line": 73, "column": 8 }, "end": { "line": 73, "column": 86 } },
        "type": "binary-expr",
        "locations": [
          { "start": { "line": 73, "column": 8 }, "end": { "line": 73, "column": 39 } },
          { "start": { "line": 73, "column": 39 }, "end": { "line": 73, "column": 65 } },
          { "start": { "line": 73, "column": 65 }, "end": { "line": 73, "column": 86 } }
        ],
        "line": 73
      },
      "2": {
        "loc": { "start": { "line": 91, "column": 2 }, "end": { "line": 100, "column": null } },
        "type": "if",
        "locations": [
          { "start": { "line": 91, "column": 2 }, "end": { "line": 100, "column": null } },
          { "start": {}, "end": {} }
        ],
        "line": 91
      },
      "3": {
        "loc": { "start": { "line": 91, "column": 6 }, "end": { "line": 91, "column": 37 } },
        "type": "binary-expr",
        "locations": [
          { "start": { "line": 91, "column": 6 }, "end": { "line": 91, "column": 29 } },
          { "start": { "line": 91, "column": 29 }, "end": { "line": 91, "column": 37 } }
        ],
        "line": 91
      },
      "4": {
        "loc": { "start": { "line": 130, "column": 13 }, "end": { "line": 130, "column": null } },
        "type": "cond-expr",
        "locations": [
          { "start": { "line": 130, "column": 28 }, "end": { "line": 130, "column": 66 } },
          { "start": { "line": 130, "column": 66 }, "end": { "line": 130, "column": null } }
        ],
        "line": 130
      },
      "5": {
        "loc": { "start": { "line": 131, "column": 13 }, "end": { "line": 131, "column": null } },
        "type": "cond-expr",
        "locations": [
          { "start": { "line": 131, "column": 28 }, "end": { "line": 131, "column": 40 } },
          { "start": { "line": 131, "column": 40 }, "end": { "line": 131, "column": null } }
        ],
        "line": 131
      },
      "6": {
        "loc": { "start": { "line": 141, "column": 53 }, "end": { "line": 141, "column": 83 } },
        "type": "binary-expr",
        "locations": [
          { "start": { "line": 141, "column": 53 }, "end": { "line": 141, "column": 69 } },
          { "start": { "line": 141, "column": 69 }, "end": { "line": 141, "column": 83 } }
        ],
        "line": 141
      },
      "7": {
        "loc": { "start": { "line": 157, "column": 9 }, "end": { "line": 195, "column": null } },
        "type": "binary-expr",
        "locations": [
          { "start": { "line": 157, "column": 9 }, "end": { "line": 157, "column": null } },
          { "start": { "line": 158, "column": 10 }, "end": { "line": 195, "column": null } }
        ],
        "line": 157
      },
      "8": {
        "loc": { "start": { "line": 170, "column": 13 }, "end": { "line": 193, "column": null } },
        "type": "binary-expr",
        "locations": [
          { "start": { "line": 170, "column": 13 }, "end": { "line": 170, "column": null } },
          { "start": { "line": 171, "column": 14 }, "end": { "line": 193, "column": null } }
        ],
        "line": 170
      }
    },
    "s": {
      "0": 1,
      "1": 13,
      "2": 13,
      "3": 13,
      "4": 13,
      "5": 10,
      "6": 10,
      "7": 10,
      "8": 10,
      "9": 13,
      "10": 1,
      "11": 1,
      "12": 1,
      "13": 1,
      "14": 0,
      "15": 1,
      "16": 13,
      "17": 1,
      "18": 1,
      "19": 1,
      "20": 1,
      "21": 1,
      "22": 1,
      "23": 1,
      "24": 1,
      "25": 1,
      "26": 0,
      "27": 13,
      "28": 10,
      "29": 2,
      "30": 8,
      "31": 13,
      "32": 1,
      "33": 12,
      "34": 1,
      "35": 1,
      "36": 1
    },
    "f": { "0": 13, "1": 10, "2": 10, "3": 1, "4": 1, "5": 10, "6": 1, "7": 1, "8": 1 },
    "b": {
      "0": [2, 8],
      "1": [10, 8, 8],
      "2": [1, 12],
      "3": [13, 1],
      "4": [11, 1],
      "5": [11, 1],
      "6": [13, 1],
      "7": [13, 11],
      "8": [11, 10]
    },
    "meta": {
      "lastBranch": 9,
      "lastFunction": 9,
      "lastStatement": 37,
      "seen": {
        "s:21:62:200:Infinity": 0,
        "f:21:62:21:63": 0,
        "s:22:8:22:Infinity": 1,
        "s:23:38:23:Infinity": 2,
        "s:24:38:24:Infinity": 3,
        "s:26:2:38:Infinity": 4,
        "f:26:12:26:18": 1,
        "s:27:21:35:Infinity": 5,
        "f:27:21:27:48": 2,
        "s:28:6:33:Infinity": 6,
        "s:34:6:34:Infinity": 7,
        "s:37:4:37:Infinity": 8,
        "s:40:22:55:Infinity": 9,
        "f:40:22:40:49": 3,
        "s:41:4:41:Infinity": 10,
        "s:42:4:54:Infinity": 11,
        "s:43:6:48:Infinity": 12,
        "s:49:6:49:Infinity": 13,
        "s:51:6:51:Infinity": 14,
        "s:53:6:53:Infinity": 15,
        "s:57:21:70:Infinity": 16,
        "f:57:21:57:48": 4,
        "s:58:4:69:Infinity": 17,
        "s:59:19:59:Infinity": 18,
        "s:60:19:60:Infinity": 19,
        "s:61:18:61:Infinity": 20,
        "s:62:16:62:Infinity": 21,
        "s:63:6:63:Infinity": 22,
        "s:64:6:64:Infinity": 23,
        "s:65:6:65:Infinity": 24,
        "s:66:6:66:Infinity": 25,
        "s:68:6:68:Infinity": 26,
        "s:72:8:89:Infinity": 27,
        "f:72:24:72:30": 5,
        "b:73:4:75:Infinity:undefined:undefined:undefined:undefined": 0,
        "s:73:4:75:Infinity": 28,
        "b:73:8:73:39:73:39:73:65:73:65:73:86": 1,
        "s:74:6:74:Infinity": 29,
        "s:77:4:88:Infinity": 30,
        "b:91:2:100:Infinity:undefined:undefined:undefined:undefined": 2,
        "s:91:2:100:Infinity": 31,
        "b:91:6:91:29:91:29:91:37": 3,
        "s:92:4:98:Infinity": 32,
        "s:102:2:198:Infinity": 33,
        "f:127:21:127:27": 6,
        "s:127:27:127:Infinity": 34,
        "b:130:28:130:66:130:66:130:Infinity": 4,
        "b:131:28:131:40:131:40:131:Infinity": 5,
        "f:137:21:137:27": 7,
        "s:137:27:137:Infinity": 35,
        "b:141:53:141:69:141:69:141:83": 6,
        "f:145:55:145:61": 8,
        "s:145:61:145:80": 36,
        "b:157:9:157:Infinity:158:10:195:Infinity": 7,
        "b:170:13:170:Infinity:171:14:193:Infinity": 8
      }
    }
  },
  "D:\\git\\do-novelist-ai\\src\\features\\analytics\\components\\GoalsProgress.tsx": {
    "path": "D:\\git\\do-novelist-ai\\src\\features\\analytics\\components\\GoalsProgress.tsx",
    "statementMap": {
      "0": { "start": { "line": 25, "column": 50 }, "end": { "line": 76, "column": null } },
      "1": { "start": { "line": 33, "column": 8 }, "end": { "line": 33, "column": null } },
      "2": { "start": { "line": 34, "column": 24 }, "end": { "line": 34, "column": null } },
      "3": { "start": { "line": 35, "column": 19 }, "end": { "line": 35, "column": null } },
      "4": { "start": { "line": 36, "column": 26 }, "end": { "line": 36, "column": null } },
      "5": { "start": { "line": 37, "column": 27 }, "end": { "line": 37, "column": null } },
      "6": { "start": { "line": 39, "column": 2 }, "end": { "line": 74, "column": null } },
      "7": { "start": { "line": 78, "column": 59 }, "end": { "line": 125, "column": null } },
      "8": { "start": { "line": 86, "column": 2 }, "end": { "line": 123, "column": null } }
    },
    "fnMap": {
      "0": {
        "name": "(anonymous_0)",
        "decl": { "start": { "line": 25, "column": 50 }, "end": { "line": 25, "column": 51 } },
        "loc": { "start": { "line": 32, "column": 6 }, "end": { "line": 76, "column": null } },
        "line": 32
      },
      "1": {
        "name": "(anonymous_1)",
        "decl": { "start": { "line": 78, "column": 59 }, "end": { "line": 78, "column": 60 } },
        "loc": { "start": { "line": 85, "column": 6 }, "end": { "line": 125, "column": null } },
        "line": 85
      }
    },
    "branchMap": {
      "0": {
        "loc": { "start": { "line": 28, "column": 2 }, "end": { "line": 28, "column": null } },
        "type": "default-arg",
        "locations": [
          { "start": { "line": 28, "column": 9 }, "end": { "line": 28, "column": null } }
        ],
        "line": 28
      },
      "1": {
        "loc": { "start": { "line": 29, "column": 2 }, "end": { "line": 29, "column": null } },
        "type": "default-arg",
        "locations": [
          { "start": { "line": 29, "column": 16 }, "end": { "line": 29, "column": null } }
        ],
        "line": 29
      },
      "2": {
        "loc": { "start": { "line": 30, "column": 2 }, "end": { "line": 30, "column": null } },
        "type": "default-arg",
        "locations": [
          { "start": { "line": 30, "column": 10 }, "end": { "line": 30, "column": null } }
        ],
        "line": 30
      },
      "3": {
        "loc": { "start": { "line": 72, "column": 9 }, "end": { "line": 72, "column": null } },
        "type": "binary-expr",
        "locations": [
          { "start": { "line": 72, "column": 9 }, "end": { "line": 72, "column": 26 } },
          { "start": { "line": 72, "column": 26 }, "end": { "line": 72, "column": null } }
        ],
        "line": 72
      },
      "4": {
        "loc": { "start": { "line": 82, "column": 2 }, "end": { "line": 82, "column": null } },
        "type": "default-arg",
        "locations": [
          { "start": { "line": 82, "column": 15 }, "end": { "line": 82, "column": null } }
        ],
        "line": 82
      }
    },
    "s": { "0": 1, "1": 30, "2": 30, "3": 30, "4": 30, "5": 30, "6": 30, "7": 1, "8": 10 },
    "f": { "0": 30, "1": 10 },
    "b": { "0": [30], "1": [30], "2": [30], "3": [30, 30], "4": [10] },
    "meta": {
      "lastBranch": 5,
      "lastFunction": 2,
      "lastStatement": 9,
      "seen": {
        "s:25:50:76:Infinity": 0,
        "f:25:50:25:51": 0,
        "b:28:9:28:Infinity": 0,
        "b:29:16:29:Infinity": 1,
        "b:30:10:30:Infinity": 2,
        "s:33:8:33:Infinity": 1,
        "s:34:24:34:Infinity": 2,
        "s:35:19:35:Infinity": 3,
        "s:36:26:36:Infinity": 4,
        "s:37:27:37:Infinity": 5,
        "s:39:2:74:Infinity": 6,
        "b:72:9:72:26:72:26:72:Infinity": 3,
        "s:78:59:125:Infinity": 7,
        "f:78:59:78:60": 1,
        "b:82:15:82:Infinity": 4,
        "s:86:2:123:Infinity": 8
      }
    }
  },
  "D:\\git\\do-novelist-ai\\src\\features\\analytics\\components\\ProductivityChart.tsx": {
    "path": "D:\\git\\do-novelist-ai\\src\\features\\analytics\\components\\ProductivityChart.tsx",
    "statementMap": {
      "0": { "start": { "line": 26, "column": 56 }, "end": { "line": 129, "column": null } },
      "1": { "start": { "line": 32, "column": 2 }, "end": { "line": 38, "column": null } },
      "2": { "start": { "line": 33, "column": 4 }, "end": { "line": 36, "column": null } },
      "3": { "start": { "line": 40, "column": 19 }, "end": { "line": 40, "column": null } },
      "4": { "start": { "line": 40, "column": 45 }, "end": { "line": 40, "column": 52 } },
      "5": { "start": { "line": 41, "column": 19 }, "end": { "line": 41, "column": null } },
      "6": { "start": { "line": 41, "column": 45 }, "end": { "line": 41, "column": 52 } },
      "7": { "start": { "line": 42, "column": 16 }, "end": { "line": 42, "column": null } },
      "8": { "start": { "line": 44, "column": 17 }, "end": { "line": 50, "column": null } },
      "9": { "start": { "line": 46, "column": 17 }, "end": { "line": 46, "column": null } },
      "10": { "start": { "line": 47, "column": 12 }, "end": { "line": 47, "column": null } },
      "11": { "start": { "line": 48, "column": 6 }, "end": { "line": 48, "column": null } },
      "12": { "start": { "line": 52, "column": 21 }, "end": { "line": 52, "column": null } },
      "13": { "start": { "line": 54, "column": 2 }, "end": { "line": 127, "column": null } },
      "14": { "start": { "line": 68, "column": 12 }, "end": { "line": 77, "column": null } },
      "15": { "start": { "line": 95, "column": 23 }, "end": { "line": 95, "column": null } },
      "16": { "start": { "line": 96, "column": 18 }, "end": { "line": 96, "column": null } },
      "17": { "start": { "line": 97, "column": 12 }, "end": { "line": 105, "column": null } },
      "18": { "start": { "line": 131, "column": 67 }, "end": { "line": 162, "column": null } },
      "19": { "start": { "line": 136, "column": 2 }, "end": { "line": 160, "column": null } }
    },
    "fnMap": {
      "0": {
        "name": "(anonymous_0)",
        "decl": { "start": { "line": 26, "column": 56 }, "end": { "line": 26, "column": 57 } },
        "loc": { "start": { "line": 31, "column": 6 }, "end": { "line": 129, "column": null } },
        "line": 31
      },
      "1": {
        "name": "(anonymous_1)",
        "decl": { "start": { "line": 40, "column": 40 }, "end": { "line": 40, "column": 45 } },
        "loc": { "start": { "line": 40, "column": 45 }, "end": { "line": 40, "column": 52 } },
        "line": 40
      },
      "2": {
        "name": "(anonymous_2)",
        "decl": { "start": { "line": 41, "column": 40 }, "end": { "line": 41, "column": 45 } },
        "loc": { "start": { "line": 41, "column": 45 }, "end": { "line": 41, "column": 52 } },
        "line": 41
      },
      "3": {
        "name": "(anonymous_3)",
        "decl": { "start": { "line": 45, "column": 9 }, "end": { "line": 45, "column": 10 } },
        "loc": { "start": { "line": 45, "column": 27 }, "end": { "line": 49, "column": 5 } },
        "line": 45
      },
      "4": {
        "name": "(anonymous_4)",
        "decl": { "start": { "line": 67, "column": 32 }, "end": { "line": 67, "column": null } },
        "loc": { "start": { "line": 68, "column": 12 }, "end": { "line": 77, "column": null } },
        "line": 68
      },
      "5": {
        "name": "(anonymous_5)",
        "decl": { "start": { "line": 94, "column": 20 }, "end": { "line": 94, "column": 21 } },
        "loc": { "start": { "line": 94, "column": 38 }, "end": { "line": 107, "column": 11 } },
        "line": 94
      },
      "6": {
        "name": "(anonymous_6)",
        "decl": { "start": { "line": 131, "column": 67 }, "end": { "line": 131, "column": 68 } },
        "loc": { "start": { "line": 135, "column": 6 }, "end": { "line": 162, "column": null } },
        "line": 135
      }
    },
    "branchMap": {
      "0": {
        "loc": { "start": { "line": 29, "column": 2 }, "end": { "line": 29, "column": null } },
        "type": "default-arg",
        "locations": [
          { "start": { "line": 29, "column": 10 }, "end": { "line": 29, "column": null } }
        ],
        "line": 29
      },
      "1": {
        "loc": { "start": { "line": 30, "column": 2 }, "end": { "line": 30, "column": null } },
        "type": "default-arg",
        "locations": [
          { "start": { "line": 30, "column": 11 }, "end": { "line": 30, "column": null } }
        ],
        "line": 30
      },
      "2": {
        "loc": { "start": { "line": 32, "column": 2 }, "end": { "line": 38, "column": null } },
        "type": "if",
        "locations": [
          { "start": { "line": 32, "column": 2 }, "end": { "line": 38, "column": null } },
          { "start": {}, "end": {} }
        ],
        "line": 32
      },
      "3": {
        "loc": { "start": { "line": 42, "column": 16 }, "end": { "line": 42, "column": null } },
        "type": "binary-expr",
        "locations": [
          { "start": { "line": 42, "column": 16 }, "end": { "line": 42, "column": 39 } },
          { "start": { "line": 42, "column": 39 }, "end": { "line": 42, "column": null } }
        ],
        "line": 42
      },
      "4": {
        "loc": { "start": { "line": 121, "column": 15 }, "end": { "line": 121, "column": 47 } },
        "type": "binary-expr",
        "locations": [
          { "start": { "line": 121, "column": 15 }, "end": { "line": 121, "column": 33 } },
          { "start": { "line": 121, "column": 33 }, "end": { "line": 121, "column": 47 } }
        ],
        "line": 121
      },
      "5": {
        "loc": { "start": { "line": 123, "column": 11 }, "end": { "line": 123, "column": null } },
        "type": "binary-expr",
        "locations": [
          { "start": { "line": 123, "column": 11 }, "end": { "line": 123, "column": 55 } },
          { "start": { "line": 123, "column": 55 }, "end": { "line": 123, "column": null } }
        ],
        "line": 123
      },
      "6": {
        "loc": { "start": { "line": 125, "column": 15 }, "end": { "line": 125, "column": 75 } },
        "type": "binary-expr",
        "locations": [
          { "start": { "line": 125, "column": 15 }, "end": { "line": 125, "column": 47 } },
          { "start": { "line": 125, "column": 47 }, "end": { "line": 125, "column": 75 } }
        ],
        "line": 125
      }
    },
    "s": {
      "0": 1,
      "1": 20,
      "2": 0,
      "3": 20,
      "4": 60,
      "5": 20,
      "6": 60,
      "7": 20,
      "8": 20,
      "9": 60,
      "10": 60,
      "11": 60,
      "12": 20,
      "13": 20,
      "14": 80,
      "15": 60,
      "16": 60,
      "17": 60,
      "18": 1,
      "19": 10
    },
    "f": { "0": 20, "1": 60, "2": 60, "3": 60, "4": 80, "5": 60, "6": 10 },
    "b": {
      "0": [20],
      "1": [20],
      "2": [0, 20],
      "3": [20, 0],
      "4": [20, 20],
      "5": [20, 20],
      "6": [20, 20]
    },
    "meta": {
      "lastBranch": 7,
      "lastFunction": 7,
      "lastStatement": 20,
      "seen": {
        "s:26:56:129:Infinity": 0,
        "f:26:56:26:57": 0,
        "b:29:10:29:Infinity": 0,
        "b:30:11:30:Infinity": 1,
        "b:32:2:38:Infinity:undefined:undefined:undefined:undefined": 2,
        "s:32:2:38:Infinity": 1,
        "s:33:4:36:Infinity": 2,
        "s:40:19:40:Infinity": 3,
        "f:40:40:40:45": 1,
        "s:40:45:40:52": 4,
        "s:41:19:41:Infinity": 5,
        "f:41:40:41:45": 2,
        "s:41:45:41:52": 6,
        "s:42:16:42:Infinity": 7,
        "b:42:16:42:39:42:39:42:Infinity": 3,
        "s:44:17:50:Infinity": 8,
        "f:45:9:45:10": 3,
        "s:46:17:46:Infinity": 9,
        "s:47:12:47:Infinity": 10,
        "s:48:6:48:Infinity": 11,
        "s:52:21:52:Infinity": 12,
        "s:54:2:127:Infinity": 13,
        "f:67:32:67:Infinity": 4,
        "s:68:12:77:Infinity": 14,
        "f:94:20:94:21": 5,
        "s:95:23:95:Infinity": 15,
        "s:96:18:96:Infinity": 16,
        "s:97:12:105:Infinity": 17,
        "b:121:15:121:33:121:33:121:47": 4,
        "b:123:11:123:55:123:55:123:Infinity": 5,
        "b:125:15:125:47:125:47:125:75": 6,
        "s:131:67:162:Infinity": 18,
        "f:131:67:131:68": 6,
        "s:136:2:160:Infinity": 19
      }
    }
  },
  "D:\\git\\do-novelist-ai\\src\\features\\analytics\\components\\SessionTimeline.tsx": {
    "path": "D:\\git\\do-novelist-ai\\src\\features\\analytics\\components\\SessionTimeline.tsx",
    "statementMap": {
      "0": { "start": { "line": 19, "column": 63 }, "end": { "line": 93, "column": null } },
      "1": { "start": { "line": 20, "column": 2 }, "end": { "line": 91, "column": null } }
    },
    "fnMap": {
      "0": {
        "name": "(anonymous_0)",
        "decl": { "start": { "line": 19, "column": 63 }, "end": { "line": 19, "column": 64 } },
        "loc": { "start": { "line": 19, "column": 92 }, "end": { "line": 93, "column": null } },
        "line": 19
      }
    },
    "branchMap": {
      "0": {
        "loc": { "start": { "line": 53, "column": 17 }, "end": { "line": 53, "column": 79 } },
        "type": "cond-expr",
        "locations": [
          { "start": { "line": 53, "column": 47 }, "end": { "line": 53, "column": 59 } },
          { "start": { "line": 53, "column": 59 }, "end": { "line": 53, "column": 79 } }
        ],
        "line": 53
      },
      "1": {
        "loc": { "start": { "line": 66, "column": 17 }, "end": { "line": 68, "column": 49 } },
        "type": "cond-expr",
        "locations": [
          { "start": { "line": 67, "column": 20 }, "end": { "line": 67, "column": null } },
          { "start": { "line": 68, "column": 20 }, "end": { "line": 68, "column": 49 } }
        ],
        "line": 66
      },
      "2": {
        "loc": { "start": { "line": 81, "column": 17 }, "end": { "line": 85, "column": null } },
        "type": "cond-expr",
        "locations": [
          { "start": { "line": 82, "column": 20 }, "end": { "line": 82, "column": null } },
          { "start": { "line": 83, "column": 20 }, "end": { "line": 85, "column": null } }
        ],
        "line": 81
      },
      "3": {
        "loc": { "start": { "line": 83, "column": 20 }, "end": { "line": 85, "column": null } },
        "type": "cond-expr",
        "locations": [
          { "start": { "line": 84, "column": 22 }, "end": { "line": 84, "column": null } },
          { "start": { "line": 85, "column": 22 }, "end": { "line": 85, "column": null } }
        ],
        "line": 83
      }
    },
    "s": { "0": 1, "1": 10 },
    "f": { "0": 10 },
    "b": { "0": [0, 10], "1": [0, 10], "2": [10, 0], "3": [0, 0] },
    "meta": {
      "lastBranch": 4,
      "lastFunction": 1,
      "lastStatement": 2,
      "seen": {
        "s:19:63:93:Infinity": 0,
        "f:19:63:19:64": 0,
        "s:20:2:91:Infinity": 1,
        "b:53:47:53:59:53:59:53:79": 0,
        "b:67:20:67:Infinity:68:20:68:49": 1,
        "b:82:20:82:Infinity:83:20:85:Infinity": 2,
        "b:84:22:84:Infinity:85:22:85:Infinity": 3
      }
    }
  },
  "D:\\git\\do-novelist-ai\\src\\features\\analytics\\components\\WritingStatsCard.tsx": {
    "path": "D:\\git\\do-novelist-ai\\src\\features\\analytics\\components\\WritingStatsCard.tsx",
    "statementMap": {
      "0": { "start": { "line": 19, "column": 65 }, "end": { "line": 121, "column": null } },
      "1": { "start": { "line": 30, "column": 31 }, "end": { "line": 30, "column": null } },
      "2": { "start": { "line": 31, "column": 20 }, "end": { "line": 31, "column": null } },
      "3": { "start": { "line": 32, "column": 22 }, "end": { "line": 32, "column": null } },
      "4": { "start": { "line": 34, "column": 2 }, "end": { "line": 119, "column": null } }
    },
    "fnMap": {
      "0": {
        "name": "(anonymous_0)",
        "decl": { "start": { "line": 19, "column": 65 }, "end": { "line": 19, "column": 66 } },
        "loc": { "start": { "line": 29, "column": 6 }, "end": { "line": 121, "column": null } },
        "line": 29
      }
    },
    "branchMap": {},
    "s": { "0": 2, "1": 38, "2": 38, "3": 38, "4": 38 },
    "f": { "0": 38 },
    "b": {},
    "meta": {
      "lastBranch": 0,
      "lastFunction": 1,
      "lastStatement": 5,
      "seen": {
        "s:19:65:121:Infinity": 0,
        "f:19:65:19:66": 0,
        "s:30:31:30:Infinity": 1,
        "s:31:20:31:Infinity": 2,
        "s:32:22:32:Infinity": 3,
        "s:34:2:119:Infinity": 4
      }
    }
  },
  "D:\\git\\do-novelist-ai\\src\\features\\analytics\\services\\analyticsService.ts": {
    "path": "D:\\git\\do-novelist-ai\\src\\features\\analytics\\services\\analyticsService.ts",
    "statementMap": {
      "0": { "start": { "line": 20, "column": 22 }, "end": { "line": 20, "column": null } },
      "1": { "start": { "line": 20, "column": 67 }, "end": { "line": 20, "column": null } },
      "2": { "start": { "line": 22, "column": 22 }, "end": { "line": 22, "column": null } },
      "3": { "start": { "line": 25, "column": 2 }, "end": { "line": 25, "column": null } },
      "4": { "start": { "line": 26, "column": 2 }, "end": { "line": 26, "column": null } },
      "5": { "start": { "line": 27, "column": 2 }, "end": { "line": 27, "column": null } },
      "6": { "start": { "line": 28, "column": 2 }, "end": { "line": 28, "column": null } },
      "7": { "start": { "line": 31, "column": 4 }, "end": { "line": 31, "column": null } },
      "8": { "start": { "line": 35, "column": 15 }, "end": { "line": 35, "column": null } },
      "9": { "start": { "line": 36, "column": 16 }, "end": { "line": 36, "column": null } },
      "10": { "start": { "line": 38, "column": 40 }, "end": { "line": 52, "column": null } },
      "11": { "start": { "line": 54, "column": 4 }, "end": { "line": 54, "column": null } },
      "12": { "start": { "line": 55, "column": 4 }, "end": { "line": 55, "column": null } },
      "13": { "start": { "line": 56, "column": 4 }, "end": { "line": 56, "column": null } },
      "14": { "start": { "line": 69, "column": 20 }, "end": { "line": 69, "column": null } },
      "15": { "start": { "line": 70, "column": 4 }, "end": { "line": 72, "column": null } },
      "16": { "start": { "line": 71, "column": 6 }, "end": { "line": 71, "column": null } },
      "17": { "start": { "line": 74, "column": 20 }, "end": { "line": 74, "column": null } },
      "18": { "start": { "line": 75, "column": 21 }, "end": { "line": 75, "column": null } },
      "19": { "start": { "line": 76, "column": 20 }, "end": { "line": 76, "column": null } },
      "20": { "start": { "line": 78, "column": 36 }, "end": { "line": 89, "column": null } },
      "21": { "start": { "line": 91, "column": 4 }, "end": { "line": 91, "column": null } },
      "22": { "start": { "line": 92, "column": 4 }, "end": { "line": 92, "column": null } },
      "23": { "start": { "line": 96, "column": 20 }, "end": { "line": 96, "column": null } },
      "24": { "start": { "line": 97, "column": 4 }, "end": { "line": 99, "column": null } },
      "25": { "start": { "line": 98, "column": 6 }, "end": { "line": 98, "column": null } },
      "26": { "start": { "line": 101, "column": 36 }, "end": { "line": 106, "column": null } },
      "27": { "start": { "line": 108, "column": 4 }, "end": { "line": 108, "column": null } },
      "28": { "start": { "line": 109, "column": 4 }, "end": { "line": 109, "column": null } },
      "29": { "start": { "line": 113, "column": 23 }, "end": { "line": 116, "column": null } },
      "30": { "start": { "line": 114, "column": 24 }, "end": { "line": 114, "column": null } },
      "31": { "start": { "line": 117, "column": 26 }, "end": { "line": 117, "column": null } },
      "32": { "start": { "line": 118, "column": 30 }, "end": { "line": 120, "column": null } },
      "33": { "start": { "line": 119, "column": 17 }, "end": { "line": 119, "column": null } },
      "34": { "start": { "line": 121, "column": 33 }, "end": { "line": 121, "column": null } },
      "35": { "start": { "line": 122, "column": 28 }, "end": { "line": 122, "column": null } },
      "36": { "start": { "line": 123, "column": 25 }, "end": { "line": 123, "column": null } },
      "37": { "start": { "line": 125, "column": 4 }, "end": { "line": 158, "column": null } },
      "38": { "start": { "line": 135, "column": 52 }, "end": { "line": 135, "column": 81 } },
      "39": { "start": { "line": 142, "column": 50 }, "end": { "line": 145, "column": 8 } },
      "40": { "start": { "line": 147, "column": 21 }, "end": { "line": 152, "column": null } },
      "41": { "start": { "line": 154, "column": 8 }, "end": { "line": 156, "column": null } },
      "42": { "start": { "line": 162, "column": 4 }, "end": { "line": 166, "column": null } },
      "43": { "start": { "line": 164, "column": 16 }, "end": { "line": 164, "column": null } },
      "44": { "start": { "line": 170, "column": 15 }, "end": { "line": 170, "column": null } },
      "45": { "start": { "line": 171, "column": 34 }, "end": { "line": 179, "column": null } },
      "46": { "start": { "line": 181, "column": 4 }, "end": { "line": 181, "column": null } },
      "47": { "start": { "line": 182, "column": 4 }, "end": { "line": 182, "column": null } },
      "48": { "start": { "line": 186, "column": 17 }, "end": { "line": 186, "column": null } },
      "49": { "start": { "line": 187, "column": 4 }, "end": { "line": 189, "column": null } },
      "50": { "start": { "line": 188, "column": 6 }, "end": { "line": 188, "column": null } },
      "51": { "start": { "line": 191, "column": 4 }, "end": { "line": 195, "column": null } },
      "52": { "start": { "line": 197, "column": 4 }, "end": { "line": 197, "column": null } },
      "53": { "start": { "line": 198, "column": 4 }, "end": { "line": 198, "column": null } },
      "54": { "start": { "line": 202, "column": 4 }, "end": { "line": 202, "column": null } },
      "55": { "start": { "line": 203, "column": 4 }, "end": { "line": 203, "column": null } },
      "56": { "start": { "line": 207, "column": 18 }, "end": { "line": 210, "column": null } },
      "57": { "start": { "line": 212, "column": 25 }, "end": { "line": 212, "column": null } },
      "58": { "start": { "line": 213, "column": 23 }, "end": { "line": 213, "column": null } },
      "59": { "start": { "line": 213, "column": 58 }, "end": { "line": 213, "column": 83 } },
      "60": { "start": { "line": 214, "column": 22 }, "end": { "line": 214, "column": null } },
      "61": { "start": { "line": 214, "column": 57 }, "end": { "line": 214, "column": 86 } },
      "62": { "start": { "line": 215, "column": 26 }, "end": { "line": 215, "column": null } },
      "63": { "start": { "line": 215, "column": 61 }, "end": { "line": 215, "column": 87 } },
      "64": { "start": { "line": 217, "column": 32 }, "end": { "line": 217, "column": null } },
      "65": { "start": { "line": 219, "column": 6 }, "end": { "line": 224, "column": null } },
      "66": { "start": { "line": 221, "column": 27 }, "end": { "line": 221, "column": null } },
      "67": { "start": { "line": 226, "column": 22 }, "end": { "line": 228, "column": null } },
      "68": { "start": { "line": 227, "column": 19 }, "end": { "line": 227, "column": 39 } },
      "69": { "start": { "line": 228, "column": 36 }, "end": { "line": 228, "column": 85 } },
      "70": { "start": { "line": 230, "column": 26 }, "end": { "line": 230, "column": null } },
      "71": { "start": { "line": 231, "column": 29 }, "end": { "line": 231, "column": null } },
      "72": { "start": { "line": 233, "column": 4 }, "end": { "line": 261, "column": null } },
      "73": { "start": { "line": 248, "column": 25 }, "end": { "line": 248, "column": null } },
      "74": { "start": { "line": 253, "column": 49 }, "end": { "line": 253, "column": 84 } },
      "75": { "start": { "line": 265, "column": 18 }, "end": { "line": 265, "column": null } },
      "76": { "start": { "line": 266, "column": 16 }, "end": { "line": 266, "column": null } },
      "77": { "start": { "line": 267, "column": 4 }, "end": { "line": 267, "column": null } },
      "78": { "start": { "line": 269, "column": 18 }, "end": { "line": 269, "column": null } },
      "79": { "start": { "line": 270, "column": 23 }, "end": { "line": 270, "column": null } },
      "80": { "start": { "line": 270, "column": 51 }, "end": { "line": 270, "column": 76 } },
      "81": { "start": { "line": 271, "column": 22 }, "end": { "line": 271, "column": null } },
      "82": { "start": { "line": 271, "column": 50 }, "end": { "line": 271, "column": 79 } },
      "83": { "start": { "line": 274, "column": 6 }, "end": { "line": 276, "column": null } },
      "84": { "start": { "line": 275, "column": 42 }, "end": { "line": 275, "column": 98 } },
      "85": { "start": { "line": 278, "column": 4 }, "end": { "line": 291, "column": null } },
      "86": { "start": { "line": 295, "column": 16 }, "end": { "line": 295, "column": null } },
      "87": { "start": { "line": 296, "column": 37 }, "end": { "line": 296, "column": null } },
      "88": { "start": { "line": 298, "column": 4 }, "end": { "line": 308, "column": null } },
      "89": { "start": { "line": 298, "column": 17 }, "end": { "line": 298, "column": 27 } },
      "90": { "start": { "line": 299, "column": 19 }, "end": { "line": 299, "column": null } },
      "91": { "start": { "line": 300, "column": 6 }, "end": { "line": 300, "column": null } },
      "92": { "start": { "line": 301, "column": 22 }, "end": { "line": 301, "column": null } },
      "93": { "start": { "line": 302, "column": 20 }, "end": { "line": 302, "column": null } },
      "94": { "start": { "line": 304, "column": 6 }, "end": { "line": 307, "column": null } },
      "95": { "start": { "line": 310, "column": 4 }, "end": { "line": 310, "column": null } },
      "96": { "start": { "line": 314, "column": 22 }, "end": { "line": 314, "column": null } },
      "97": { "start": { "line": 315, "column": 4 }, "end": { "line": 315, "column": null } },
      "98": { "start": { "line": 315, "column": 33 }, "end": { "line": 315, "column": null } },
      "99": { "start": { "line": 318, "column": 6 }, "end": { "line": 318, "column": null } },
      "100": { "start": { "line": 319, "column": 16 }, "end": { "line": 319, "column": null } },
      "101": { "start": { "line": 321, "column": 21 }, "end": { "line": 321, "column": null } },
      "102": { "start": { "line": 322, "column": 25 }, "end": { "line": 322, "column": null } },
      "103": { "start": { "line": 323, "column": 27 }, "end": { "line": 323, "column": null } },
      "104": { "start": { "line": 325, "column": 4 }, "end": { "line": 340, "column": null } },
      "105": { "start": { "line": 326, "column": 32 }, "end": { "line": 336, "column": null } },
      "106": { "start": { "line": 338, "column": 6 }, "end": { "line": 338, "column": null } },
      "107": { "start": { "line": 339, "column": 6 }, "end": { "line": 339, "column": null } },
      "108": { "start": { "line": 342, "column": 26 }, "end": { "line": 342, "column": null } },
      "109": { "start": { "line": 343, "column": 29 }, "end": { "line": 343, "column": null } },
      "110": { "start": { "line": 344, "column": 23 }, "end": { "line": 344, "column": null } },
      "111": { "start": { "line": 345, "column": 22 }, "end": { "line": 345, "column": null } },
      "112": { "start": { "line": 346, "column": 26 }, "end": { "line": 346, "column": null } },
      "113": { "start": { "line": 347, "column": 25 }, "end": { "line": 347, "column": null } },
      "114": { "start": { "line": 349, "column": 4 }, "end": { "line": 349, "column": null } },
      "115": { "start": { "line": 350, "column": 4 }, "end": { "line": 350, "column": null } },
      "116": { "start": { "line": 351, "column": 4 }, "end": { "line": 351, "column": null } },
      "117": { "start": { "line": 352, "column": 4 }, "end": { "line": 352, "column": null } },
      "118": { "start": { "line": 353, "column": 4 }, "end": { "line": 353, "column": null } },
      "119": { "start": { "line": 354, "column": 4 }, "end": { "line": 354, "column": null } },
      "120": { "start": { "line": 355, "column": 4 }, "end": { "line": 355, "column": null } },
      "121": { "start": { "line": 357, "column": 4 }, "end": { "line": 357, "column": null } },
      "122": { "start": { "line": 358, "column": 4 }, "end": { "line": 358, "column": null } },
      "123": { "start": { "line": 362, "column": 4 }, "end": { "line": 365, "column": null } },
      "124": { "start": { "line": 363, "column": 25 }, "end": { "line": 363, "column": 56 } },
      "125": { "start": { "line": 364, "column": 26 }, "end": { "line": 364, "column": 31 } },
      "126": { "start": { "line": 365, "column": 22 }, "end": { "line": 365, "column": 50 } },
      "127": { "start": { "line": 369, "column": 21 }, "end": { "line": 369, "column": null } },
      "128": { "start": { "line": 370, "column": 19 }, "end": { "line": 370, "column": null } },
      "129": { "start": { "line": 372, "column": 4 }, "end": { "line": 374, "column": null } },
      "130": { "start": { "line": 373, "column": 22 }, "end": { "line": 373, "column": 66 } },
      "131": { "start": { "line": 374, "column": 22 }, "end": { "line": 374, "column": 50 } },
      "132": { "start": { "line": 378, "column": 25 }, "end": { "line": 378, "column": null } },
      "133": { "start": { "line": 379, "column": 18 }, "end": { "line": 379, "column": null } },
      "134": { "start": { "line": 379, "column": 39 }, "end": { "line": 379, "column": 60 } },
      "135": { "start": { "line": 379, "column": 74 }, "end": { "line": 379, "column": 83 } },
      "136": { "start": { "line": 381, "column": 4 }, "end": { "line": 385, "column": null } },
      "137": { "start": { "line": 389, "column": 4 }, "end": { "line": 389, "column": null } },
      "138": { "start": { "line": 389, "column": 28 }, "end": { "line": 389, "column": null } },
      "139": { "start": { "line": 391, "column": 18 }, "end": { "line": 391, "column": null } },
      "140": { "start": { "line": 392, "column": 18 }, "end": { "line": 392, "column": null } },
      "141": { "start": { "line": 393, "column": 36 }, "end": { "line": 393, "column": null } },
      "142": { "start": { "line": 395, "column": 4 }, "end": { "line": 412, "column": null } },
      "143": { "start": { "line": 396, "column": 6 }, "end": { "line": 400, "column": null } },
      "144": { "start": { "line": 397, "column": 8 }, "end": { "line": 397, "column": null } },
      "145": { "start": { "line": 398, "column": 8 }, "end": { "line": 398, "column": null } },
      "146": { "start": { "line": 399, "column": 8 }, "end": { "line": 399, "column": null } },
      "147": { "start": { "line": 402, "column": 26 }, "end": { "line": 402, "column": null } },
      "148": { "start": { "line": 403, "column": 6 }, "end": { "line": 408, "column": null } },
      "149": { "start": { "line": 404, "column": 8 }, "end": { "line": 404, "column": null } },
      "150": { "start": { "line": 406, "column": 14 }, "end": { "line": 406, "column": null } },
      "151": { "start": { "line": 407, "column": 8 }, "end": { "line": 407, "column": null } },
      "152": { "start": { "line": 410, "column": 6 }, "end": { "line": 410, "column": null } },
      "153": { "start": { "line": 411, "column": 6 }, "end": { "line": 411, "column": null } },
      "154": { "start": { "line": 414, "column": 4 }, "end": { "line": 414, "column": null } },
      "155": { "start": { "line": 418, "column": 22 }, "end": { "line": 418, "column": null } },
      "156": { "start": { "line": 420, "column": 4 }, "end": { "line": 424, "column": null } },
      "157": { "start": { "line": 421, "column": 19 }, "end": { "line": 421, "column": null } },
      "158": { "start": { "line": 422, "column": 18 }, "end": { "line": 422, "column": null } },
      "159": { "start": { "line": 423, "column": 6 }, "end": { "line": 423, "column": null } },
      "160": { "start": { "line": 426, "column": 4 }, "end": { "line": 429, "column": null } },
      "161": { "start": { "line": 427, "column": 22 }, "end": { "line": 427, "column": 33 } },
      "162": { "start": { "line": 429, "column": 22 }, "end": { "line": 429, "column": 25 } },
      "163": { "start": { "line": 433, "column": 19 }, "end": { "line": 433, "column": null } },
      "164": { "start": { "line": 434, "column": 16 }, "end": { "line": 434, "column": null } },
      "165": { "start": { "line": 435, "column": 10 }, "end": { "line": 435, "column": null } },
      "166": { "start": { "line": 436, "column": 4 }, "end": { "line": 436, "column": null } },
      "167": { "start": { "line": 437, "column": 4 }, "end": { "line": 437, "column": null } },
      "168": { "start": { "line": 438, "column": 4 }, "end": { "line": 438, "column": null } },
      "169": { "start": { "line": 442, "column": 4 }, "end": { "line": 442, "column": null } },
      "170": { "start": { "line": 446, "column": 32 }, "end": { "line": 446, "column": null } }
    },
    "fnMap": {
      "0": {
        "name": "(anonymous_0)",
        "decl": { "start": { "line": 20, "column": 22 }, "end": { "line": 20, "column": 23 } },
        "loc": { "start": { "line": 20, "column": 67 }, "end": { "line": 20, "column": null } },
        "line": 20
      },
      "1": {
        "name": "(anonymous_1)",
        "decl": { "start": { "line": 24, "column": 0 }, "end": { "line": 24, "column": 6 } },
        "loc": { "start": { "line": 24, "column": 0 }, "end": { "line": 28, "column": null } },
        "line": 24
      },
      "2": {
        "name": "(anonymous_2)",
        "decl": { "start": { "line": 30, "column": 15 }, "end": { "line": 30, "column": 37 } },
        "loc": { "start": { "line": 30, "column": 37 }, "end": { "line": 32, "column": null } },
        "line": 30
      },
      "3": {
        "name": "(anonymous_3)",
        "decl": { "start": { "line": 34, "column": 15 }, "end": { "line": 34, "column": 35 } },
        "loc": { "start": { "line": 34, "column": 99 }, "end": { "line": 57, "column": null } },
        "line": 34
      },
      "4": {
        "name": "(anonymous_4)",
        "decl": { "start": { "line": 59, "column": 15 }, "end": { "line": 59, "column": null } },
        "loc": { "start": { "line": 68, "column": 19 }, "end": { "line": 93, "column": null } },
        "line": 68
      },
      "5": {
        "name": "(anonymous_5)",
        "decl": { "start": { "line": 95, "column": 15 }, "end": { "line": 95, "column": 29 } },
        "loc": { "start": { "line": 95, "column": 90 }, "end": { "line": 110, "column": null } },
        "line": 95
      },
      "6": {
        "name": "(anonymous_6)",
        "decl": { "start": { "line": 112, "column": 15 }, "end": { "line": 112, "column": 35 } },
        "loc": { "start": { "line": 112, "column": 80 }, "end": { "line": 159, "column": null } },
        "line": 112
      },
      "7": {
        "name": "(anonymous_7)",
        "decl": { "start": { "line": 114, "column": 6 }, "end": { "line": 114, "column": 7 } },
        "loc": { "start": { "line": 114, "column": 24 }, "end": { "line": 114, "column": null } },
        "line": 114
      },
      "8": {
        "name": "(anonymous_8)",
        "decl": { "start": { "line": 119, "column": 6 }, "end": { "line": 119, "column": 17 } },
[...]
        "s:105:2:105:Infinity": 8,
        "f:111:16:111:32": 9,
        "s:112:2:112:Infinity": 9,
        "f:118:16:118:32": 10,
        "s:119:2:119:Infinity": 10,
        "f:129:16:129:28": 11,
        "s:130:2:130:Infinity": 11,
        "b:130:9:130:38:130:38:130:Infinity": 0,
        "f:133:16:133:32": 12,
        "b:133:44:133:67": 1,
        "s:134:2:134:Infinity": 12,
        "f:140:16:140:28": 13,
        "s:141:2:141:Infinity": 13,
        "b:141:9:141:38:141:38:141:Infinity": 2,
        "f:144:16:144:Infinity": 14,
        "b:146:9:146:Infinity": 3,
        "b:147:14:147:Infinity": 4,
        "s:149:2:149:Infinity": 14,
        "f:155:16:155:24": 15,
        "s:156:2:158:Infinity": 15,
        "b:157:4:157:Infinity:158:4:158:Infinity": 5,
        "f:162:16:162:37": 16,
        "s:163:2:163:Infinity": 16,
        "f:169:16:169:30": 17,
        "s:170:2:170:Infinity": 17,
        "b:170:9:170:38:170:38:170:Infinity": 6,
        "f:176:16:176:28": 18,
        "s:177:2:177:Infinity": 18,
        "b:177:9:177:38:177:38:177:55:177:55:177:74:177:74:177:Infinity": 7,
        "f:180:16:180:32": 19,
        "b:181:2:183:Infinity:undefined:undefined:undefined:undefined": 8,
        "s:181:2:183:Infinity": 19,
        "s:182:4:182:Infinity": 20,
        "s:184:2:184:Infinity": 21,
        "f:190:16:190:30": 20,
        "s:191:2:191:Infinity": 22,
        "b:191:9:191:38:191:38:191:52:191:52:191:Infinity": 9,
        "f:194:16:194:34": 21,
        "b:195:2:197:Infinity:undefined:undefined:undefined:undefined": 10,
        "s:195:2:197:Infinity": 23,
        "s:196:4:196:Infinity": 24,
        "s:198:2:198:Infinity": 25,
        "f:208:16:208:31": 22,
        "s:209:2:209:Infinity": 26,
        "b:209:9:209:33:209:33:209:Infinity": 11,
        "f:215:16:215:31": 23,
        "s:216:2:216:Infinity": 27,
        "b:216:9:216:33:216:33:216:Infinity": 12,
        "f:222:16:222:32": 24,
        "s:223:2:223:Infinity": 28,
        "b:223:9:223:33:223:33:223:Infinity": 13,
        "f:229:16:229:35": 25,
        "s:230:2:230:Infinity": 29,
        "b:230:9:230:33:230:33:230:Infinity": 14,
        "f:240:16:240:29": 26,
        "s:241:2:241:Infinity": 30,
        "f:247:16:247:34": 27,
        "s:248:2:248:Infinity": 31,
        "f:254:16:254:32": 28,
        "s:255:2:255:Infinity": 32,
        "f:261:16:261:25": 29,
        "s:262:2:262:Infinity": 33,
        "f:268:16:268:33": 30,
        "s:269:2:269:Infinity": 34,
        "b:269:9:269:38:269:38:269:Infinity": 15,
        "f:275:16:275:25": 31,
        "s:276:2:276:Infinity": 35,
        "b:276:9:276:38:276:38:276:Infinity": 16,
        "f:282:16:282:33": 32,
        "s:283:2:283:Infinity": 36,
        "b:283:9:283:28:283:28:283:Infinity": 17,
        "f:289:16:289:26": 33,
        "s:290:2:290:Infinity": 37,
        "b:290:9:290:28:290:28:290:Infinity": 18,
        "f:296:16:296:34": 34,
        "s:297:2:297:Infinity": 38,
        "b:297:9:297:29:297:29:297:Infinity": 19,
        "f:303:16:303:26": 35,
        "s:304:2:304:Infinity": 39,
        "f:310:16:310:23": 36,
        "s:311:2:311:Infinity": 40,
        "b:311:9:311:34:311:34:311:Infinity": 20,
        "f:317:16:317:29": 37,
        "b:318:2:318:Infinity:undefined:undefined:undefined:undefined": 21,
        "s:318:2:318:Infinity": 41,
        "s:318:24:318:Infinity": 42,
        "s:319:15:319:Infinity": 43,
        "s:320:2:320:Infinity": 44,
        "f:326:16:326:25": 38,
        "s:327:2:327:Infinity": 45,
        "b:327:9:327:38:327:38:327:56:327:56:327:Infinity": 22,
        "f:333:16:333:30": 39,
        "s:334:2:334:Infinity": 46,
        "b:334:9:334:28:334:28:334:Infinity": 23,
        "f:340:16:340:27": 40,
        "s:341:2:341:Infinity": 47,
        "f:351:16:351:Infinity": 41,
        "b:354:25:354:Infinity": 24,
        "b:356:2:358:Infinity:undefined:undefined:undefined:undefined": 25,
        "s:356:2:358:Infinity": 48,
        "s:357:4:357:Infinity": 49,
        "f:364:16:364:28": 42,
        "s:365:2:365:Infinity": 50,
        "b:365:24:365:32:365:32:365:Infinity": 26,
        "f:371:16:371:Infinity": 43,
        "b:375:2:375:Infinity:undefined:undefined:undefined:undefined": 27,
        "s:375:2:375:Infinity": 51,
        "s:375:22:375:Infinity": 52,
        "s:376:2:376:Infinity": 53,
        "f:376:20:376:27": 44,
        "s:376:27:376:37": 54,
        "f:382:16:382:Infinity": 45,
        "b:386:2:386:Infinity:undefined:undefined:undefined:undefined": 28,
        "s:386:2:386:Infinity": 55,
        "s:386:22:386:Infinity": 56,
        "s:387:2:387:Infinity": 57,
        "f:387:19:387:26": 46,
        "s:387:26:387:36": 58,
        "f:393:16:393:28": 47,
        "s:394:2:394:Infinity": 59,
        "f:400:16:400:29": 48,
        "s:401:2:401:Infinity": 60,
        "f:411:16:411:Infinity": 49,
        "s:414:17:414:Infinity": 61,
        "s:415:2:417:Infinity": 62,
        "f:415:9:415:10": 50,
        "s:416:4:416:Infinity": 63,
        "f:423:16:423:Infinity": 51,
        "s:427:2:427:Infinity": 64,
        "f:431:16:431:31": 52,
        "s:432:2:432:Infinity": 65,
        "b:432:9:432:39:432:39:432:Infinity": 29,
        "f:435:16:435:27": 53,
        "s:436:2:436:Infinity": 66,
        "b:436:9:436:39:436:39:436:Infinity": 30
      }
    }
  },
  "D:\\git\\do-novelist-ai\\src\\types\\index.ts": {
    "path": "D:\\git\\do-novelist-ai\\src\\types\\index.ts",
    "statementMap": {
      "0": { "start": { "line": 7, "column": 0 }, "end": { "line": 7, "column": null } },
      "1": { "start": { "line": 8, "column": 0 }, "end": { "line": 8, "column": null } },
      "2": { "start": { "line": 37, "column": 0 }, "end": { "line": 37, "column": null } }
    },
    "fnMap": {},
    "branchMap": {},
    "s": { "0": 9, "1": 9, "2": 9 },
    "f": {},
    "b": {},
    "meta": {
      "lastBranch": 0,
      "lastFunction": 0,
      "lastStatement": 3,
      "seen": { "s:7:0:7:Infinity": 0, "s:8:0:8:Infinity": 1, "s:37:0:37:Infinity": 2 }
    }
  },
  "D:\\git\\do-novelist-ai\\src\\types\\schemas.ts": {
    "path": "D:\\git\\do-novelist-ai\\src\\types\\schemas.ts",
    "statementMap": {
      "0": { "start": { "line": 17, "column": 30 }, "end": { "line": 33, "column": null } },
      "1": { "start": { "line": 35, "column": 25 }, "end": { "line": 35, "column": null } },
      "2": { "start": { "line": 38, "column": 32 }, "end": { "line": 38, "column": null } },
      "3": { "start": { "line": 40, "column": 35 }, "end": { "line": 40, "column": null } },
      "4": { "start": { "line": 41, "column": 35 }, "end": { "line": 41, "column": null } },
      "5": { "start": { "line": 42, "column": 29 }, "end": { "line": 42, "column": null } },
      "6": { "start": { "line": 43, "column": 30 }, "end": { "line": 43, "column": null } },
      "7": { "start": { "line": 46, "column": 34 }, "end": { "line": 46, "column": null } },
      "8": { "start": { "line": 53, "column": 31 }, "end": { "line": 53, "column": null } },
      "9": { "start": { "line": 54, "column": 31 }, "end": { "line": 54, "column": null } },
      "10": { "start": { "line": 55, "column": 27 }, "end": { "line": 55, "column": null } },
      "11": { "start": { "line": 58, "column": 33 }, "end": { "line": 61, "column": null } },
      "12": { "start": { "line": 64, "column": 31 }, "end": { "line": 64, "column": null } },
      "13": { "start": { "line": 67, "column": 33 }, "end": { "line": 67, "column": null } },
      "14": { "start": { "line": 73, "column": 32 }, "end": { "line": 91, "column": null } },
      "15": { "start": { "line": 88, "column": 18 }, "end": { "line": 88, "column": 64 } },
      "16": { "start": { "line": 93, "column": 37 }, "end": { "line": 105, "column": null } },
      "17": { "start": { "line": 107, "column": 29 }, "end": { "line": 138, "column": null } },
      "18": { "start": { "line": 121, "column": 36 }, "end": { "line": 121, "column": 46 } },
      "19": { "start": { "line": 122, "column": 36 }, "end": { "line": 122, "column": 46 } },
      "20": { "start": { "line": 140, "column": 35 }, "end": { "line": 162, "column": null } },
      "21": { "start": { "line": 164, "column": 33 }, "end": { "line": 178, "column": null } },
      "22": { "start": { "line": 180, "column": 30 }, "end": { "line": 191, "column": null } },
      "23": { "start": { "line": 197, "column": 29 }, "end": { "line": 283, "column": null } },
      "24": { "start": { "line": 222, "column": 38 }, "end": { "line": 222, "column": 48 } },
      "25": { "start": { "line": 223, "column": 38 }, "end": { "line": 223, "column": 48 } },
      "26": { "start": { "line": 270, "column": 18 }, "end": { "line": 270, "column": 74 } },
      "27": { "start": { "line": 276, "column": 29 }, "end": { "line": 276, "column": null } },
      "28": { "start": { "line": 276, "column": 55 }, "end": { "line": 276, "column": 90 } },
      "29": { "start": { "line": 277, "column": 6 }, "end": { "line": 277, "column": null } },
      "30": { "start": { "line": 290, "column": 35 }, "end": { "line": 298, "column": null } },
      "31": { "start": { "line": 301, "column": 35 }, "end": { "line": 303, "column": null } },
      "32": { "start": { "line": 306, "column": 35 }, "end": { "line": 308, "column": null } },
      "33": { "start": { "line": 311, "column": 36 }, "end": { "line": 311, "column": null } },
      "34": { "start": { "line": 314, "column": 35 }, "end": { "line": 323, "column": null } },
      "35": { "start": { "line": 373, "column": 2 }, "end": { "line": 396, "column": null } },
      "36": { "start": { "line": 374, "column": 19 }, "end": { "line": 374, "column": null } },
      "37": { "start": { "line": 376, "column": 4 }, "end": { "line": 378, "column": null } },
      "38": { "start": { "line": 377, "column": 6 }, "end": { "line": 377, "column": null } },
      "39": { "start": { "line": 380, "column": 10 }, "end": { "line": 383, "column": null } },
      "40": { "start": { "line": 385, "column": 4 }, "end": { "line": 389, "column": null } },
      "41": { "start": { "line": 391, "column": 4 }, "end": { "line": 395, "column": null } },
      "42": { "start": { "line": 403, "column": 2 }, "end": { "line": 403, "column": null } },
      "43": { "start": { "line": 415, "column": 26 }, "end": { "line": 415, "column": null } },
      "44": { "start": { "line": 416, "column": 2 }, "end": { "line": 418, "column": null } },
      "45": { "start": { "line": 417, "column": 4 }, "end": { "line": 417, "column": null } },
      "46": { "start": { "line": 420, "column": 2 }, "end": { "line": 429, "column": null } },
      "47": { "start": { "line": 421, "column": 24 }, "end": { "line": 421, "column": null } },
      "48": { "start": { "line": 422, "column": 4 }, "end": { "line": 422, "column": null } },
      "49": { "start": { "line": 424, "column": 4 }, "end": { "line": 428, "column": null } }
    },
    "fnMap": {
      "0": {
        "name": "(anonymous_0)",
        "decl": { "start": { "line": 88, "column": 10 }, "end": { "line": 88, "column": 18 } },
        "loc": { "start": { "line": 88, "column": 18 }, "end": { "line": 88, "column": 64 } },
        "line": 88
      },
      "1": {
        "name": "(anonymous_1)",
        "decl": { "start": { "line": 121, "column": 30 }, "end": { "line": 121, "column": 36 } },
        "loc": { "start": { "line": 121, "column": 36 }, "end": { "line": 121, "column": 46 } },
        "line": 121
      },
      "2": {
        "name": "(anonymous_2)",
        "decl": { "start": { "line": 122, "column": 30 }, "end": { "line": 122, "column": 36 } },
        "loc": { "start": { "line": 122, "column": 36 }, "end": { "line": 122, "column": 46 } },
        "line": 122
      },
      "3": {
        "name": "(anonymous_3)",
        "decl": { "start": { "line": 222, "column": 32 }, "end": { "line": 222, "column": 38 } },
        "loc": { "start": { "line": 222, "column": 38 }, "end": { "line": 222, "column": 48 } },
        "line": 222
      },
      "4": {
        "name": "(anonymous_4)",
        "decl": { "start": { "line": 223, "column": 32 }, "end": { "line": 223, "column": 38 } },
        "loc": { "start": { "line": 223, "column": 38 }, "end": { "line": 223, "column": 48 } },
        "line": 223
      },
      "5": {
        "name": "(anonymous_5)",
        "decl": { "start": { "line": 270, "column": 10 }, "end": { "line": 270, "column": 18 } },
        "loc": { "start": { "line": 270, "column": 18 }, "end": { "line": 270, "column": 74 } },
        "line": 270
      },
      "6": {
        "name": "(anonymous_6)",
        "decl": { "start": { "line": 275, "column": 4 }, "end": { "line": 275, "column": 12 } },
        "loc": { "start": { "line": 275, "column": 12 }, "end": { "line": 278, "column": null } },
        "line": 275
      },
      "7": {
        "name": "(anonymous_7)",
        "decl": { "start": { "line": 276, "column": 50 }, "end": { "line": 276, "column": 55 } },
        "loc": { "start": { "line": 276, "column": 55 }, "end": { "line": 276, "column": 90 } },
        "line": 276
      },
      "8": {
        "name": "validateData",
        "decl": { "start": { "line": 368, "column": 16 }, "end": { "line": 368, "column": null } },
        "loc": { "start": { "line": 372, "column": 88 }, "end": { "line": 397, "column": null } },
        "line": 372
      },
      "9": {
        "name": "isValidData",
        "decl": { "start": { "line": 402, "column": 16 }, "end": { "line": 402, "column": 31 } },
        "loc": { "start": { "line": 402, "column": 81 }, "end": { "line": 404, "column": null } },
        "line": 402
      },
      "10": {
        "name": "transformAndValidate",
        "decl": { "start": { "line": 409, "column": 16 }, "end": { "line": 409, "column": null } },
        "loc": { "start": { "line": 414, "column": 94 }, "end": { "line": 430, "column": null } },
        "line": 414
      }
    },
    "branchMap": {
      "0": {
        "loc": { "start": { "line": 376, "column": 4 }, "end": { "line": 378, "column": null } },
        "type": "if",
        "locations": [
          { "start": { "line": 376, "column": 4 }, "end": { "line": 378, "column": null } },
          { "start": {}, "end": {} }
        ],
        "line": 376
      },
      "1": {
        "loc": { "start": { "line": 380, "column": 10 }, "end": { "line": 383, "column": null } },
        "type": "cond-expr",
        "locations": [
          { "start": { "line": 382, "column": 10 }, "end": { "line": 382, "column": null } },
          { "start": { "line": 383, "column": 10 }, "end": { "line": 383, "column": null } }
        ],
        "line": 380
      },
      "2": {
        "loc": { "start": { "line": 381, "column": 7 }, "end": { "line": 381, "column": 31 } },
        "type": "binary-expr",
        "locations": [
          { "start": { "line": 381, "column": 7 }, "end": { "line": 381, "column": 26 } },
          { "start": { "line": 381, "column": 26 }, "end": { "line": 381, "column": 31 } }
        ],
        "line": 381
      },
      "3": {
        "loc": { "start": { "line": 393, "column": 34 }, "end": { "line": 393, "column": 90 } },
        "type": "cond-expr",
        "locations": [
          { "start": { "line": 393, "column": 59 }, "end": { "line": 393, "column": 75 } },
          { "start": { "line": 393, "column": 75 }, "end": { "line": 393, "column": 90 } }
        ],
        "line": 393
      },
      "4": {
        "loc": { "start": { "line": 416, "column": 2 }, "end": { "line": 418, "column": null } },
        "type": "if",
        "locations": [
          { "start": { "line": 416, "column": 2 }, "end": { "line": 418, "column": null } },
          { "start": {}, "end": {} }
        ],
        "line": 416
      },
      "5": {
        "loc": { "start": { "line": 426, "column": 38 }, "end": { "line": 426, "column": 94 } },
        "type": "cond-expr",
        "locations": [
          { "start": { "line": 426, "column": 63 }, "end": { "line": 426, "column": 79 } },
          { "start": { "line": 426, "column": 79 }, "end": { "line": 426, "column": 94 } }
        ],
        "line": 426
      }
    },
    "s": {
      "0": 12,
      "1": 12,
      "2": 12,
      "3": 12,
      "4": 12,
      "5": 12,
      "6": 12,
      "7": 12,
      "8": 12,
      "9": 12,
      "10": 12,
      "11": 12,
      "12": 12,
      "13": 12,
      "14": 12,
      "15": 24,
      "16": 12,
      "17": 12,
      "18": 10,
      "19": 10,
      "20": 12,
      "21": 12,
      "22": 12,
      "23": 12,
      "24": 5,
      "25": 5,
      "26": 21,
      "27": 21,
      "28": 6,
      "29": 21,
      "30": 12,
      "31": 12,
      "32": 12,
      "33": 12,
      "34": 12,
      "35": 52,
      "36": 52,
      "37": 52,
      "38": 33,
      "39": 19,
      "40": 52,
      "41": 0,
      "42": 6,
      "43": 0,
      "44": 0,
      "45": 0,
      "46": 0,
      "47": 0,
      "48": 0,
      "49": 0
    },
    "f": {
      "0": 24,
      "1": 10,
      "2": 10,
      "3": 5,
      "4": 5,
      "5": 21,
      "6": 21,
      "7": 6,
      "8": 52,
      "9": 6,
      "10": 0
    },
    "b": { "0": [33, 19], "1": [5, 14], "2": [19, 14], "3": [0, 0], "4": [0, 0], "5": [0, 0] },
    "meta": {
      "lastBranch": 6,
      "lastFunction": 11,
      "lastStatement": 50,
      "seen": {
        "s:17:30:33:Infinity": 0,
        "s:35:25:35:Infinity": 1,
        "s:38:32:38:Infinity": 2,
        "s:40:35:40:Infinity": 3,
        "s:41:35:41:Infinity": 4,
        "s:42:29:42:Infinity": 5,
        "s:43:30:43:Infinity": 6,
        "s:46:34:46:Infinity": 7,
        "s:53:31:53:Infinity": 8,
        "s:54:31:54:Infinity": 9,
        "s:55:27:55:Infinity": 10,
        "s:58:33:61:Infinity": 11,
        "s:64:31:64:Infinity": 12,
        "s:67:33:67:Infinity": 13,
        "s:73:32:91:Infinity": 14,
        "f:88:10:88:18": 0,
        "s:88:18:88:64": 15,
        "s:93:37:105:Infinity": 16,
        "s:107:29:138:Infinity": 17,
        "f:121:30:121:36": 1,
        "s:121:36:121:46": 18,
        "f:122:30:122:36": 2,
        "s:122:36:122:46": 19,
        "s:140:35:162:Infinity": 20,
        "s:164:33:178:Infinity": 21,
        "s:180:30:191:Infinity": 22,
        "s:197:29:283:Infinity": 23,
        "f:222:32:222:38": 3,
        "s:222:38:222:48": 24,
        "f:223:32:223:38": 4,
        "s:223:38:223:48": 25,
        "f:270:10:270:18": 5,
        "s:270:18:270:74": 26,
        "f:275:4:275:12": 6,
        "s:276:29:276:Infinity": 27,
        "f:276:50:276:55": 7,
        "s:276:55:276:90": 28,
        "s:277:6:277:Infinity": 29,
        "s:290:35:298:Infinity": 30,
        "s:301:35:303:Infinity": 31,
        "s:306:35:308:Infinity": 32,
        "s:311:36:311:Infinity": 33,
        "s:314:35:323:Infinity": 34,
        "f:368:16:368:Infinity": 8,
        "s:373:2:396:Infinity": 35,
        "s:374:19:374:Infinity": 36,
        "b:376:4:378:Infinity:undefined:undefined:undefined:undefined": 0,
        "s:376:4:378:Infinity": 37,
        "s:377:6:377:Infinity": 38,
        "s:380:10:383:Infinity": 39,
        "b:382:10:382:Infinity:383:10:383:Infinity": 1,
        "b:381:7:381:26:381:26:381:31": 2,
        "s:385:4:389:Infinity": 40,
        "s:391:4:395:Infinity": 41,
        "b:393:59:393:75:393:75:393:90": 3,
        "f:402:16:402:31": 9,
        "s:403:2:403:Infinity": 42,
        "f:409:16:409:Infinity": 10,
        "s:415:26:415:Infinity": 43,
        "b:416:2:418:Infinity:undefined:undefined:undefined:undefined": 4,
        "s:416:2:418:Infinity": 44,
        "s:417:4:417:Infinity": 45,
        "s:420:2:429:Infinity": 46,
        "s:421:24:421:Infinity": 47,
        "s:422:4:422:Infinity": 48,
        "s:424:4:428:Infinity": 49,
        "b:426:63:426:79:426:79:426:94": 5
      }
    }
  },
  "D:\\git\\do-novelist-ai\\src\\types\\utils.ts": {
    "path": "D:\\git\\do-novelist-ai\\src\\types\\utils.ts",
    "statementMap": {},
    "fnMap": {},
    "branchMap": {},
    "s": {},
    "f": {},
    "b": {},
    "meta": { "lastBranch": 0, "lastFunction": 0, "lastStatement": 0, "seen": {} }
  }
}
