TN:
SF:types.ts
FN:1,(anonymous_0)
FN:8,(anonymous_1)
FN:15,(anonymous_2)
FNF:3
FNH:3
FNDA:9,(anonymous_0)
FNDA:9,(anonymous_1)
FNDA:9,(anonymous_2)
DA:1,9
DA:2,9
DA:3,9
DA:4,9
DA:5,9
DA:8,9
DA:9,9
DA:10,9
DA:11,9
DA:12,9
DA:15,9
DA:16,9
DA:17,9
DA:18,9
DA:19,9
LF:15
LH:15
BRDA:1,0,0,9
BRDA:1,0,1,9
BRDA:8,1,0,9
BRDA:8,1,1,9
BRDA:15,2,0,9
BRDA:15,2,1,9
BRF:6
BRH:6
end_of_record
TN:
SF:src\components\Navbar.tsx
FN:14,(anonymous_0)
FN:23,(anonymous_1)
FN:24,(anonymous_2)
FN:30,(anonymous_3)
FN:33,(anonymous_4)
FN:38,(anonymous_5)
FN:49,(anonymous_6)
FN:76,(anonymous_7)
FN:119,(anonymous_8)
FN:153,(anonymous_9)
FNF:10
FNH:6
FNDA:4,(anonymous_0)
FNDA:4,(anonymous_1)
FNDA:0,(anonymous_2)
FNDA:4,(anonymous_3)
FNDA:1,(anonymous_4)
FNDA:12,(anonymous_5)
FNDA:1,(anonymous_6)
FNDA:0,(anonymous_7)
FNDA:0,(anonymous_8)
FNDA:0,(anonymous_9)
DA:14,1
DA:21,4
DA:23,4
DA:24,4
DA:25,0
DA:26,0
DA:29,4
DA:30,4
DA:33,4
DA:34,1
DA:35,1
DA:38,4
DA:47,12
DA:49,1
DA:66,4
DA:76,0
DA:119,0
DA:154,0
DA:155,0
LF:19
LH:13
BRDA:25,0,0,0
BRDA:25,0,1,0
BRDA:25,1,0,0
BRDA:25,1,1,0
BRDA:52,2,0,4
BRDA:52,2,1,8
BRDA:58,3,0,4
BRDA:58,3,1,8
BRDA:122,4,0,0
BRDA:122,4,1,4
BRDA:124,5,0,0
BRDA:124,5,1,4
BRDA:132,6,0,4
BRDA:132,6,1,0
BRF:14
BRH:7
end_of_record
TN:
SF:src\components\ui\Card.tsx
FN:46,(anonymous_0)
FN:52,(anonymous_1)
FN:58,(anonymous_2)
FN:70,(anonymous_3)
FN:75,(anonymous_4)
FN:81,(anonymous_5)
FNF:6
FNH:1
FNDA:189,(anonymous_0)
FNDA:0,(anonymous_1)
FNDA:0,(anonymous_2)
FNDA:0,(anonymous_3)
FNDA:0,(anonymous_4)
FNDA:0,(anonymous_5)
DA:6,1
DA:45,1
DA:47,189
DA:51,1
DA:53,0
DA:57,1
DA:59,0
DA:67,1
DA:71,0
DA:74,1
DA:76,0
DA:80,1
DA:82,0
DA:86,1
DA:87,1
DA:88,1
DA:89,1
DA:90,1
DA:91,1
LF:19
LH:14
BRF:0
BRH:0
end_of_record
TN:
SF:src\components\ui\MetricCard.tsx
FN:24,(anonymous_0)
FN:38,(anonymous_1)
FN:59,(anonymous_2)
FN:72,(anonymous_3)
FNF:4
FNH:4
FNDA:266,(anonymous_0)
FNDA:266,(anonymous_1)
FNDA:266,(anonymous_2)
FNDA:38,(anonymous_3)
DA:24,2
DA:38,266
DA:39,266
DA:42,152
DA:44,0
DA:45,0
DA:47,0
DA:48,0
DA:50,0
DA:51,0
DA:53,152
DA:56,152
DA:59,266
DA:60,266
DA:62,76
DA:64,0
DA:66,0
DA:68,190
DA:72,266
DA:73,38
DA:74,38
DA:75,38
DA:76,38
DA:78,0
DA:81,266
LF:25
LH:16
BRDA:30,0,0,266
BRDA:31,1,0,266
BRDA:32,2,0,266
BRDA:33,3,0,266
BRDA:34,4,0,266
BRDA:35,5,0,266
BRDA:39,6,0,114
BRDA:39,6,1,152
BRDA:42,7,0,152
BRDA:42,7,1,0
BRDA:42,7,2,0
BRDA:42,7,3,152
BRDA:60,8,0,76
BRDA:60,8,1,0
BRDA:60,8,2,0
BRDA:60,8,3,190
BRDA:73,9,0,0
BRDA:73,9,1,38
BRDA:74,10,0,0
BRDA:74,10,1,38
BRDA:75,11,0,38
BRDA:75,11,1,0
BRDA:76,12,0,38
BRDA:76,12,1,0
BRDA:89,13,0,266
BRDA:89,13,1,38
BRDA:93,14,0,38
BRDA:93,14,1,38
BRDA:93,14,2,38
BRDA:93,14,3,0
BRDA:102,15,0,266
BRDA:102,15,1,266
BRF:32
BRH:23
end_of_record
TN:
SF:src\features\analytics\components\AnalyticsDashboard.tsx
FN:21,(anonymous_0)
FN:26,(anonymous_1)
FN:27,(anonymous_2)
FN:40,(anonymous_3)
FN:57,(anonymous_4)
FN:72,(anonymous_5)
FN:127,(anonymous_6)
FN:137,(anonymous_7)
FN:145,(anonymous_8)
FNF:9
FNH:9
FNDA:13,(anonymous_0)
FNDA:10,(anonymous_1)
FNDA:10,(anonymous_2)
FNDA:1,(anonymous_3)
FNDA:1,(anonymous_4)
FNDA:10,(anonymous_5)
FNDA:1,(anonymous_6)
FNDA:1,(anonymous_7)
FNDA:1,(anonymous_8)
DA:21,1
DA:22,13
DA:23,13
DA:24,13
DA:26,13
DA:27,10
DA:28,10
DA:34,10
DA:37,10
DA:40,13
DA:41,1
DA:42,1
DA:43,1
DA:49,1
DA:51,0
DA:53,1
DA:57,13
DA:58,1
DA:59,1
DA:60,1
DA:61,1
DA:62,1
DA:63,1
DA:64,1
DA:65,1
DA:66,1
DA:68,0
DA:72,13
DA:73,10
DA:74,2
DA:77,8
DA:91,13
DA:92,1
DA:102,12
DA:127,1
DA:137,1
DA:145,1
LF:37
LH:35
BRDA:73,0,0,2
BRDA:73,0,1,8
BRDA:73,1,0,10
BRDA:73,1,1,8
BRDA:73,1,2,8
BRDA:91,2,0,1
BRDA:91,2,1,12
BRDA:91,3,0,13
BRDA:91,3,1,1
BRDA:130,4,0,11
BRDA:130,4,1,1
BRDA:131,5,0,11
BRDA:131,5,1,1
BRDA:141,6,0,13
BRDA:141,6,1,1
BRDA:157,7,0,13
BRDA:157,7,1,11
BRDA:170,8,0,11
BRDA:170,8,1,10
BRF:19
BRH:19
end_of_record
TN:
SF:src\features\analytics\components\GoalsProgress.tsx
FN:25,(anonymous_0)
FN:78,(anonymous_1)
FNF:2
FNH:2
FNDA:30,(anonymous_0)
FNDA:10,(anonymous_1)
DA:25,1
DA:33,30
DA:34,30
DA:35,30
DA:36,30
DA:37,30
DA:39,30
DA:78,1
DA:86,10
LF:9
LH:9
BRDA:28,0,0,30
BRDA:29,1,0,30
BRDA:30,2,0,30
BRDA:72,3,0,30
BRDA:72,3,1,30
BRDA:82,4,0,10
BRF:6
BRH:6
end_of_record
TN:
SF:src\features\analytics\components\ProductivityChart.tsx
FN:26,(anonymous_0)
FN:40,(anonymous_1)
FN:41,(anonymous_2)
FN:45,(anonymous_3)
FN:67,(anonymous_4)
FN:94,(anonymous_5)
FN:131,(anonymous_6)
FNF:7
FNH:7
FNDA:20,(anonymous_0)
FNDA:60,(anonymous_1)
FNDA:60,(anonymous_2)
FNDA:60,(anonymous_3)
FNDA:80,(anonymous_4)
FNDA:60,(anonymous_5)
FNDA:10,(anonymous_6)
DA:26,1
DA:32,20
DA:33,0
DA:40,60
DA:41,60
DA:42,20
DA:44,20
DA:46,60
DA:47,60
DA:48,60
DA:52,20
DA:54,20
DA:68,80
DA:95,60
DA:96,60
DA:97,60
DA:131,1
DA:136,10
LF:18
LH:17
BRDA:29,0,0,20
BRDA:30,1,0,20
BRDA:32,2,0,0
BRDA:32,2,1,20
BRDA:42,3,0,20
BRDA:42,3,1,0
BRDA:121,4,0,20
BRDA:121,4,1,20
BRDA:123,5,0,20
BRDA:123,5,1,20
BRDA:125,6,0,20
BRDA:125,6,1,20
BRF:12
BRH:10
end_of_record
TN:
SF:src\features\analytics\components\SessionTimeline.tsx
FN:19,(anonymous_0)
FNF:1
FNH:1
FNDA:10,(anonymous_0)
DA:19,1
DA:20,10
LF:2
LH:2
BRDA:53,0,0,0
BRDA:53,0,1,10
BRDA:66,1,0,0
BRDA:66,1,1,10
BRDA:81,2,0,10
BRDA:81,2,1,0
BRDA:83,3,0,0
BRDA:83,3,1,0
BRF:8
BRH:3
end_of_record
TN:
SF:src\features\analytics\components\WritingStatsCard.tsx
FN:19,(anonymous_0)
FNF:1
FNH:1
FNDA:38,(anonymous_0)
DA:19,2
DA:30,38
DA:31,38
DA:32,38
DA:34,38
LF:5
LH:5
BRF:0
BRH:0
end_of_record
TN:
SF:src\features\analytics\services\analyticsService.ts
FN:20,(anonymous_0)
FN:24,(anonymous_1)
FN:30,(anonymous_2)
FN:34,(anonymous_3)
FN:59,(anonymous_4)
FN:95,(anonymous_5)
FN:112,(anonymous_6)
FN:114,(anonymous_7)
FN:119,(anonymous_8)
FN:135,(anonymous_9)
FN:142,(anonymous_10)
FN:146,(anonymous_11)
FN:161,(anonymous_12)
FN:164,(anonymous_13)
FN:169,(anonymous_14)
FN:185,(anonymous_15)
FN:201,(anonymous_16)
FN:206,(anonymous_17)
FN:213,(anonymous_18)
FN:214,(anonymous_19)
FN:215,(anonymous_20)
FN:221,(anonymous_21)
FN:227,(anonymous_22)
FN:228,(anonymous_23)
FN:248,(anonymous_24)
FN:253,(anonymous_25)
FN:264,(anonymous_26)
FN:270,(anonymous_27)
FN:271,(anonymous_28)
FN:275,(anonymous_29)
FN:294,(anonymous_30)
FN:313,(anonymous_31)
FN:361,(anonymous_32)
FN:363,(anonymous_33)
FN:364,(anonymous_34)
FN:365,(anonymous_35)
FN:368,(anonymous_36)
FN:373,(anonymous_37)
FN:374,(anonymous_38)
FN:377,(anonymous_39)
FN:379,(anonymous_40)
FN:379,(anonymous_41)
FN:388,(anonymous_42)
FN:417,(anonymous_43)
FN:420,(anonymous_44)
FN:427,(anonymous_45)
FN:429,(anonymous_46)
FN:432,(anonymous_47)
FN:441,(anonymous_48)
FNF:49
FNH:33
FNDA:8,(anonymous_0)
FNDA:2,(anonymous_1)
FNDA:13,(anonymous_2)
FNDA:3,(anonymous_3)
FNDA:2,(anonymous_4)
FNDA:0,(anonymous_5)
FNDA:0,(anonymous_6)
FNDA:0,(anonymous_7)
FNDA:0,(anonymous_8)
FNDA:0,(anonymous_9)
FNDA:0,(anonymous_10)
FNDA:0,(anonymous_11)
FNDA:1,(anonymous_12)
FNDA:1,(anonymous_13)
FNDA:2,(anonymous_14)
FNDA:0,(anonymous_15)
FNDA:1,(anonymous_16)
FNDA:2,(anonymous_17)
FNDA:2,(anonymous_18)
FNDA:2,(anonymous_19)
FNDA:2,(anonymous_20)
FNDA:2,(anonymous_21)
FNDA:2,(anonymous_22)
FNDA:2,(anonymous_23)
FNDA:2,(anonymous_24)
FNDA:2,(anonymous_25)
FNDA:1,(anonymous_26)
FNDA:1,(anonymous_27)
FNDA:1,(anonymous_28)
FNDA:0,(anonymous_29)
FNDA:1,(anonymous_30)
FNDA:1,(anonymous_31)
FNDA:0,(anonymous_32)
FNDA:0,(anonymous_33)
FNDA:0,(anonymous_34)
FNDA:0,(anonymous_35)
FNDA:3,(anonymous_36)
FNDA:3,(anonymous_37)
FNDA:0,(anonymous_38)
FNDA:2,(anonymous_39)
FNDA:2,(anonymous_40)
FNDA:2,(anonymous_41)
FNDA:3,(anonymous_42)
FNDA:2,(anonymous_43)
FNDA:2,(anonymous_44)
FNDA:0,(anonymous_45)
FNDA:2,(anonymous_46)
FNDA:1,(anonymous_47)
FNDA:0,(anonymous_48)
DA:20,8
DA:22,2
DA:25,2
DA:26,2
DA:27,2
DA:28,2
DA:31,13
DA:35,3
DA:36,3
DA:38,3
DA:54,3
DA:55,3
DA:56,3
DA:69,2
DA:70,2
DA:71,1
DA:74,1
DA:75,1
DA:76,1
DA:78,2
DA:91,2
DA:92,2
DA:96,0
DA:97,0
DA:98,0
DA:101,0
DA:108,0
DA:109,0
DA:113,0
DA:114,0
DA:117,0
DA:118,0
DA:119,0
DA:121,0
DA:122,0
DA:123,0
DA:125,0
DA:135,0
DA:142,0
DA:147,0
DA:154,0
DA:162,1
DA:164,1
DA:170,2
DA:171,2
DA:181,2
DA:182,2
DA:186,0
DA:187,0
DA:188,0
DA:191,0
DA:197,0
DA:198,0
DA:202,1
DA:203,1
DA:207,2
DA:212,2
DA:213,2
DA:214,2
DA:215,2
DA:217,2
DA:219,2
DA:221,2
DA:226,2
DA:227,2
DA:228,2
DA:230,2
DA:231,2
DA:233,2
DA:248,2
DA:253,2
DA:265,1
DA:266,1
DA:267,1
DA:269,1
DA:270,1
DA:271,1
DA:274,1
DA:275,0
DA:278,1
DA:295,1
DA:296,1
DA:298,1
DA:299,7
DA:300,7
DA:301,7
DA:302,7
DA:304,7
DA:310,1
DA:314,1
DA:315,1
DA:318,1
DA:319,1
DA:321,1
DA:322,1
DA:323,1
DA:325,1
DA:326,1
DA:338,1
DA:339,1
DA:342,0
DA:343,0
DA:344,0
DA:345,0
DA:346,0
DA:347,0
DA:349,0
DA:350,0
DA:351,0
DA:352,0
DA:353,1
DA:354,1
DA:355,1
DA:357,1
DA:358,1
DA:362,0
DA:363,0
DA:364,0
DA:365,0
DA:369,3
DA:370,3
DA:372,3
DA:373,3
DA:374,0
DA:378,2
DA:379,2
DA:381,2
DA:389,3
DA:391,3
DA:392,3
DA:393,3
DA:395,3
DA:396,3
DA:397,0
DA:398,0
DA:399,0
DA:402,3
DA:403,3
DA:404,3
DA:406,0
DA:407,0
DA:410,3
DA:411,3
DA:414,3
DA:418,2
DA:420,2
DA:421,2
DA:422,2
DA:423,2
DA:426,2
DA:427,0
DA:429,2
DA:433,1
DA:434,1
DA:435,1
DA:436,1
DA:437,1
DA:438,1
DA:442,0
DA:446,2
LF:160
LH:112
BRDA:41,0,0,1
BRDA:41,0,1,2
BRDA:70,1,0,1
BRDA:70,1,1,1
BRDA:76,2,0,1
BRDA:76,2,1,1
BRDA:97,3,0,0
BRDA:97,3,1,0
BRDA:121,4,0,0
BRDA:121,4,1,0
BRDA:122,5,0,0
BRDA:122,5,1,0
BRDA:128,6,0,0
BRDA:128,6,1,0
BRDA:137,7,0,0
BRDA:137,7,1,0
BRDA:139,8,0,0
BRDA:139,8,1,0
BRDA:154,9,0,0
BRDA:154,9,1,0
BRDA:164,10,0,1
BRDA:164,10,1,0
BRDA:187,11,0,0
BRDA:187,11,1,0
BRDA:192,12,0,0
BRDA:192,12,1,0
BRDA:193,13,0,0
BRDA:193,13,1,0
BRDA:194,14,0,0
BRDA:194,14,1,0
BRDA:207,15,0,2
BRDA:207,15,1,1
BRDA:217,16,0,0
BRDA:217,16,1,2
BRDA:219,17,0,2
BRDA:219,17,1,0
BRDA:228,18,0,2
BRDA:228,18,1,2
BRDA:236,19,0,2
BRDA:236,19,1,0
BRDA:242,20,0,2
BRDA:242,20,1,0
BRDA:244,21,0,2
BRDA:244,21,1,0
BRDA:252,22,0,2
BRDA:252,22,1,0
BRDA:274,23,0,1
BRDA:274,23,1,0
BRDA:275,24,0,0
BRDA:275,24,1,0
BRDA:282,25,0,1
BRDA:282,25,1,0
BRDA:283,26,0,1
BRDA:283,26,1,0
BRDA:301,27,0,7
BRDA:301,27,1,0
BRDA:306,28,0,0
BRDA:306,28,1,7
BRDA:315,29,0,0
BRDA:315,29,1,1
BRDA:318,30,0,1
BRDA:318,30,1,0
BRDA:325,31,0,1
BRDA:325,31,1,0
BRDA:333,32,0,0
BRDA:333,32,1,1
BRDA:335,33,0,1
BRDA:335,33,1,0
BRDA:352,34,0,0
BRDA:352,34,1,0
BRDA:353,35,0,0
BRDA:353,35,1,0
BRDA:355,36,0,0
BRDA:355,36,1,0
BRDA:373,37,0,3
BRDA:373,37,1,3
BRDA:389,38,0,0
BRDA:389,38,1,3
BRDA:396,39,0,0
BRDA:396,39,1,3
BRDA:403,40,0,3
BRDA:403,40,1,0
BRDA:407,41,0,0
BRDA:407,41,1,0
BRDA:423,42,0,2
BRDA:423,42,1,2
BRDA:435,43,0,0
BRDA:435,43,1,1
BRDA:442,44,0,0
BRDA:442,44,1,0
BRF:90
BRH:35
end_of_record
TN:
SF:src\features\characters\components\CharacterCard.tsx
FN:44,(anonymous_0)
FN:58,(anonymous_1)
FN:70,(anonymous_2)
FN:92,(anonymous_3)
FN:97,(anonymous_4)
FN:158,(anonymous_5)
FN:171,(anonymous_6)
FNF:7
FNH:7
FNDA:27,(anonymous_0)
FNDA:27,(anonymous_1)
FNDA:27,(anonymous_2)
FNDA:1,(anonymous_3)
FNDA:1,(anonymous_4)
FNDA:2,(anonymous_5)
FNDA:2,(anonymous_6)
DA:28,1
DA:44,1
DA:45,27
DA:48,1
DA:58,1
DA:66,27
DA:67,27
DA:70,27
DA:71,27
DA:72,9
DA:73,4
DA:76,27
DA:78,27
DA:92,1
DA:98,1
DA:99,1
DA:159,2
DA:160,2
DA:172,2
DA:173,2
LF:20
LH:20
BRDA:45,0,0,27
BRDA:45,0,1,0
BRDA:67,1,0,27
BRDA:67,1,1,0
BRDA:71,2,0,18
BRDA:71,2,1,9
BRDA:71,3,0,27
BRDA:71,3,1,11
BRDA:72,4,0,5
BRDA:72,4,1,4
BRDA:72,5,0,9
BRDA:72,5,1,7
BRDA:72,5,2,5
BRDA:87,6,0,1
BRDA:87,6,1,26
BRDA:104,7,0,27
BRDA:104,7,1,1
BRDA:109,8,0,1
BRDA:109,8,1,26
BRDA:109,9,0,27
BRDA:109,9,1,1
BRDA:142,10,0,27
BRDA:142,10,1,18
BRDA:144,11,0,27
BRDA:144,11,1,5
BRDA:146,12,0,27
BRDA:146,12,1,4
BRF:27
BRH:25
end_of_record
TN:
SF:src\features\characters\hooks\useCharacters.ts
FN:31,(anonymous_0)
FN:46,(anonymous_1)
FN:60,(anonymous_2)
FN:74,(anonymous_3)
FN:86,(anonymous_4)
FN:100,(anonymous_5)
FN:104,(anonymous_6)
FN:105,(anonymous_7)
FN:118,(anonymous_8)
FN:122,(anonymous_9)
FN:123,(anonymous_10)
FN:136,(anonymous_11)
FN:141,(anonymous_12)
FN:142,(anonymous_13)
FN:148,(anonymous_14)
FNF:15
FNH:15
FNDA:1,(anonymous_0)
FNDA:2,(anonymous_1)
FNDA:13,(anonymous_2)
FNDA:6,(anonymous_3)
FNDA:5,(anonymous_4)
FNDA:4,(anonymous_5)
FNDA:3,(anonymous_6)
FNDA:3,(anonymous_7)
FNDA:4,(anonymous_8)
FNDA:3,(anonymous_9)
FNDA:5,(anonymous_10)
FNDA:5,(anonymous_11)
FNDA:6,(anonymous_12)
FNDA:6,(anonymous_13)
FNDA:4,(anonymous_14)
DA:29,1
DA:31,1
DA:47,2
DA:48,2
DA:49,2
DA:50,1
DA:52,1
DA:61,13
DA:62,13
DA:63,13
DA:64,11
DA:66,2
DA:77,6
DA:78,6
DA:79,6
DA:85,6
DA:86,5
DA:92,1
DA:101,4
DA:102,4
DA:103,4
DA:104,3
DA:105,3
DA:110,1
DA:119,4
DA:120,4
DA:121,4
DA:122,3
DA:123,5
DA:128,1
DA:137,5
DA:142,6
DA:149,4
LF:33
LH:33
BRDA:53,0,0,1
BRDA:53,0,1,0
BRDA:67,1,0,2
BRDA:67,1,1,0
BRDA:93,2,0,1
BRDA:93,2,1,0
BRDA:105,3,0,3
BRDA:105,3,1,0
BRDA:111,4,0,1
BRDA:111,4,1,0
BRDA:124,5,0,1
BRDA:124,5,1,2
BRDA:129,6,0,1
BRDA:129,6,1,0
BRF:14
BRH:8
end_of_record
TN:
SF:src\features\editor\hooks\useGoapEngine.ts
FN:145,(anonymous_0)
FN:156,(anonymous_1)
FN:157,(anonymous_2)
FN:172,(anonymous_3)
FN:175,(anonymous_4)
FN:192,(anonymous_5)
FN:209,(anonymous_6)
FN:224,(anonymous_7)
FN:234,(anonymous_8)
FN:244,(anonymous_9)
FN:251,(anonymous_10)
FN:256,(anonymous_11)
FN:268,(anonymous_12)
FN:270,(anonymous_13)
FN:271,(anonymous_14)
FN:279,(anonymous_15)
FN:299,(anonymous_16)
FN:306,(anonymous_17)
FN:308,(anonymous_18)
FN:309,(anonymous_19)
FN:328,(anonymous_20)
FN:342,(anonymous_21)
FN:344,(anonymous_22)
FN:360,(anonymous_23)
FN:365,(anonymous_24)
FN:371,(anonymous_25)
FN:375,(anonymous_26)
FN:385,(anonymous_27)
FN:387,(anonymous_28)
FN:395,(anonymous_29)
FN:399,(anonymous_30)
FN:401,(anonymous_31)
FN:404,(anonymous_32)
FN:413,(anonymous_33)
FN:415,(anonymous_34)
FN:433,(anonymous_35)
FN:438,(anonymous_36)
FN:443,(anonymous_37)
FN:448,(anonymous_38)
FN:451,(anonymous_39)
FN:459,(anonymous_40)
FN:473,(anonymous_41)
FN:483,(anonymous_42)
FNF:43
FNH:21
FNDA:10,(anonymous_0)
FNDA:7,(anonymous_1)
FNDA:7,(anonymous_2)
FNDA:2,(anonymous_3)
FNDA:2,(anonymous_4)
FNDA:1,(anonymous_5)
FNDA:1,(anonymous_6)
FNDA:0,(anonymous_7)
FNDA:0,(anonymous_8)
FNDA:0,(anonymous_9)
FNDA:2,(anonymous_10)
FNDA:0,(anonymous_11)
FNDA:1,(anonymous_12)
FNDA:2,(anonymous_13)
FNDA:3,(anonymous_14)
FNDA:2,(anonymous_15)
FNDA:2,(anonymous_16)
FNDA:1,(anonymous_17)
FNDA:2,(anonymous_18)
FNDA:3,(anonymous_19)
FNDA:0,(anonymous_20)
FNDA:0,(anonymous_21)
FNDA:0,(anonymous_22)
FNDA:2,(anonymous_23)
FNDA:0,(anonymous_24)
FNDA:0,(anonymous_25)
FNDA:0,(anonymous_26)
FNDA:0,(anonymous_27)
FNDA:0,(anonymous_28)
FNDA:0,(anonymous_29)
FNDA:0,(anonymous_30)
FNDA:0,(anonymous_31)
FNDA:0,(anonymous_32)
FNDA:0,(anonymous_33)
FNDA:0,(anonymous_34)
FNDA:0,(anonymous_35)
FNDA:10,(anonymous_36)
FNDA:0,(anonymous_37)
FNDA:0,(anonymous_38)
FNDA:0,(anonymous_39)
FNDA:1,(anonymous_40)
FNDA:3,(anonymous_41)
FNDA:1,(anonymous_42)
DA:25,1
DA:145,1
DA:150,10
DA:151,10
DA:152,10
DA:153,10
DA:155,10
DA:157,7
DA:172,10
DA:173,2
DA:175,2
DA:176,2
DA:178,2
DA:180,2
DA:181,1
DA:182,1
DA:184,1
DA:186,1
DA:192,1
DA:209,1
DA:219,1
DA:222,0
DA:223,0
DA:224,0
DA:228,0
DA:229,1
DA:232,0
DA:233,0
DA:234,0
DA:238,0
DA:239,1
DA:242,0
DA:243,0
DA:244,0
DA:245,0
DA:246,1
DA:250,1
DA:251,2
DA:254,1
DA:255,0
DA:256,0
DA:257,0
DA:258,0
DA:261,1
DA:268,1
DA:271,3
DA:278,1
DA:280,2
DA:281,2
DA:282,2
DA:284,2
DA:285,2
DA:291,2
DA:293,0
DA:294,0
DA:299,2
DA:300,1
DA:306,1
DA:309,3
DA:310,2
DA:311,2
DA:314,0
DA:315,0
DA:317,0
DA:324,0
DA:328,0
DA:329,0
DA:330,0
DA:331,0
DA:334,0
DA:339,0
DA:340,0
DA:342,0
DA:345,0
DA:348,0
DA:349,0
DA:352,0
DA:353,0
DA:354,0
DA:355,0
DA:358,0
DA:360,2
DA:361,2
DA:365,10
DA:370,0
DA:371,0
DA:372,0
DA:374,0
DA:375,0
DA:376,0
DA:378,0
DA:379,0
DA:385,0
DA:388,0
DA:391,0
DA:393,0
DA:395,0
DA:399,10
DA:400,0
DA:401,0
DA:402,0
DA:404,0
DA:405,0
DA:407,0
DA:408,0
DA:411,0
DA:413,0
DA:416,0
DA:425,0
DA:431,0
DA:433,0
DA:438,10
DA:439,10
DA:441,10
DA:443,1
DA:445,0
DA:447,0
DA:448,0
DA:449,0
DA:450,0
DA:451,0
DA:452,0
DA:454,0
DA:455,0
DA:459,1
DA:460,1
DA:461,1
DA:473,10
DA:475,3
DA:477,2
DA:478,0
DA:483,1
DA:484,1
DA:487,1
DA:488,1
DA:492,0
DA:493,0
DA:496,0
DA:499,1
DA:502,10
LF:140
LH:63
BRDA:156,0,0,7
BRDA:173,1,0,0
BRDA:173,1,1,2
BRDA:180,2,0,1
BRDA:180,2,1,1
BRDA:193,3,0,1
BRDA:193,3,1,0
BRDA:194,4,0,1
BRDA:194,4,1,0
BRDA:195,5,0,1
BRDA:195,5,1,0
BRDA:196,6,0,1
BRDA:196,6,1,0
BRDA:219,7,0,0
BRDA:219,7,1,1
BRDA:229,8,0,0
BRDA:229,8,1,1
BRDA:239,9,0,0
BRDA:239,9,1,1
BRDA:246,10,0,1
BRDA:246,10,1,0
BRDA:254,11,0,0
BRDA:254,11,1,1
BRDA:271,12,0,2
BRDA:271,12,1,0
BRDA:282,13,0,1
BRDA:282,13,1,1
BRDA:310,14,0,2
BRDA:310,14,1,0
BRDA:314,15,0,0
BRDA:314,15,1,0
BRDA:314,16,0,0
BRDA:314,16,1,0
BRDA:324,17,0,0
BRDA:324,17,1,0
BRDA:329,18,0,0
BRDA:329,18,1,0
BRDA:345,19,0,0
BRDA:345,19,1,0
BRDA:349,20,0,0
BRDA:349,20,1,0
BRDA:370,21,0,0
BRDA:370,21,1,0
BRDA:372,22,0,0
BRDA:372,22,1,0
BRDA:374,23,0,0
BRDA:374,23,1,0
BRDA:374,24,0,0
BRDA:374,24,1,0
BRDA:388,25,0,0
BRDA:388,25,1,0
BRDA:400,26,0,0
BRDA:400,26,1,0
BRDA:402,27,0,0
BRDA:402,27,1,0
BRDA:411,28,0,0
BRDA:411,28,1,0
BRDA:416,29,0,0
BRDA:416,29,1,0
BRDA:441,30,0,9
BRDA:441,30,1,1
BRDA:441,31,0,10
BRDA:441,31,1,1
BRDA:445,32,0,0
BRDA:445,32,1,0
BRDA:447,33,0,0
BRDA:447,33,1,0
BRDA:449,34,0,0
BRDA:449,34,1,0
BRDA:450,35,0,0
BRDA:450,35,1,0
BRDA:452,36,0,0
BRDA:452,36,1,0
BRDA:475,37,0,2
BRDA:475,37,1,1
BRDA:477,38,0,2
BRDA:477,38,1,0
BRDA:478,39,0,0
BRDA:478,39,1,0
BRDA:487,40,0,1
BRDA:487,40,1,0
BRDA:492,41,0,0
BRDA:492,41,1,0
BRDA:492,42,0,0
BRDA:492,42,1,0
BRF:85
BRH:25
end_of_record
TN:
SF:src\features\projects\components\ProjectDashboard.tsx
FN:8,(anonymous_0)
FN:29,(anonymous_1)
FNF:2
FNH:2
FNDA:6,(anonymous_0)
FNDA:3,(anonymous_1)
DA:8,1
DA:9,6
DA:11,6
DA:12,0
DA:19,6
DA:20,1
DA:27,5
DA:30,3
LF:8
LH:7
BRDA:11,0,0,0
BRDA:11,0,1,6
BRDA:19,1,0,1
BRDA:19,1,1,5
BRDA:41,2,0,5
BRDA:41,2,1,2
BRF:6
BRH:5
end_of_record
TN:
SF:src\features\projects\hooks\useProjects.ts
FN:45,(anonymous_0)
FN:60,(anonymous_1)
FN:71,(anonymous_2)
FN:85,(anonymous_3)
FN:91,(anonymous_4)
FN:96,(anonymous_5)
FN:99,(anonymous_6)
FN:100,(anonymous_7)
FN:103,(anonymous_8)
FN:106,(anonymous_9)
FN:108,(anonymous_10)
FN:123,(anonymous_11)
FN:127,(anonymous_12)
FN:144,(anonymous_13)
FN:148,(anonymous_14)
FN:149,(anonymous_15)
FN:173,(anonymous_16)
FN:177,(anonymous_17)
FN:178,(anonymous_18)
FN:193,(anonymous_19)
FN:194,(anonymous_20)
FN:199,(anonymous_21)
FN:200,(anonymous_22)
FN:206,(anonymous_23)
FN:217,(anonymous_24)
FN:224,(anonymous_25)
FN:237,(anonymous_26)
FN:242,(anonymous_27)
FN:259,(anonymous_28)
FN:264,(anonymous_29)
FNF:30
FNH:28
FNDA:1,(anonymous_0)
FNDA:3,(anonymous_1)
FNDA:20,(anonymous_2)
FNDA:17,(anonymous_3)
FNDA:23,(anonymous_4)
FNDA:23,(anonymous_5)
FNDA:23,(anonymous_6)
FNDA:7,(anonymous_7)
FNDA:23,(anonymous_8)
FNDA:23,(anonymous_9)
FNDA:7,(anonymous_10)
FNDA:3,(anonymous_11)
FNDA:2,(anonymous_12)
FNDA:4,(anonymous_13)
FNDA:3,(anonymous_14)
FNDA:3,(anonymous_15)
FNDA:4,(anonymous_16)
FNDA:3,(anonymous_17)
FNDA:4,(anonymous_18)
FNDA:4,(anonymous_19)
FNDA:3,(anonymous_20)
FNDA:5,(anonymous_21)
FNDA:5,(anonymous_22)
FNDA:1,(anonymous_23)
FNDA:7,(anonymous_24)
FNDA:9,(anonymous_25)
FNDA:9,(anonymous_26)
FNDA:6,(anonymous_27)
FNDA:0,(anonymous_28)
FNDA:0,(anonymous_29)
DA:43,1
DA:45,1
DA:61,3
DA:62,3
DA:63,2
DA:64,2
DA:66,1
DA:72,20
DA:73,20
DA:74,20
DA:75,18
DA:77,2
DA:86,17
DA:87,17
DA:88,17
DA:92,23
DA:96,23
DA:100,23
DA:103,23
DA:107,23
DA:108,7
DA:110,23
DA:116,17
DA:118,0
DA:124,3
DA:125,3
DA:126,3
DA:127,2
DA:132,2
DA:133,2
DA:135,1
DA:139,1
DA:145,4
DA:146,4
DA:147,4
DA:148,3
DA:150,3
DA:162,3
DA:164,1
DA:168,1
DA:174,4
DA:175,4
DA:176,4
DA:177,3
DA:178,4
DA:182,3
DA:184,1
DA:188,1
DA:194,4
DA:195,4
DA:200,5
DA:207,1
DA:217,1
DA:218,7
DA:221,7
DA:222,3
DA:223,3
DA:224,9
DA:229,7
DA:230,3
DA:235,3
DA:236,3
DA:237,9
DA:242,7
DA:243,6
DA:244,6
DA:246,6
DA:248,4
DA:249,4
DA:251,0
DA:252,0
DA:254,2
DA:255,2
DA:258,0
DA:259,0
DA:263,0
DA:264,0
DA:267,0
DA:268,0
DA:271,6
DA:274,7
LF:81
LH:72
BRDA:66,0,0,1
BRDA:66,0,1,0
BRDA:78,1,0,2
BRDA:78,1,1,0
BRDA:92,2,0,23
BRDA:92,2,1,21
BRDA:105,3,0,15
BRDA:105,3,1,2
BRDA:111,4,0,5
BRDA:111,4,1,18
BRDA:136,5,0,1
BRDA:136,5,1,0
BRDA:150,6,0,3
BRDA:150,6,1,0
BRDA:153,7,0,1
BRDA:153,7,1,2
BRDA:165,8,0,1
BRDA:165,8,1,0
BRDA:179,9,0,1
BRDA:179,9,1,2
BRDA:185,10,0,1
BRDA:185,10,1,0
BRDA:195,11,0,4
BRDA:195,11,1,1
BRDA:221,12,0,3
BRDA:221,12,1,4
BRDA:224,13,0,9
BRDA:224,13,1,5
BRDA:229,14,0,3
BRDA:229,14,1,4
BRDA:236,15,0,3
BRDA:236,15,1,0
BRDA:246,16,0,4
BRDA:246,16,1,0
BRDA:246,16,2,2
BRDA:246,16,3,0
BRDA:258,17,0,0
BRDA:258,17,1,0
BRDA:263,18,0,0
BRDA:263,18,1,0
BRDA:271,19,0,4
BRDA:271,19,1,2
BRF:42
BRH:29
end_of_record
TN:
SF:src\features\projects\services\projectService.ts
FN:16,(anonymous_0)
FN:23,(anonymous_1)
FN:42,(anonymous_2)
FN:50,(anonymous_3)
FN:111,(anonymous_4)
FN:131,(anonymous_5)
FN:139,(anonymous_6)
FN:141,(anonymous_7)
FN:147,(anonymous_8)
FNF:9
FNH:9
FNDA:103,(anonymous_0)
FNDA:5,(anonymous_1)
FNDA:16,(anonymous_2)
FNDA:32,(anonymous_3)
FNDA:5,(anonymous_4)
FNDA:3,(anonymous_5)
FNDA:2,(anonymous_6)
FNDA:1,(anonymous_7)
FNDA:2,(anonymous_8)
DA:17,103
DA:24,5
DA:25,5
DA:28,5
DA:29,5
DA:30,4
DA:31,4
DA:32,4
DA:36,5
DA:43,16
DA:44,16
DA:51,32
DA:53,32
DA:54,32
DA:104,32
DA:105,32
DA:112,5
DA:114,5
DA:115,5
DA:116,1
DA:119,4
DA:125,4
DA:132,3
DA:133,3
DA:140,2
DA:141,2
DA:148,2
DA:150,2
DA:155,2
DA:159,1
LF:30
LH:30
BRDA:31,0,0,4
BRDA:31,0,1,0
BRDA:78,1,0,32
BRDA:78,1,1,31
BRDA:79,2,0,32
BRDA:79,2,1,31
BRDA:83,3,0,32
BRDA:83,3,1,31
BRDA:84,4,0,32
BRDA:84,4,1,31
BRDA:115,5,0,1
BRDA:115,5,1,4
BRF:12
BRH:11
end_of_record
TN:
SF:src\features\settings\hooks\useSettings.ts
FN:36,(anonymous_0)
FN:45,(anonymous_1)
FN:62,(anonymous_2)
FN:95,(anonymous_3)
FN:114,(anonymous_4)
FN:120,(anonymous_5)
FN:125,(anonymous_6)
FN:131,(anonymous_7)
FN:143,applyTheme
FN:155,applyFontSize
FN:162,getCategoryDefaults
FN:213,(anonymous_11)
FNF:12
FNH:11
FNDA:1,(anonymous_0)
FNDA:26,(anonymous_1)
FNDA:27,(anonymous_2)
FNDA:3,(anonymous_3)
FNDA:9,(anonymous_4)
FNDA:3,(anonymous_5)
FNDA:1,(anonymous_6)
FNDA:144,(anonymous_7)
FNDA:39,applyTheme
FNDA:10,applyFontSize
FNDA:9,getCategoryDefaults
FNDA:0,(anonymous_11)
DA:33,1
DA:36,1
DA:46,26
DA:47,26
DA:48,26
DA:49,26
DA:52,26
DA:54,2
DA:63,27
DA:64,27
DA:65,27
DA:66,27
DA:69,27
DA:70,27
DA:71,1
DA:74,26
DA:75,26
DA:78,26
DA:79,13
DA:83,24
DA:84,8
DA:87,3
DA:96,3
DA:97,3
DA:98,3
DA:99,3
DA:102,3
DA:103,3
DA:105,1
DA:109,1
DA:115,9
DA:116,9
DA:121,3
DA:126,1
DA:131,144
DA:144,39
DA:145,27
DA:146,27
DA:148,12
DA:156,10
DA:163,9
DA:165,2
DA:172,2
DA:179,2
DA:188,1
DA:194,1
DA:201,1
DA:206,0
DA:213,1
DA:217,0
LF:50
LH:48
BRDA:55,0,0,2
BRDA:55,0,1,0
BRDA:70,1,0,1
BRDA:70,1,1,26
BRDA:78,2,0,13
BRDA:78,2,1,13
BRDA:83,3,0,8
BRDA:83,3,1,16
BRDA:83,4,0,24
BRDA:83,4,1,8
BRDA:83,4,2,8
BRDA:88,5,0,3
BRDA:88,5,1,0
BRDA:106,6,0,1
BRDA:106,6,1,0
BRDA:144,7,0,27
BRDA:144,7,1,12
BRDA:163,8,0,2
BRDA:163,8,1,2
BRDA:163,8,2,2
BRDA:163,8,3,1
BRDA:163,8,4,1
BRDA:163,8,5,1
BRDA:163,8,6,0
BRF:24
BRH:20
end_of_record
TN:
SF:src\features\settings\types\index.ts
FN:124,validateSettings
FN:142,isTheme
FN:146,isAIModel
FNF:3
FNH:1
FNDA:27,validateSettings
FNDA:0,isTheme
FNDA:0,isAIModel
DA:22,1
DA:84,1
DA:125,27
DA:126,27
DA:127,27
DA:132,1
DA:133,1
DA:138,0
DA:143,0
DA:147,0
LF:10
LH:7
BRDA:132,0,0,1
BRDA:132,0,1,0
BRF:2
BRH:1
end_of_record
TN:
SF:src\features\versioning\components\VersionHistory.tsx
FN:62,(anonymous_0)
FN:85,(anonymous_1)
FN:93,(anonymous_2)
FN:105,(anonymous_3)
FN:113,(anonymous_4)
FN:130,(anonymous_5)
FN:188,(anonymous_6)
FN:213,(anonymous_7)
FN:221,(anonymous_8)
FN:246,(anonymous_9)
FN:249,(anonymous_10)
FN:263,(anonymous_11)
FN:266,(anonymous_12)
FN:289,(anonymous_13)
FN:305,(anonymous_14)
FN:344,(anonymous_15)
FN:355,(anonymous_16)
FN:366,(anonymous_17)
FN:420,(anonymous_18)
FNF:19
FNH:10
FNDA:12,(anonymous_0)
FNDA:10,(anonymous_1)
FNDA:1,(anonymous_2)
FNDA:0,(anonymous_3)
FNDA:1,(anonymous_4)
FNDA:16,(anonymous_5)
FNDA:1,(anonymous_6)
FNDA:2,(anonymous_7)
FNDA:0,(anonymous_8)
FNDA:0,(anonymous_9)
FNDA:0,(anonymous_10)
FNDA:0,(anonymous_11)
FNDA:0,(anonymous_12)
FNDA:16,(anonymous_13)
FNDA:2,(anonymous_14)
FNDA:0,(anonymous_15)
FNDA:0,(anonymous_16)
FNDA:0,(anonymous_17)
FNDA:1,(anonymous_18)
DA:33,1
DA:40,1
DA:47,1
DA:55,1
DA:62,1
DA:77,12
DA:79,12
DA:80,12
DA:81,12
DA:82,12
DA:83,12
DA:85,12
DA:86,10
DA:90,10
DA:93,12
DA:94,1
DA:95,1
DA:96,1
DA:97,1
DA:98,1
DA:101,0
DA:105,12
DA:106,0
DA:109,0
DA:113,12
DA:114,1
DA:115,1
DA:116,1
DA:119,1
DA:120,1
DA:121,1
DA:122,1
DA:123,1
DA:124,1
DA:126,0
DA:130,12
DA:131,16
DA:132,16
DA:133,16
DA:135,16
DA:136,0
DA:137,16
DA:138,0
DA:140,16
DA:144,12
DA:145,1
DA:155,11
DA:156,1
DA:163,10
DA:188,1
DA:213,2
DA:221,0
DA:246,0
DA:250,0
DA:263,0
DA:267,0
DA:290,16
DA:291,16
DA:293,16
DA:305,2
DA:345,0
DA:346,0
DA:356,0
DA:357,0
DA:367,0
DA:368,0
DA:420,1
LF:67
LH:50
BRDA:86,0,0,2
BRDA:86,0,1,8
BRDA:96,1,0,1
BRDA:96,1,1,0
BRDA:106,2,0,0
BRDA:106,2,1,0
BRDA:117,3,0,1
BRDA:117,3,1,0
BRDA:135,4,0,0
BRDA:135,4,1,16
BRDA:137,5,0,0
BRDA:137,5,1,16
BRDA:144,6,0,1
BRDA:144,6,1,11
BRDA:155,7,0,1
BRDA:155,7,1,10
BRDA:155,8,0,11
BRDA:155,8,1,10
BRDA:222,9,0,10
BRDA:222,9,1,0
BRDA:227,10,0,12
BRDA:227,10,1,0
BRDA:233,11,0,12
BRDA:233,11,1,0
BRDA:280,12,0,2
BRDA:280,12,1,8
BRDA:284,13,0,1
BRDA:284,13,1,1
BRDA:303,14,0,16
BRDA:303,14,1,1
BRDA:305,15,0,1
BRDA:305,15,1,1
BRDA:379,16,0,16
BRDA:379,16,1,1
BRDA:393,17,0,1
BRDA:393,17,1,0
BRF:36
BRH:26
end_of_record
TN:
SF:src\features\versioning\hooks\useVersioning.ts
FN:40,(anonymous_0)
FN:48,(anonymous_1)
FN:52,(anonymous_2)
FN:58,(anonymous_3)
FN:73,(anonymous_4)
FNF:5
FNH:4
FNDA:36,(anonymous_0)
FNDA:11,(anonymous_1)
FNDA:0,(anonymous_2)
FNDA:11,(anonymous_3)
FNDA:1,(anonymous_4)
DA:40,1
DA:41,36
DA:44,36
DA:45,36
DA:48,36
DA:49,11
DA:51,11
DA:52,10
DA:53,0
DA:54,0
DA:58,11
DA:59,11
DA:63,36
DA:78,1
DA:79,0
DA:80,1
LF:16
LH:13
BRDA:51,0,0,10
BRDA:51,0,1,1
BRDA:51,1,0,11
BRDA:51,1,1,10
BRDA:53,2,0,0
BRDA:53,2,1,0
BRDA:53,3,0,0
BRDA:53,3,1,0
BRDA:78,4,0,0
BRDA:78,4,1,1
BRDA:78,5,0,1
BRDA:78,5,1,1
BRF:12
BRH:7
end_of_record
TN:
SF:src\features\versioning\services\versioningService.ts
FN:5,(anonymous_0)
FN:11,(anonymous_1)
FN:19,(anonymous_2)
FN:32,(anonymous_3)
FN:33,(anonymous_4)
FN:36,(anonymous_5)
FN:38,(anonymous_6)
FN:43,(anonymous_7)
FN:64,(anonymous_8)
FN:89,(anonymous_9)
FN:94,(anonymous_10)
FN:95,(anonymous_11)
FN:100,(anonymous_12)
FN:105,(anonymous_13)
FN:111,(anonymous_14)
FN:113,(anonymous_15)
FN:117,(anonymous_16)
FN:122,(anonymous_17)
FN:127,(anonymous_18)
FN:132,(anonymous_19)
FN:148,(anonymous_20)
FN:153,(anonymous_21)
FN:164,(anonymous_22)
FN:169,(anonymous_23)
FN:170,(anonymous_24)
FN:177,(anonymous_25)
FN:194,(anonymous_26)
FN:195,(anonymous_27)
FN:196,(anonymous_28)
FN:208,(anonymous_29)
FN:229,(anonymous_30)
FN:234,(anonymous_31)
FN:235,(anonymous_32)
FN:240,(anonymous_33)
FN:245,(anonymous_34)
FN:250,(anonymous_35)
FN:251,(anonymous_36)
FN:254,(anonymous_37)
FN:259,(anonymous_38)
FN:264,(anonymous_39)
FN:269,(anonymous_40)
FN:274,(anonymous_41)
FN:279,(anonymous_42)
FN:280,(anonymous_43)
FN:284,(anonymous_44)
FN:291,(anonymous_45)
FN:301,(anonymous_46)
FN:305,(anonymous_47)
FN:310,(anonymous_48)
FN:315,(anonymous_49)
FN:316,(anonymous_50)
FN:321,(anonymous_51)
FN:326,(anonymous_52)
FN:329,(anonymous_53)
FN:333,(anonymous_54)
FN:336,(anonymous_55)
FN:349,(anonymous_56)
FN:363,(anonymous_57)
FN:403,(anonymous_58)
FNF:59
FNH:49
FNDA:2,(anonymous_0)
FNDA:2,(anonymous_1)
FNDA:39,(anonymous_2)
FNDA:4,(anonymous_3)
FNDA:4,(anonymous_4)
FNDA:0,(anonymous_5)
FNDA:4,(anonymous_6)
FNDA:0,(anonymous_7)
FNDA:39,(anonymous_8)
FNDA:39,(anonymous_9)
FNDA:39,(anonymous_10)
FNDA:0,(anonymous_11)
FNDA:7,(anonymous_12)
FNDA:7,(anonymous_13)
FNDA:7,(anonymous_14)
FNDA:4,(anonymous_15)
FNDA:0,(anonymous_16)
FNDA:3,(anonymous_17)
FNDA:3,(anonymous_18)
FNDA:3,(anonymous_19)
FNDA:0,(anonymous_20)
FNDA:3,(anonymous_21)
FNDA:2,(anonymous_22)
FNDA:2,(anonymous_23)
FNDA:0,(anonymous_24)
FNDA:5,(anonymous_25)
FNDA:6,(anonymous_26)
FNDA:6,(anonymous_27)
FNDA:6,(anonymous_28)
FNDA:9,(anonymous_29)
FNDA:9,(anonymous_30)
FNDA:9,(anonymous_31)
FNDA:0,(anonymous_32)
FNDA:1,(anonymous_33)
FNDA:1,(anonymous_34)
FNDA:1,(anonymous_35)
FNDA:3,(anonymous_36)
FNDA:0,(anonymous_37)
FNDA:1,(anonymous_38)
FNDA:1,(anonymous_39)
FNDA:1,(anonymous_40)
FNDA:1,(anonymous_41)
FNDA:1,(anonymous_42)
FNDA:0,(anonymous_43)
FNDA:3,(anonymous_44)
FNDA:2,(anonymous_45)
FNDA:3,(anonymous_46)
FNDA:13,(anonymous_47)
FNDA:13,(anonymous_48)
FNDA:13,(anonymous_49)
FNDA:0,(anonymous_50)
FNDA:39,(anonymous_51)
FNDA:1248,(anonymous_52)
FNDA:39,(anonymous_53)
FNDA:338,(anonymous_54)
FNDA:27,(anonymous_55)
FNDA:9,(anonymous_56)
FNDA:4,(anonymous_57)
FNDA:6,(anonymous_58)
DA:7,2
DA:8,2
DA:9,2
DA:12,2
DA:13,2
DA:20,39
DA:21,39
DA:25,39
DA:26,39
DA:28,0
DA:33,4
DA:34,4
DA:36,4
DA:37,0
DA:38,4
DA:39,4
DA:40,4
DA:43,4
DA:44,0
DA:47,0
DA:48,0
DA:49,0
DA:50,0
DA:51,0
DA:55,0
DA:56,0
DA:57,0
DA:58,0
DA:69,39
DA:70,39
DA:72,39
DA:73,39
DA:89,39
DA:90,39
DA:91,39
DA:92,39
DA:94,39
DA:95,39
DA:96,0
DA:101,7
DA:102,7
DA:104,7
DA:105,7
DA:106,7
DA:107,7
DA:108,7
DA:109,7
DA:111,7
DA:112,7
DA:113,4
DA:115,7
DA:117,7
DA:118,0
DA:123,3
DA:124,3
DA:126,3
DA:127,3
DA:128,3
DA:129,3
DA:130,3
DA:132,3
DA:133,3
DA:134,3
DA:135,2
DA:143,2
DA:145,1
DA:148,3
DA:149,0
DA:154,3
DA:155,3
DA:157,3
DA:159,3
DA:160,3
DA:161,1
DA:164,2
DA:165,2
DA:166,2
DA:167,2
DA:169,2
DA:170,2
DA:171,0
DA:172,0
DA:181,5
DA:186,5
DA:187,1
DA:190,4
DA:191,4
DA:192,4
DA:194,6
DA:195,6
DA:196,6
DA:198,4
DA:214,9
DA:215,9
DA:217,9
DA:218,9
DA:229,9
DA:230,9
DA:231,9
DA:232,9
DA:234,9
DA:235,9
DA:236,0
DA:241,1
DA:242,1
DA:244,1
DA:245,1
DA:246,1
DA:247,1
DA:248,1
DA:250,1
DA:251,3
DA:252,1
DA:254,1
DA:255,0
DA:261,1
DA:266,1
DA:270,1
DA:271,1
DA:273,1
DA:274,1
DA:275,1
DA:276,1
DA:277,1
DA:279,1
DA:280,1
DA:285,3
DA:287,3
DA:288,2
DA:290,1
DA:291,2
DA:301,3
DA:306,13
DA:307,13
DA:309,13
DA:310,13
DA:311,13
DA:312,13
DA:313,13
DA:315,13
DA:316,13
DA:317,0
DA:322,39
DA:323,39
DA:324,39
DA:325,39
DA:326,1248
DA:330,39
DA:333,338
DA:337,27
DA:339,1
DA:341,1
DA:343,1
DA:345,24
DA:350,9
DA:360,9
DA:364,4
DA:365,4
DA:366,4
DA:369,4
DA:371,4
DA:372,6
DA:373,6
DA:375,6
DA:376,2
DA:382,4
DA:383,0
DA:389,4
DA:390,4
DA:400,4
DA:404,6
DA:405,6
DA:406,6
DA:410,2
LF:174
LH:153
BRDA:21,0,0,39
BRDA:21,0,1,39
BRDA:25,1,0,39
BRDA:25,1,1,39
BRDA:26,2,0,39
BRDA:26,2,1,39
BRDA:37,3,0,0
BRDA:37,3,1,0
BRDA:47,4,0,0
BRDA:47,4,1,0
BRDA:55,5,0,0
BRDA:55,5,1,0
BRDA:67,6,0,39
BRDA:69,7,0,0
BRDA:69,7,1,39
BRDA:70,8,0,0
BRDA:70,8,1,39
BRDA:82,9,0,39
BRDA:82,9,1,27
BRDA:96,10,0,0
BRDA:96,10,1,0
BRDA:101,11,0,0
BRDA:101,11,1,7
BRDA:102,12,0,0
BRDA:102,12,1,7
BRDA:118,13,0,0
BRDA:118,13,1,0
BRDA:123,14,0,0
BRDA:123,14,1,3
BRDA:124,15,0,0
BRDA:124,15,1,3
BRDA:134,16,0,2
BRDA:134,16,1,1
BRDA:149,17,0,0
BRDA:149,17,1,0
BRDA:154,18,0,0
BRDA:154,18,1,3
BRDA:155,19,0,0
BRDA:155,19,1,3
BRDA:160,20,0,1
BRDA:160,20,1,2
BRDA:186,21,0,1
BRDA:186,21,1,4
BRDA:186,22,0,5
BRDA:186,22,1,4
BRDA:214,23,0,0
BRDA:214,23,1,9
BRDA:215,24,0,0
BRDA:215,24,1,9
BRDA:236,25,0,0
BRDA:236,25,1,0
BRDA:241,26,0,0
BRDA:241,26,1,1
BRDA:242,27,0,0
BRDA:242,27,1,1
BRDA:255,28,0,0
BRDA:255,28,1,0
BRDA:270,29,0,0
BRDA:270,29,1,1
BRDA:271,30,0,0
BRDA:271,30,1,1
BRDA:287,31,0,2
BRDA:287,31,1,1
BRDA:306,32,0,0
BRDA:306,32,1,13
BRDA:307,33,0,0
BRDA:307,33,1,13
BRDA:315,34,0,13
BRDA:315,34,1,3
BRDA:317,35,0,0
BRDA:317,35,1,0
BRDA:337,36,0,1
BRDA:337,36,1,1
BRDA:337,36,2,1
BRDA:337,36,3,24
BRDA:360,37,0,9
BRDA:360,37,1,0
BRDA:375,38,0,2
BRDA:375,38,1,4
BRDA:375,39,0,6
BRDA:375,39,1,2
BRDA:382,40,0,0
BRDA:382,40,1,4
BRDA:382,41,0,4
BRDA:382,41,1,4
BRDA:389,42,0,4
BRDA:389,42,1,0
BRF:87
BRH:50
end_of_record
TN:
SF:src\features\writing-assistant\hooks\useWritingAssistant.ts
FN:75,useWritingAssistant
FN:120,(anonymous_1)
FN:121,(anonymous_2)
FN:129,(anonymous_3)
FN:135,(anonymous_4)
FN:144,(anonymous_5)
FN:159,(anonymous_6)
FN:174,(anonymous_7)
FN:198,(anonymous_8)
FN:199,(anonymous_9)
FN:210,(anonymous_10)
FN:216,(anonymous_11)
FN:231,(anonymous_12)
FN:257,(anonymous_13)
FN:269,(anonymous_14)
FN:288,(anonymous_15)
FN:293,(anonymous_16)
FN:306,(anonymous_17)
FN:310,(anonymous_18)
FN:321,(anonymous_19)
FN:322,(anonymous_20)
FN:327,(anonymous_21)
FN:329,(anonymous_22)
FN:376,(anonymous_23)
FN:377,(anonymous_24)
FN:382,(anonymous_25)
FN:384,(anonymous_26)
FN:415,(anonymous_27)
FN:416,(anonymous_28)
FN:431,(anonymous_29)
FN:432,(anonymous_30)
FN:438,(anonymous_31)
FN:439,(anonymous_32)
FN:445,(anonymous_33)
FN:446,(anonymous_34)
FN:452,(anonymous_35)
FN:453,(anonymous_36)
FN:460,(anonymous_37)
FN:485,(anonymous_38)
FN:502,(anonymous_39)
FN:526,(anonymous_40)
FN:530,(anonymous_41)
FN:533,(anonymous_42)
FN:534,(anonymous_43)
FN:538,(anonymous_44)
FN:551,(anonymous_45)
FN:552,(anonymous_46)
FN:553,(anonymous_47)
FN:556,(anonymous_48)
FN:561,(anonymous_49)
FN:563,(anonymous_50)
FN:574,(anonymous_51)
FNF:52
FNH:17
FNDA:23,useWritingAssistant
FNDA:8,(anonymous_1)
FNDA:8,(anonymous_2)
FNDA:1,(anonymous_3)
FNDA:7,(anonymous_4)
FNDA:0,(anonymous_5)
FNDA:0,(anonymous_6)
FNDA:1,(anonymous_7)
FNDA:4,(anonymous_8)
FNDA:4,(anonymous_9)
FNDA:0,(anonymous_10)
FNDA:0,(anonymous_11)
FNDA:0,(anonymous_12)
FNDA:0,(anonymous_13)
FNDA:0,(anonymous_14)
FNDA:4,(anonymous_15)
FNDA:0,(anonymous_16)
FNDA:23,(anonymous_17)
FNDA:23,(anonymous_18)
FNDA:0,(anonymous_19)
FNDA:0,(anonymous_20)
FNDA:0,(anonymous_21)
FNDA:0,(anonymous_22)
FNDA:0,(anonymous_23)
FNDA:0,(anonymous_24)
FNDA:0,(anonymous_25)
FNDA:0,(anonymous_26)
FNDA:1,(anonymous_27)
FNDA:1,(anonymous_28)
FNDA:0,(anonymous_29)
FNDA:0,(anonymous_30)
FNDA:0,(anonymous_31)
FNDA:0,(anonymous_32)
FNDA:1,(anonymous_33)
FNDA:1,(anonymous_34)
FNDA:1,(anonymous_35)
FNDA:1,(anonymous_36)
FNDA:0,(anonymous_37)
FNDA:0,(anonymous_38)
FNDA:0,(anonymous_39)
FNDA:0,(anonymous_40)
FNDA:0,(anonymous_41)
FNDA:0,(anonymous_42)
FNDA:0,(anonymous_43)
FNDA:0,(anonymous_44)
FNDA:0,(anonymous_45)
FNDA:0,(anonymous_46)
FNDA:0,(anonymous_47)
FNDA:0,(anonymous_48)
FNDA:0,(anonymous_49)
FNDA:0,(anonymous_50)
FNDA:0,(anonymous_51)
DA:88,23
DA:91,23
DA:102,23
DA:103,23
DA:104,23
DA:107,23
DA:108,23
DA:111,23
DA:112,23
DA:113,23
DA:120,23
DA:121,8
DA:122,8
DA:124,8
DA:125,8
DA:127,8
DA:128,1
DA:129,1
DA:135,7
DA:139,8
DA:140,8
DA:141,8
DA:142,8
DA:144,0
DA:149,0
DA:152,0
DA:157,0
DA:159,0
DA:167,8
DA:173,23
DA:175,1
DA:177,1
DA:180,1
DA:181,1
DA:182,1
DA:184,0
DA:189,0
DA:198,23
DA:199,4
DA:200,4
DA:201,4
DA:202,4
DA:209,23
DA:214,0
DA:216,0
DA:217,0
DA:219,0
DA:221,0
DA:230,0
DA:231,0
DA:236,0
DA:239,0
DA:240,0
DA:241,0
DA:242,0
DA:244,0
DA:251,0
DA:257,0
DA:258,0
DA:265,0
DA:267,0
DA:268,0
DA:269,0
DA:287,23
DA:289,4
DA:290,1
DA:293,4
DA:294,0
DA:295,0
DA:296,0
DA:306,23
DA:307,23
DA:308,4
DA:310,23
DA:311,23
DA:312,4
DA:320,23
DA:322,0
DA:323,0
DA:326,0
DA:327,0
DA:329,0
DA:333,0
DA:339,0
DA:340,0
DA:341,0
DA:349,0
DA:355,0
DA:365,0
DA:366,0
DA:375,23
DA:377,0
DA:378,0
DA:381,0
DA:382,0
DA:384,0
DA:388,0
DA:394,0
DA:395,0
DA:396,0
DA:403,0
DA:414,23
DA:416,1
DA:417,1
DA:420,1
DA:422,1
DA:431,23
DA:432,0
DA:438,23
DA:439,0
DA:445,23
DA:446,1
DA:452,23
DA:453,1
DA:459,23
DA:461,0
DA:462,0
DA:469,0
DA:470,0
DA:472,0
DA:473,0
DA:484,23
DA:486,0
DA:487,0
DA:488,0
DA:490,0
DA:491,0
DA:493,0
DA:499,23
DA:502,23
DA:503,0
DA:505,0
DA:506,0
DA:509,0
DA:512,0
DA:515,0
DA:518,0
DA:523,23
DA:526,0
DA:530,0
DA:533,0
DA:534,0
DA:538,0
DA:543,23
DA:545,23
DA:548,23
DA:551,0
DA:553,0
DA:554,0
DA:557,0
DA:558,0
DA:561,0
DA:563,0
DA:574,0
DA:578,23
LF:155
LH:68
BRDA:76,0,0,23
BRDA:77,1,0,23
BRDA:80,2,0,23
BRDA:81,3,0,23
BRDA:82,4,0,23
BRDA:83,5,0,23
BRDA:84,6,0,23
BRDA:85,7,0,23
BRDA:86,8,0,23
BRDA:127,9,0,1
BRDA:127,9,1,7
BRDA:139,10,0,8
BRDA:139,10,1,0
BRDA:142,11,0,0
BRDA:142,11,1,8
BRDA:142,12,0,8
BRDA:142,12,1,0
BRDA:180,13,0,1
BRDA:180,13,1,0
BRDA:211,14,0,0
BRDA:212,15,0,0
BRDA:214,16,0,0
BRDA:214,16,1,0
BRDA:214,17,0,0
BRDA:214,17,1,0
BRDA:239,18,0,0
BRDA:239,18,1,0
BRDA:239,19,0,0
BRDA:239,19,1,0
BRDA:268,20,0,0
BRDA:268,20,1,0
BRDA:289,21,0,1
BRDA:289,21,1,3
BRDA:294,22,0,0
BRDA:294,22,1,0
BRDA:294,23,0,0
BRDA:294,23,1,0
BRDA:307,24,0,4
BRDA:307,24,1,19
BRDA:307,25,0,23
BRDA:307,25,1,23
BRDA:307,25,2,13
BRDA:307,25,3,4
BRDA:311,26,0,4
BRDA:311,26,1,19
BRDA:323,27,0,0
BRDA:323,27,1,0
BRDA:339,28,0,0
BRDA:339,28,1,0
BRDA:339,29,0,0
BRDA:339,29,1,0
BRDA:339,29,2,0
BRDA:355,30,0,0
BRDA:355,30,1,0
BRDA:356,31,0,0
BRDA:356,31,1,0
BRDA:356,31,2,0
BRDA:356,31,3,0
BRDA:356,31,4,0
BRDA:356,31,5,0
BRDA:356,31,6,0
BRDA:378,32,0,0
BRDA:378,32,1,0
BRDA:394,33,0,0
BRDA:394,33,1,0
BRDA:394,34,0,0
BRDA:394,34,1,0
BRDA:394,34,2,0
BRDA:460,35,0,0
BRDA:461,36,0,0
BRDA:461,36,1,0
BRDA:461,37,0,0
BRDA:461,37,1,0
BRDA:499,38,0,22
BRDA:499,38,1,1
BRDA:499,39,0,1
BRDA:499,39,1,1
BRDA:503,40,0,0
BRDA:503,40,1,0
BRDA:503,40,2,0
BRDA:503,40,3,0
BRDA:503,40,4,0
BRDA:526,41,0,0
BRDA:526,41,1,0
BRDA:529,42,0,0
BRDA:529,42,1,23
BRDA:545,43,0,0
BRDA:545,43,1,23
BRDA:554,44,0,0
BRDA:554,44,1,0
BRDA:557,45,0,0
BRDA:557,45,1,0
BRDA:566,46,0,23
BRDA:566,46,1,23
BRDA:567,47,0,23
BRDA:567,47,1,23
BRF:96
BRH:35
end_of_record
TN:
SF:src\features\writing-assistant\services\writingAssistantDb.ts
FN:78,(anonymous_0)
FN:83,(anonymous_1)
FN:88,(anonymous_2)
FN:97,(anonymous_3)
FN:111,(anonymous_4)
FN:130,(anonymous_5)
FN:152,(anonymous_6)
FN:186,(anonymous_7)
FN:209,(anonymous_8)
FN:224,(anonymous_9)
FN:275,(anonymous_10)
FN:289,(anonymous_11)
FN:293,(anonymous_12)
FN:296,(anonymous_13)
FN:306,(anonymous_14)
FN:322,(anonymous_15)
FN:331,(anonymous_16)
FN:335,(anonymous_17)
FN:343,(anonymous_18)
FN:345,(anonymous_19)
FN:354,(anonymous_20)
FN:360,(anonymous_21)
FN:365,(anonymous_22)
FN:370,(anonymous_23)
FN:377,(anonymous_24)
FN:383,(anonymous_25)
FN:392,(anonymous_26)
FN:401,(anonymous_27)
FN:410,(anonymous_28)
FN:414,(anonymous_29)
FN:418,(anonymous_30)
FNF:31
FNH:8
FNDA:1,(anonymous_0)
FNDA:1,(anonymous_1)
FNDA:1,(anonymous_2)
FNDA:1,(anonymous_3)
FNDA:0,(anonymous_4)
FNDA:0,(anonymous_5)
FNDA:0,(anonymous_6)
FNDA:1,(anonymous_7)
FNDA:8,(anonymous_8)
FNDA:0,(anonymous_9)
FNDA:0,(anonymous_10)
FNDA:0,(anonymous_11)
FNDA:0,(anonymous_12)
FNDA:0,(anonymous_13)
FNDA:0,(anonymous_14)
FNDA:0,(anonymous_15)
FNDA:0,(anonymous_16)
FNDA:0,(anonymous_17)
FNDA:0,(anonymous_18)
FNDA:0,(anonymous_19)
FNDA:0,(anonymous_20)
FNDA:0,(anonymous_21)
FNDA:0,(anonymous_22)
FNDA:1,(anonymous_23)
FNDA:8,(anonymous_24)
FNDA:0,(anonymous_25)
FNDA:0,(anonymous_26)
FNDA:0,(anonymous_27)
FNDA:0,(anonymous_28)
FNDA:0,(anonymous_29)
FNDA:0,(anonymous_30)
DA:75,1
DA:79,1
DA:80,1
DA:84,1
DA:85,1
DA:89,1
DA:90,1
DA:91,1
DA:92,1
DA:94,1
DA:100,1
DA:101,1
DA:102,1
DA:103,1
DA:105,1
DA:117,0
DA:119,0
DA:120,0
DA:130,0
DA:139,0
DA:142,0
DA:144,0
DA:159,0
DA:161,0
DA:162,0
DA:177,0
DA:179,0
DA:187,1
DA:189,1
DA:190,1
DA:200,1
DA:202,0
DA:210,8
DA:212,8
DA:213,8
DA:214,8
DA:216,0
DA:217,0
DA:240,0
DA:241,0
DA:248,0
DA:249,0
DA:250,0
DA:251,0
DA:254,0
DA:255,0
DA:257,0
DA:263,0
DA:264,0
DA:276,0
DA:277,0
DA:279,0
DA:280,0
DA:281,0
DA:282,0
DA:284,0
DA:290,0
DA:293,0
DA:301,0
DA:302,0
DA:305,0
DA:306,0
DA:308,0
DA:309,0
DA:311,0
DA:312,0
DA:315,0
DA:327,0
DA:328,0
DA:331,0
DA:332,0
DA:335,0
DA:336,0
DA:337,0
DA:339,0
DA:342,0
DA:343,0
DA:345,0
DA:347,0
DA:362,0
DA:367,0
DA:374,1
DA:379,8
DA:380,8
DA:388,0
DA:389,0
DA:397,0
DA:398,0
DA:406,0
DA:407,0
DA:411,0
DA:415,0
DA:419,0
DA:423,1
LF:94
LH:27
BRDA:90,0,0,1
BRDA:90,0,1,0
BRDA:101,1,0,1
BRDA:101,1,1,0
BRDA:114,2,0,0
BRDA:115,3,0,0
BRDA:117,4,0,0
BRDA:117,4,1,0
BRDA:159,5,0,0
BRDA:159,5,1,0
BRDA:171,6,0,0
BRDA:171,6,1,0
BRDA:187,7,0,0
BRDA:187,7,1,1
BRDA:210,8,0,0
BRDA:210,8,1,8
BRDA:214,9,0,8
BRDA:214,9,1,8
BRDA:226,10,0,0
BRDA:240,11,0,0
BRDA:240,11,1,0
BRDA:275,12,0,0
BRDA:301,13,0,0
BRDA:301,13,1,0
BRDA:311,14,0,0
BRDA:311,14,1,0
BRDA:311,15,0,0
BRDA:311,15,1,0
BRDA:327,16,0,0
BRDA:327,16,1,0
BRDA:336,17,0,0
BRDA:336,17,1,0
BRDA:337,18,0,0
BRDA:337,18,1,0
BRF:34
BRH:6
end_of_record
TN:
SF:src\features\writing-assistant\services\writingAssistantService.ts
FN:47,(anonymous_0)
FN:62,(anonymous_1)
FN:70,(anonymous_2)
FN:133,(anonymous_3)
FN:191,(anonymous_4)
FN:204,(anonymous_5)
FN:206,(anonymous_6)
FN:238,(anonymous_7)
FN:240,(anonymous_8)
FN:242,(anonymous_9)
FN:264,(anonymous_10)
FN:265,(anonymous_11)
FN:266,(anonymous_12)
FN:267,(anonymous_13)
FN:281,(anonymous_14)
FN:294,(anonymous_15)
FN:311,(anonymous_16)
FN:312,(anonymous_17)
FN:313,(anonymous_18)
FN:325,(anonymous_19)
FN:326,(anonymous_20)
FN:328,(anonymous_21)
FN:332,(anonymous_22)
FN:346,(anonymous_23)
FN:355,(anonymous_24)
FN:358,(anonymous_25)
FN:369,(anonymous_26)
FN:377,(anonymous_27)
FN:390,(anonymous_28)
FN:391,(anonymous_29)
FN:397,(anonymous_30)
FN:398,(anonymous_31)
FN:399,(anonymous_32)
FN:403,(anonymous_33)
FN:404,(anonymous_34)
FN:409,(anonymous_35)
FN:420,(anonymous_36)
FN:421,(anonymous_37)
FN:430,(anonymous_38)
FN:459,(anonymous_39)
FN:471,(anonymous_40)
FN:480,(anonymous_41)
FN:487,(anonymous_42)
FN:488,(anonymous_43)
FN:506,(anonymous_44)
FN:509,(anonymous_45)
FN:516,(anonymous_46)
FN:517,(anonymous_47)
FN:518,(anonymous_48)
FN:532,(anonymous_49)
FN:570,(anonymous_50)
FN:583,(anonymous_51)
FN:584,(anonymous_52)
FN:585,(anonymous_53)
FN:590,(anonymous_54)
FN:599,(anonymous_55)
FN:608,(anonymous_56)
FN:612,(anonymous_57)
FN:613,(anonymous_58)
FN:616,(anonymous_59)
FN:624,(anonymous_60)
FN:625,(anonymous_61)
FN:627,(anonymous_62)
FN:633,(anonymous_63)
FN:655,(anonymous_64)
FN:656,(anonymous_65)
FN:658,(anonymous_66)
FN:658,(anonymous_67)
FN:661,(anonymous_68)
FN:664,(anonymous_69)
FN:665,(anonymous_70)
FN:666,(anonymous_71)
FN:685,(anonymous_72)
FN:686,(anonymous_73)
FN:687,(anonymous_74)
FN:688,(anonymous_75)
FN:696,(anonymous_76)
FN:708,(anonymous_77)
FN:711,(anonymous_78)
FN:743,(anonymous_79)
FN:757,(anonymous_80)
FN:763,(anonymous_81)
FN:776,(anonymous_82)
FN:788,(anonymous_83)
FN:804,(anonymous_84)
FN:842,(anonymous_85)
FNF:86
FNH:2
FNDA:1,(anonymous_0)
FNDA:1,(anonymous_1)
FNDA:0,(anonymous_2)
FNDA:0,(anonymous_3)
FNDA:0,(anonymous_4)
FNDA:0,(anonymous_5)
FNDA:0,(anonymous_6)
FNDA:0,(anonymous_7)
FNDA:0,(anonymous_8)
FNDA:0,(anonymous_9)
FNDA:0,(anonymous_10)
FNDA:0,(anonymous_11)
FNDA:0,(anonymous_12)
FNDA:0,(anonymous_13)
FNDA:0,(anonymous_14)
FNDA:0,(anonymous_15)
FNDA:0,(anonymous_16)
FNDA:0,(anonymous_17)
FNDA:0,(anonymous_18)
FNDA:0,(anonymous_19)
FNDA:0,(anonymous_20)
FNDA:0,(anonymous_21)
FNDA:0,(anonymous_22)
FNDA:0,(anonymous_23)
FNDA:0,(anonymous_24)
FNDA:0,(anonymous_25)
FNDA:0,(anonymous_26)
FNDA:0,(anonymous_27)
FNDA:0,(anonymous_28)
FNDA:0,(anonymous_29)
FNDA:0,(anonymous_30)
FNDA:0,(anonymous_31)
FNDA:0,(anonymous_32)
FNDA:0,(anonymous_33)
FNDA:0,(anonymous_34)
FNDA:0,(anonymous_35)
FNDA:0,(anonymous_36)
FNDA:0,(anonymous_37)
FNDA:0,(anonymous_38)
FNDA:0,(anonymous_39)
FNDA:0,(anonymous_40)
FNDA:0,(anonymous_41)
FNDA:0,(anonymous_42)
FNDA:0,(anonymous_43)
FNDA:0,(anonymous_44)
FNDA:0,(anonymous_45)
FNDA:0,(anonymous_46)
FNDA:0,(anonymous_47)
FNDA:0,(anonymous_48)
FNDA:0,(anonymous_49)
FNDA:0,(anonymous_50)
FNDA:0,(anonymous_51)
FNDA:0,(anonymous_52)
FNDA:0,(anonymous_53)
FNDA:0,(anonymous_54)
FNDA:0,(anonymous_55)
FNDA:0,(anonymous_56)
FNDA:0,(anonymous_57)
FNDA:0,(anonymous_58)
FNDA:0,(anonymous_59)
FNDA:0,(anonymous_60)
FNDA:0,(anonymous_61)
FNDA:0,(anonymous_62)
FNDA:0,(anonymous_63)
FNDA:0,(anonymous_64)
FNDA:0,(anonymous_65)
FNDA:0,(anonymous_66)
FNDA:0,(anonymous_67)
FNDA:0,(anonymous_68)
FNDA:0,(anonymous_69)
FNDA:0,(anonymous_70)
FNDA:0,(anonymous_71)
FNDA:0,(anonymous_72)
FNDA:0,(anonymous_73)
FNDA:0,(anonymous_74)
FNDA:0,(anonymous_75)
FNDA:0,(anonymous_76)
FNDA:0,(anonymous_77)
FNDA:0,(anonymous_78)
FNDA:0,(anonymous_79)
FNDA:0,(anonymous_80)
FNDA:0,(anonymous_81)
FNDA:0,(anonymous_82)
FNDA:0,(anonymous_83)
FNDA:0,(anonymous_84)
FNDA:0,(anonymous_85)
DA:48,1
DA:49,1
DA:50,1
DA:51,1
DA:54,0
DA:58,0
DA:63,1
DA:64,1
DA:77,0
DA:79,0
DA:80,0
DA:81,0
DA:82,0
DA:83,0
DA:84,0
DA:87,0
DA:90,0
DA:93,0
DA:96,0
DA:97,0
DA:98,0
DA:99,0
DA:100,0
DA:102,0
DA:122,0
DA:126,0
DA:137,0
DA:138,0
DA:141,0
DA:143,0
DA:172,0
DA:178,0
DA:180,0
DA:184,0
DA:195,0
DA:197,0
DA:198,0
DA:199,0
DA:202,0
DA:203,0
DA:204,0
DA:206,0
DA:227,0
DA:231,0
DA:239,0
DA:240,0
DA:242,0
DA:243,0
DA:244,0
DA:258,0
DA:265,0
DA:266,0
DA:267,0
DA:269,0
DA:271,0
DA:272,0
DA:274,0
DA:275,0
DA:282,0
DA:283,0
DA:285,0
DA:286,0
DA:287,0
DA:288,0
DA:296,0
DA:305,0
DA:307,0
DA:308,0
DA:309,0
DA:311,0
DA:312,0
DA:313,0
DA:316,0
DA:317,0
DA:319,0
DA:326,0
DA:328,0
DA:331,0
DA:332,0
DA:333,0
DA:337,0
DA:338,0
DA:340,0
DA:347,0
DA:355,0
DA:359,0
DA:360,0
DA:361,0
DA:364,0
DA:365,0
DA:366,0
DA:370,0
DA:371,0
DA:372,0
DA:374,0
DA:378,0
DA:389,0
DA:390,0
DA:391,0
DA:394,0
DA:398,0
DA:399,0
DA:401,0
DA:403,0
DA:404,0
DA:406,0
DA:410,0
DA:419,0
DA:420,0
DA:421,0
DA:424,0
DA:433,0
DA:437,0
DA:440,0
DA:441,0
DA:453,0
DA:465,0
DA:472,0
DA:473,0
DA:474,0
DA:475,0
DA:479,0
DA:480,0
DA:481,0
DA:482,0
DA:483,0
DA:486,0
DA:487,0
DA:488,0
DA:490,0
DA:508,0
DA:509,0
DA:510,0
DA:517,0
DA:518,0
DA:520,0
DA:522,0
DA:531,0
DA:532,0
DA:533,0
DA:537,0
DA:540,0
DA:541,0
DA:542,0
DA:544,0
DA:545,0
DA:546,0
DA:547,0
DA:548,0
DA:550,0
DA:551,0
DA:552,0
DA:555,0
DA:572,0
DA:580,0
DA:581,0
DA:583,0
DA:584,0
DA:585,0
DA:587,0
DA:590,0
DA:592,0
DA:599,0
DA:609,0
DA:612,0
DA:613,0
DA:615,0
DA:616,0
DA:617,0
DA:618,0
DA:619,0
DA:623,0
DA:624,0
DA:625,0
DA:627,0
DA:633,0
DA:634,0
DA:636,0
DA:637,0
DA:638,0
DA:639,0
DA:641,0
DA:656,0
DA:657,0
DA:658,0
DA:661,0
DA:663,0
DA:664,0
DA:665,0
DA:666,0
DA:669,0
DA:674,0
DA:686,0
DA:687,0
DA:688,0
DA:691,0
DA:692,0
DA:693,0
DA:694,0
DA:696,0
DA:697,0
DA:698,0
DA:708,0
DA:709,0
DA:711,0
DA:712,0
DA:715,0
DA:716,0
DA:717,0
DA:718,0
DA:721,0
DA:723,0
DA:727,0
DA:744,0
DA:757,0
DA:758,0
DA:763,0
DA:764,0
DA:766,0
DA:777,0
DA:789,0
DA:805,0
DA:807,0
DA:808,0
DA:822,0
DA:823,0
DA:836,0
DA:843,0
DA:865,1
LF:229
LH:7
BRDA:49,0,0,1
BRDA:49,0,1,0
BRDA:84,1,0,0
BRDA:84,1,1,0
BRDA:87,2,0,0
BRDA:87,2,1,0
BRDA:90,3,0,0
BRDA:90,3,1,0
BRDA:93,4,0,0
BRDA:93,4,1,0
BRDA:124,5,0,0
BRDA:124,5,1,0
BRDA:137,6,0,0
BRDA:137,6,1,0
BRDA:137,7,0,0
BRDA:137,7,1,0
BRDA:155,8,0,0
BRDA:155,8,1,0
BRDA:169,9,0,0
BRDA:169,9,1,0
BRDA:182,10,0,0
BRDA:182,10,1,0
BRDA:198,11,0,0
BRDA:198,11,1,0
BRDA:204,12,0,0
BRDA:204,12,1,0
BRDA:208,13,0,0
BRDA:208,13,1,0
BRDA:209,14,0,0
BRDA:209,14,1,0
BRDA:211,15,0,0
BRDA:211,15,1,0
BRDA:213,16,0,0
BRDA:213,16,1,0
BRDA:215,17,0,0
BRDA:215,17,1,0
BRDA:216,18,0,0
BRDA:216,18,1,0
BRDA:221,19,0,0
BRDA:221,19,1,0
BRDA:222,20,0,0
BRDA:222,20,1,0
BRDA:223,21,0,0
BRDA:223,21,1,0
BRDA:229,22,0,0
BRDA:229,22,1,0
BRDA:243,23,0,0
BRDA:243,23,1,0
BRDA:243,24,0,0
BRDA:243,24,1,0
BRDA:243,24,2,0
BRDA:269,25,0,0
BRDA:269,25,1,0
BRDA:269,26,0,0
BRDA:269,26,1,0
BRDA:283,27,0,0
BRDA:283,27,1,0
BRDA:288,28,0,0
BRDA:288,28,1,0
BRDA:312,29,0,0
BRDA:312,29,1,0
BRDA:313,30,0,0
BRDA:313,30,1,0
BRDA:317,31,0,0
BRDA:317,31,1,0
BRDA:333,32,0,0
BRDA:333,32,1,0
BRDA:359,33,0,0
BRDA:359,33,1,0
BRDA:364,34,0,0
BRDA:364,34,1,0
BRDA:364,35,0,0
BRDA:364,35,1,0
BRDA:365,36,0,0
BRDA:365,36,1,0
BRDA:370,37,0,0
BRDA:370,37,1,0
BRDA:401,38,0,0
BRDA:401,38,1,0
BRDA:437,39,0,0
BRDA:437,39,1,0
BRDA:440,40,0,0
BRDA:440,40,1,0
BRDA:472,41,0,0
BRDA:472,41,1,0
BRDA:479,42,0,0
BRDA:479,42,1,0
BRDA:482,43,0,0
BRDA:482,43,1,0
BRDA:494,44,0,0
BRDA:494,44,1,0
BRDA:501,45,0,0
BRDA:501,45,1,0
BRDA:522,46,0,0
BRDA:522,46,1,0
BRDA:524,47,0,0
BRDA:524,47,1,0
BRDA:526,48,0,0
BRDA:526,48,1,0
BRDA:534,49,0,0
BRDA:534,49,1,0
BRDA:537,50,0,0
BRDA:537,50,1,0
BRDA:540,51,0,0
BRDA:540,51,1,0
BRDA:541,52,0,0
BRDA:541,52,1,0
BRDA:542,53,0,0
BRDA:542,53,1,0
BRDA:546,54,0,0
BRDA:546,54,1,0
BRDA:550,55,0,0
BRDA:550,55,1,0
BRDA:550,56,0,0
BRDA:550,56,1,0
BRDA:593,57,0,0
BRDA:593,57,1,0
BRDA:594,58,0,0
BRDA:594,58,1,0
BRDA:597,59,0,0
BRDA:597,59,1,0
BRDA:618,60,0,0
BRDA:618,60,1,0
BRDA:619,61,0,0
BRDA:619,61,1,0
BRDA:637,62,0,0
BRDA:637,62,1,0
BRDA:637,63,0,0
BRDA:637,63,1,0
BRDA:638,64,0,0
BRDA:638,64,1,0
BRDA:665,65,0,0
BRDA:665,65,1,0
BRDA:670,66,0,0
BRDA:670,66,1,0
BRDA:671,67,0,0
BRDA:671,67,1,0
BRDA:672,68,0,0
BRDA:672,68,1,0
BRDA:678,69,0,0
BRDA:678,69,1,0
BRDA:715,70,0,0
BRDA:715,70,1,0
BRDA:715,71,0,0
BRDA:715,71,1,0
BRDA:715,72,0,0
BRDA:715,72,1,0
BRDA:716,73,0,0
BRDA:716,73,1,0
BRDA:723,74,0,0
BRDA:723,74,1,0
BRDA:736,75,0,0
BRDA:736,75,1,0
BRDA:759,76,0,0
BRDA:759,76,1,0
BRDA:807,77,0,0
BRDA:807,77,1,0
BRDA:822,78,0,0
BRDA:822,78,1,0
BRF:159
BRH:1
end_of_record
TN:
SF:src\features\writing-assistant\types\index.ts
FN:359,isWritingSuggestion
FN:369,isContentAnalysis
FNF:2
FNH:0
FNDA:0,isWritingSuggestion
FNDA:0,isContentAnalysis
DA:273,1
DA:360,0
DA:370,0
DA:383,1
LF:4
LH:2
BRDA:361,0,0,0
BRDA:361,0,1,0
BRDA:361,0,2,0
BRDA:361,0,3,0
BRDA:361,0,4,0
BRDA:371,1,0,0
BRDA:371,1,1,0
BRDA:371,1,2,0
BRDA:371,1,3,0
BRDA:371,1,4,0
BRF:10
BRH:0
end_of_record
TN:
SF:src\lib\ai-config.ts
FN:32,getAIConfig
FN:95,getEnabledProviders
FN:104,(anonymous_2)
FN:116,getModelForTask
FNF:4
FNH:3
FNDA:1,getAIConfig
FNDA:1,getEnabledProviders
FNDA:4,(anonymous_2)
FNDA:0,getModelForTask
DA:34,1
DA:35,1
DA:37,1
DA:96,1
DA:99,1
DA:100,1
DA:104,1
DA:105,4
DA:106,3
DA:110,1
DA:121,0
LF:11
LH:10
BRDA:35,0,0,1
BRDA:35,0,1,0
BRDA:38,1,0,1
BRDA:38,1,1,0
BRDA:41,2,0,1
BRDA:41,2,1,0
BRDA:42,3,0,1
BRDA:42,3,1,1
BRDA:99,4,0,1
BRDA:99,4,1,0
BRDA:105,5,0,3
BRDA:105,5,1,1
BRDA:105,6,0,4
BRDA:105,6,1,3
BRF:14
BRH:10
end_of_record
TN:
SF:src\lib\cache.ts
FN:3,(anonymous_0)
FN:7,(anonymous_1)
FN:11,(anonymous_2)
FN:15,(anonymous_3)
FN:19,(anonymous_4)
FNF:5
FNH:1
FNDA:0,(anonymous_0)
FNDA:0,(anonymous_1)
FNDA:0,(anonymous_2)
FNDA:1,(anonymous_3)
FNDA:0,(anonymous_4)
DA:1,1
DA:3,1
DA:4,0
DA:7,1
DA:8,0
DA:11,1
DA:12,0
DA:15,1
DA:19,1
DA:20,0
DA:21,0
DA:22,0
DA:23,0
DA:25,0
DA:26,0
DA:27,0
LF:16
LH:6
BRDA:22,0,0,0
BRDA:22,0,1,0
BRF:2
BRH:0
end_of_record
TN:
SF:src\lib\db.ts
FN:21,(anonymous_0)
FN:41,(anonymous_1)
FN:49,(anonymous_2)
FN:68,(anonymous_3)
FN:126,(anonymous_4)
FN:154,(anonymous_5)
FN:179,(anonymous_6)
FN:234,(anonymous_7)
FN:301,(anonymous_8)
FN:310,(anonymous_9)
FN:327,(anonymous_10)
FN:334,(anonymous_11)
FN:338,(anonymous_12)
FNF:13
FNH:7
FNDA:7,(anonymous_0)
FNDA:4,(anonymous_1)
FNDA:5,(anonymous_2)
FNDA:2,(anonymous_3)
FNDA:1,(anonymous_4)
FNDA:0,(anonymous_5)
FNDA:1,(anonymous_6)
FNDA:0,(anonymous_7)
FNDA:0,(anonymous_8)
FNDA:0,(anonymous_9)
FNDA:0,(anonymous_10)
FNDA:0,(anonymous_11)
FNDA:1,(anonymous_12)
DA:7,2
DA:8,2
DA:21,2
DA:23,7
DA:24,7
DA:25,6
DA:27,6
DA:31,1
DA:32,7
DA:34,7
DA:41,2
DA:42,4
DA:44,4
DA:47,2
DA:49,2
DA:50,5
DA:52,5
DA:53,5
DA:55,1
DA:56,1
DA:60,1
DA:62,1
DA:63,1
DA:67,2
DA:69,2
DA:70,2
DA:71,0
DA:73,0
DA:90,0
DA:91,0
DA:93,0
DA:94,0
DA:96,0
DA:97,0
DA:101,0
DA:102,0
DA:106,0
DA:117,0
DA:119,0
DA:122,2
DA:127,1
DA:128,1
DA:129,1
DA:130,0
DA:132,0
DA:153,0
DA:154,0
DA:161,0
DA:163,0
DA:165,0
DA:169,1
DA:173,1
DA:174,1
DA:175,1
DA:180,1
DA:181,1
DA:182,1
DA:183,0
DA:184,0
DA:188,0
DA:189,0
DA:190,0
DA:192,0
DA:199,0
DA:202,0
DA:204,0
DA:207,0
DA:211,0
DA:234,0
DA:269,0
DA:270,0
DA:271,0
DA:272,0
DA:274,0
DA:275,0
DA:278,0
DA:279,0
DA:282,1
DA:286,1
DA:287,1
DA:288,1
DA:290,1
DA:304,0
DA:305,0
DA:306,0
DA:307,0
DA:310,0
DA:318,0
DA:319,0
DA:322,0
DA:326,0
DA:327,0
DA:334,0
DA:339,1
DA:340,1
DA:341,1
DA:342,0
DA:343,0
DA:351,0
DA:354,1
DA:358,1
DA:359,1
LF:102
LH:48
BRDA:23,0,0,7
BRDA:23,0,1,0
BRDA:24,1,0,6
BRDA:24,1,1,1
BRDA:31,2,0,1
BRDA:31,2,1,1
BRDA:32,3,0,7
BRDA:32,3,1,1
BRDA:35,4,0,7
BRDA:35,4,1,0
BRDA:36,5,0,7
BRDA:36,5,1,0
BRDA:37,6,0,7
BRDA:37,6,1,1
BRDA:50,7,0,0
BRDA:50,7,1,5
BRDA:53,8,0,4
BRDA:53,8,1,1
BRDA:53,9,0,5
BRDA:53,9,1,1
BRDA:70,10,0,0
BRDA:70,10,1,2
BRDA:129,11,0,0
BRDA:129,11,1,1
BRDA:143,12,0,0
BRDA:143,12,1,0
BRDA:148,13,0,0
BRDA:148,13,1,0
BRDA:153,14,0,0
BRDA:153,14,1,0
BRDA:169,15,0,1
BRDA:169,15,1,1
BRDA:182,16,0,0
BRDA:182,16,1,1
BRDA:188,17,0,0
BRDA:188,17,1,0
BRDA:190,18,0,0
BRDA:190,18,1,0
BRDA:202,19,0,0
BRDA:202,19,1,0
BRDA:207,20,0,0
BRDA:207,20,1,0
BRDA:209,21,0,0
BRDA:209,21,1,0
BRDA:212,22,0,0
BRDA:212,22,1,0
BRDA:213,23,0,0
BRDA:213,23,1,0
BRDA:214,24,0,0
BRDA:214,24,1,0
BRDA:215,25,0,0
BRDA:215,25,1,0
BRDA:216,26,0,0
BRDA:216,26,1,0
BRDA:220,27,0,0
BRDA:220,27,1,0
BRDA:221,28,0,0
BRDA:221,28,1,0
BRDA:231,29,0,0
BRDA:231,29,1,0
BRDA:235,30,0,0
BRDA:235,30,1,0
BRDA:236,31,0,0
BRDA:236,31,1,0
BRDA:237,32,0,0
BRDA:237,32,1,0
BRDA:238,33,0,0
BRDA:238,33,1,0
BRDA:239,34,0,0
BRDA:239,34,1,0
BRDA:240,35,0,0
BRDA:240,35,1,0
BRDA:270,36,0,0
BRDA:270,36,1,0
BRDA:282,37,0,1
BRDA:282,37,1,0
BRDA:287,38,0,0
BRDA:287,38,1,1
BRDA:288,39,0,1
BRDA:288,39,1,0
BRDA:292,40,0,1
BRDA:292,40,1,0
BRDA:293,41,0,1
BRDA:293,41,1,0
BRDA:294,42,0,1
BRDA:294,42,1,0
BRDA:295,43,0,1
BRDA:295,43,1,0
BRDA:305,44,0,0
BRDA:305,44,1,0
BRDA:322,45,0,0
BRDA:322,45,1,0
BRDA:331,46,0,0
BRDA:331,46,1,0
BRDA:341,47,0,0
BRDA:341,47,1,1
BRDA:354,48,0,1
BRDA:354,48,1,0
BRF:98
BRH:30
end_of_record
TN:
SF:src\lib\utils.ts
FN:8,cn
FN:16,getUserId
FN:23,(anonymous_2)
FN:37,debounce
FN:43,(anonymous_4)
FN:45,(anonymous_5)
FN:52,formatNumber
FN:59,truncateText
FN:73,(anonymous_8)
FN:83,(anonymous_9)
FN:92,(anonymous_10)
FN:107,(anonymous_11)
FN:115,(anonymous_12)
FNF:13
FNH:2
FNDA:1039,cn
FNDA:0,getUserId
FNDA:0,(anonymous_2)
FNDA:0,debounce
FNDA:0,(anonymous_4)
FNDA:0,(anonymous_5)
FNDA:0,formatNumber
FNDA:0,truncateText
FNDA:0,(anonymous_8)
FNDA:0,(anonymous_9)
FNDA:0,(anonymous_10)
FNDA:0,(anonymous_11)
FNDA:54,(anonymous_12)
DA:9,1039
DA:17,0
DA:18,0
DA:20,0
DA:21,0
DA:22,0
DA:23,0
DA:27,0
DA:28,0
DA:29,0
DA:31,0
DA:43,0
DA:44,0
DA:45,0
DA:53,0
DA:60,0
DA:61,0
DA:67,5
DA:72,5
DA:74,0
DA:75,0
DA:76,0
DA:77,0
DA:79,0
DA:84,0
DA:85,0
DA:86,0
DA:88,0
DA:93,0
DA:94,0
DA:95,0
DA:97,0
DA:107,5
DA:108,0
DA:115,5
DA:116,54
LF:36
LH:6
BRDA:18,0,0,0
BRDA:18,0,1,0
BRDA:18,1,0,0
BRDA:18,1,1,0
BRDA:52,2,0,0
BRDA:60,3,0,0
BRDA:60,3,1,0
BRDA:74,4,0,0
BRDA:74,4,1,0
BRDA:77,5,0,0
BRDA:77,5,1,0
BRDA:77,6,0,0
BRDA:77,6,1,0
BRDA:84,7,0,0
BRDA:84,7,1,0
BRDA:93,8,0,0
BRDA:93,8,1,0
BRDA:108,9,0,0
BRDA:108,9,1,0
BRF:19
BRH:0
end_of_record
TN:
SF:src\lib\validation.ts
FN:28,(anonymous_0)
FN:30,(anonymous_1)
FN:42,(anonymous_2)
FN:127,(anonymous_3)
FN:159,(anonymous_4)
FN:185,(anonymous_5)
FN:198,(anonymous_6)
FN:198,(anonymous_7)
FN:212,(anonymous_8)
FN:248,(anonymous_9)
FN:302,(anonymous_10)
FN:339,(anonymous_11)
FN:350,(anonymous_12)
FN:358,(anonymous_13)
FN:365,(anonymous_14)
FN:366,(anonymous_15)
FN:386,(anonymous_16)
FN:436,(anonymous_17)
FN:454,(anonymous_18)
FN:466,(anonymous_19)
FN:516,(anonymous_20)
FN:518,(anonymous_21)
FN:520,(anonymous_22)
FN:521,(anonymous_23)
FN:522,(anonymous_24)
FN:523,(anonymous_25)
FN:524,(anonymous_26)
FN:532,(anonymous_27)
FN:538,(anonymous_28)
FN:550,(anonymous_29)
FN:554,(anonymous_30)
FNF:31
FNH:21
FNDA:1,(anonymous_0)
FNDA:1,(anonymous_1)
FNDA:8,(anonymous_2)
FNDA:0,(anonymous_3)
FNDA:8,(anonymous_4)
FNDA:2,(anonymous_5)
FNDA:2,(anonymous_6)
FNDA:1,(anonymous_7)
FNDA:2,(anonymous_8)
FNDA:4,(anonymous_9)
FNDA:0,(anonymous_10)
FNDA:0,(anonymous_11)
FNDA:4,(anonymous_12)
FNDA:6,(anonymous_13)
FNDA:1,(anonymous_14)
FNDA:2,(anonymous_15)
FNDA:2,(anonymous_16)
FNDA:0,(anonymous_17)
FNDA:2,(anonymous_18)
FNDA:5,(anonymous_19)
FNDA:4,(anonymous_20)
FNDA:0,(anonymous_21)
FNDA:1,(anonymous_22)
FNDA:0,(anonymous_23)
FNDA:0,(anonymous_24)
FNDA:0,(anonymous_25)
FNDA:2,(anonymous_26)
FNDA:2,(anonymous_27)
FNDA:0,(anonymous_28)
FNDA:2,(anonymous_29)
FNDA:0,(anonymous_30)
DA:31,1
DA:32,1
DA:43,8
DA:45,8
DA:46,8
DA:47,1
DA:51,7
DA:52,7
DA:54,7
DA:114,7
DA:116,0
DA:128,0
DA:129,0
DA:130,0
DA:134,0
DA:135,0
DA:136,0
DA:137,0
DA:138,0
DA:153,0
DA:160,8
DA:162,8
DA:163,8
DA:164,4
DA:167,4
DA:170,4
DA:173,4
DA:174,4
DA:175,4
DA:176,0
DA:184,4
DA:185,2
DA:188,4
DA:189,4
DA:190,0
DA:198,4
DA:199,4
DA:200,2
DA:201,0
DA:206,0
DA:211,4
DA:212,4
DA:213,2
DA:214,1
DA:220,2
DA:223,4
DA:224,1
DA:231,3
DA:233,0
DA:249,4
DA:250,4
DA:251,4
DA:252,0
DA:255,4
DA:258,4
DA:259,1
DA:273,3
DA:274,3
DA:276,1
DA:289,2
DA:291,0
DA:303,0
DA:304,0
DA:305,0
DA:309,0
DA:310,0
DA:311,0
DA:315,0
DA:329,0
DA:340,0
DA:351,4
DA:352,4
DA:359,6
DA:366,2
DA:368,1
DA:369,1
DA:371,1
DA:393,2
DA:394,2
DA:395,1
DA:402,1
DA:403,1
DA:404,1
DA:406,1
DA:423,1
DA:425,0
DA:441,0
DA:442,0
DA:444,0
DA:456,2
DA:467,5
DA:468,5
DA:469,1
DA:476,4
DA:477,2
DA:490,2
DA:491,2
DA:493,0
DA:506,1
DA:515,1
DA:517,4
DA:519,0
DA:520,1
DA:521,0
DA:522,0
DA:523,0
DA:525,2
DA:531,1
DA:533,2
DA:534,2
DA:535,1
DA:539,0
DA:540,0
DA:541,0
DA:549,1
DA:551,2
DA:552,2
DA:555,0
DA:556,0
LF:119
LH:79
BRDA:46,0,0,1
BRDA:46,0,1,7
BRDA:118,1,0,0
BRDA:118,1,1,0
BRDA:129,2,0,0
BRDA:129,2,1,0
BRDA:134,3,0,0
BRDA:134,3,1,0
BRDA:136,4,0,0
BRDA:136,4,1,0
BRDA:136,5,0,0
BRDA:136,5,1,0
BRDA:137,6,0,0
BRDA:137,6,1,0
BRDA:163,7,0,4
BRDA:163,7,1,4
BRDA:175,8,0,0
BRDA:175,8,1,4
BRDA:189,9,0,0
BRDA:189,9,1,4
BRDA:200,10,0,0
BRDA:200,10,1,2
BRDA:213,11,0,1
BRDA:213,11,1,1
BRDA:223,12,0,1
BRDA:223,12,1,3
BRDA:235,13,0,0
BRDA:235,13,1,0
BRDA:251,14,0,0
BRDA:251,14,1,4
BRDA:258,15,0,1
BRDA:258,15,1,3
BRDA:258,16,0,4
BRDA:258,16,1,3
BRDA:274,17,0,1
BRDA:274,17,1,2
BRDA:293,18,0,0
BRDA:293,18,1,0
BRDA:304,19,0,0
BRDA:304,19,1,0
BRDA:309,20,0,0
BRDA:309,20,1,0
BRDA:311,21,0,0
BRDA:311,21,1,0
BRDA:312,22,0,0
BRDA:312,22,1,0
BRDA:351,23,0,0
BRDA:351,23,1,4
BRDA:351,24,0,4
BRDA:351,24,1,4
BRDA:368,25,0,1
BRDA:368,25,1,0
BRDA:390,26,0,2
BRDA:391,27,0,2
BRDA:394,28,0,1
BRDA:394,28,1,1
BRDA:427,29,0,0
BRDA:427,29,1,0
BRDA:441,30,0,0
BRDA:441,30,1,0
BRDA:468,31,0,1
BRDA:468,31,1,4
BRDA:476,32,0,2
BRDA:476,32,1,2
BRDA:495,33,0,0
BRDA:495,33,1,0
BRDA:534,34,0,1
BRDA:534,34,1,1
BRDA:540,35,0,0
BRDA:540,35,1,0
BRDA:552,36,0,1
BRDA:552,36,1,1
BRDA:556,37,0,0
BRDA:556,37,1,0
BRF:74
BRH:34
end_of_record
TN:
SF:src\lib\db\ai-preferences.ts
FN:25,getClient
FN:50,initAIPreferencesDB
FN:70,getUserAIPreference
FN:117,saveUserAIPreference
FN:172,getProviderCapabilities
FN:186,(anonymous_5)
FN:209,(anonymous_6)
FN:213,saveProviderCapability
FN:261,(anonymous_8)
FN:279,logUsageAnalytic
FN:325,getUserUsageStats
FN:388,(anonymous_11)
FN:395,(anonymous_12)
FN:396,(anonymous_13)
FN:398,(anonymous_14)
FN:400,(anonymous_15)
FN:416,getProviderHealth
FN:428,(anonymous_17)
FN:448,(anonymous_18)
FN:452,updateProviderHealth
FN:493,(anonymous_20)
FNF:21
FNH:19
FNDA:49,getClient
FNDA:1,initAIPreferencesDB
FNDA:6,getUserAIPreference
FNDA:6,saveUserAIPreference
FNDA:4,getProviderCapabilities
FNDA:0,(anonymous_5)
FNDA:4,(anonymous_6)
FNDA:8,saveProviderCapability
FNDA:3,(anonymous_8)
FNDA:7,logUsageAnalytic
FNDA:5,getUserUsageStats
FNDA:6,(anonymous_11)
FNDA:5,(anonymous_12)
FNDA:5,(anonymous_13)
FNDA:5,(anonymous_14)
FNDA:5,(anonymous_15)
FNDA:4,getProviderHealth
FNDA:0,(anonymous_17)
FNDA:4,(anonymous_18)
FNDA:8,updateProviderHealth
FNDA:3,(anonymous_20)
DA:20,1
DA:26,49
DA:27,49
DA:29,49
DA:31,0
DA:36,0
DA:37,0
DA:42,0
DA:43,0
DA:51,1
DA:52,1
DA:53,0
DA:54,0
DA:55,0
DA:57,0
DA:59,0
DA:62,1
DA:71,6
DA:73,6
DA:74,0
DA:75,0
DA:80,0
DA:82,0
DA:83,0
DA:85,0
DA:103,0
DA:104,0
DA:107,6
DA:108,6
DA:109,6
DA:111,1
DA:112,1
DA:118,6
DA:120,6
DA:121,0
DA:122,0
DA:160,0
DA:161,0
DA:164,6
DA:175,4
DA:177,4
DA:178,0
DA:179,0
DA:182,0
DA:184,0
DA:186,0
DA:203,0
DA:204,0
DA:207,4
DA:208,4
DA:209,4
DA:214,8
DA:216,8
DA:217,0
DA:218,0
DA:254,0
DA:255,0
DA:258,8
DA:259,8
DA:260,8
DA:262,3
DA:265,8
DA:266,1
DA:268,7
DA:271,8
DA:280,7
DA:282,7
DA:283,0
DA:284,0
DA:307,0
DA:310,7
DA:311,7
DA:312,7
DA:313,7
DA:330,5
DA:332,5
DA:333,0
DA:334,0
DA:344,0
DA:346,0
DA:347,0
DA:348,0
DA:350,0
DA:351,0
DA:352,0
DA:355,0
DA:356,0
DA:358,0
DA:359,0
DA:368,0
DA:376,0
DA:377,0
DA:386,5
DA:387,5
DA:388,5
DA:389,6
DA:390,6
DA:391,5
DA:392,5
DA:395,5
DA:396,5
DA:397,5
DA:398,5
DA:400,5
DA:402,5
DA:417,4
DA:419,4
DA:420,0
DA:421,0
DA:424,0
DA:426,0
DA:428,0
DA:442,0
DA:443,0
DA:446,4
DA:447,4
DA:448,4
DA:453,8
DA:455,8
DA:456,0
DA:457,0
DA:487,0
DA:488,0
DA:491,8
DA:492,8
DA:493,8
DA:495,8
DA:496,1
DA:498,7
DA:501,8
LF:130
LH:67
BRDA:29,0,0,49
BRDA:29,0,1,0
BRDA:29,1,0,49
BRDA:29,1,1,0
BRDA:52,2,0,0
BRDA:52,2,1,1
BRDA:73,3,0,0
BRDA:73,3,1,6
BRDA:80,4,0,0
BRDA:80,4,1,0
BRDA:83,5,0,0
BRDA:83,5,1,0
BRDA:109,6,0,5
BRDA:109,6,1,1
BRDA:120,7,0,0
BRDA:120,7,1,6
BRDA:146,8,0,0
BRDA:146,8,1,0
BRDA:177,9,0,0
BRDA:177,9,1,4
BRDA:179,10,0,0
BRDA:179,10,1,0
BRDA:182,11,0,0
BRDA:182,11,1,0
BRDA:208,12,0,4
BRDA:208,12,1,0
BRDA:209,13,0,3
BRDA:209,13,1,1
BRDA:216,14,0,0
BRDA:216,14,1,8
BRDA:244,15,0,0
BRDA:244,15,1,0
BRDA:245,16,0,0
BRDA:245,16,1,0
BRDA:246,17,0,0
BRDA:246,17,1,0
BRDA:259,18,0,3
BRDA:259,18,1,5
BRDA:262,19,0,3
BRDA:262,19,1,1
BRDA:265,20,0,1
BRDA:265,20,1,7
BRDA:282,21,0,0
BRDA:282,21,1,7
BRDA:300,22,0,0
BRDA:300,22,1,0
BRDA:311,23,0,3
BRDA:311,23,1,4
BRDA:332,24,0,0
BRDA:332,24,1,5
BRDA:346,25,0,0
BRDA:346,25,1,0
BRDA:350,26,0,0
BRDA:350,26,1,0
BRDA:358,27,0,0
BRDA:358,27,1,0
BRDA:369,28,0,0
BRDA:369,28,1,0
BRDA:370,29,0,0
BRDA:370,29,1,0
BRDA:371,30,0,0
BRDA:371,30,1,0
BRDA:372,31,0,0
BRDA:372,31,1,0
BRDA:373,32,0,0
BRDA:373,32,1,0
BRDA:387,33,0,3
BRDA:387,33,1,2
BRDA:389,34,0,0
BRDA:389,34,1,6
BRDA:390,35,0,1
BRDA:390,35,1,5
BRDA:390,36,0,6
BRDA:390,36,1,2
BRDA:391,37,0,0
BRDA:391,37,1,5
BRDA:391,38,0,5
BRDA:391,38,1,0
BRDA:400,39,0,3
BRDA:400,39,1,2
BRDA:406,40,0,3
BRDA:406,40,1,2
BRDA:419,41,0,0
BRDA:419,41,1,4
BRDA:421,42,0,0
BRDA:421,42,1,0
BRDA:424,43,0,0
BRDA:424,43,1,0
BRDA:447,44,0,4
BRDA:447,44,1,0
BRDA:448,45,0,3
BRDA:448,45,1,1
BRDA:455,46,0,0
BRDA:455,46,1,8
BRDA:492,47,0,3
BRDA:492,47,1,5
BRDA:495,48,0,1
BRDA:495,48,1,7
BRF:98
BRH:44
end_of_record
TN:
SF:src\lib\db\schemas\ai-preferences-schema.ts
FNF:0
FNH:0
DA:93,1
DA:113,1
DA:133,1
DA:151,1
DA:171,1
DA:183,1
LF:6
LH:6
BRF:0
BRH:0
end_of_record
TN:
SF:src\lib\errors\error-types.ts
FN:118,(anonymous_0)
FN:124,(anonymous_1)
FN:127,(anonymous_2)
FN:130,(anonymous_3)
FN:133,(anonymous_4)
FN:136,(anonymous_5)
FN:139,(anonymous_6)
FN:145,(anonymous_7)
FN:175,(anonymous_8)
FN:198,(anonymous_9)
FN:219,(anonymous_10)
FN:242,(anonymous_11)
FN:269,(anonymous_12)
FN:294,(anonymous_13)
FN:318,(anonymous_14)
FN:372,(anonymous_15)
FNF:16
FNH:0
FNDA:0,(anonymous_0)
FNDA:0,(anonymous_1)
FNDA:0,(anonymous_2)
FNDA:0,(anonymous_3)
FNDA:0,(anonymous_4)
FNDA:0,(anonymous_5)
FNDA:0,(anonymous_6)
FNDA:0,(anonymous_7)
FNDA:0,(anonymous_8)
FNDA:0,(anonymous_9)
FNDA:0,(anonymous_10)
FNDA:0,(anonymous_11)
FNDA:0,(anonymous_12)
FNDA:0,(anonymous_13)
FNDA:0,(anonymous_14)
FNDA:0,(anonymous_15)
DA:118,1
DA:119,0
DA:124,1
DA:125,0
DA:127,1
DA:128,0
DA:130,1
DA:131,0
DA:133,1
DA:134,0
DA:136,1
DA:137,0
DA:139,1
DA:140,0
DA:145,1
DA:157,0
DA:175,1
DA:184,0
DA:198,1
DA:206,0
DA:219,1
DA:228,0
DA:242,1
DA:253,0
DA:269,1
DA:279,0
DA:294,1
DA:302,0
DA:318,1
DA:320,0
DA:321,0
DA:325,0
DA:327,0
DA:328,0
DA:336,0
DA:337,0
DA:345,0
DA:346,0
DA:354,0
DA:362,0
DA:363,0
DA:372,1
DA:373,0
DA:375,0
DA:377,0
DA:378,0
DA:379,0
DA:380,0
DA:381,0
DA:382,0
DA:383,0
DA:386,0
DA:391,0
DA:394,0
DA:397,0
DA:400,0
DA:403,0
DA:406,0
LF:58
LH:16
BRDA:119,0,0,0
BRDA:119,0,1,0
BRDA:119,0,2,0
BRDA:119,0,3,0
BRDA:125,1,0,0
BRDA:125,1,1,0
BRDA:125,1,2,0
BRDA:128,2,0,0
BRDA:128,2,1,0
BRDA:128,2,2,0
BRDA:131,3,0,0
BRDA:131,3,1,0
BRDA:131,3,2,0
BRDA:134,4,0,0
BRDA:134,4,1,0
BRDA:134,4,2,0
BRDA:137,5,0,0
BRDA:137,5,1,0
BRDA:137,5,2,0
BRDA:140,6,0,0
BRDA:140,6,1,0
BRDA:140,6,2,0
BRDA:163,7,0,0
BRDA:163,7,1,0
BRDA:163,8,0,0
BRDA:163,8,1,0
BRDA:258,9,0,0
BRDA:258,9,1,0
BRDA:320,10,0,0
BRDA:320,10,1,0
BRDA:320,11,0,0
BRDA:320,11,1,0
BRDA:320,11,2,0
BRDA:320,11,3,0
BRDA:325,12,0,0
BRDA:325,12,1,0
BRDA:327,13,0,0
BRDA:327,13,1,0
BRDA:327,14,0,0
BRDA:327,14,1,0
BRDA:329,15,0,0
BRDA:329,15,1,0
BRDA:336,16,0,0
BRDA:336,16,1,0
BRDA:336,17,0,0
BRDA:336,17,1,0
BRDA:339,18,0,0
BRDA:339,18,1,0
BRDA:345,19,0,0
BRDA:345,19,1,0
BRDA:345,20,0,0
BRDA:345,20,1,0
BRDA:356,21,0,0
BRDA:356,21,1,0
BRDA:362,22,0,0
BRDA:362,22,1,0
BRDA:365,23,0,0
BRDA:365,23,1,0
BRDA:375,24,0,0
BRDA:375,24,1,0
BRDA:375,24,2,0
BRDA:375,24,3,0
BRDA:375,24,4,0
BRDA:375,24,5,0
BRDA:375,24,6,0
BRDA:375,24,7,0
BRDA:377,25,0,0
BRDA:377,25,1,0
BRDA:378,26,0,0
BRDA:378,26,1,0
BRDA:379,27,0,0
BRDA:379,27,1,0
BRDA:380,28,0,0
BRDA:380,28,1,0
BRDA:381,29,0,0
BRDA:381,29,1,0
BRDA:381,30,0,0
BRDA:381,30,1,0
BRDA:386,31,0,0
BRDA:386,31,1,0
BRDA:391,32,0,0
BRDA:391,32,1,0
BRF:82
BRH:0
end_of_record
TN:
SF:src\lib\errors\logging.ts
FN:43,(anonymous_0)
FN:47,(anonymous_1)
FN:57,(anonymous_2)
FN:64,(anonymous_3)
FN:84,(anonymous_4)
FN:95,(anonymous_5)
FN:106,(anonymous_6)
FN:117,(anonymous_7)
FN:137,(anonymous_8)
FN:139,(anonymous_9)
FN:145,(anonymous_10)
FN:180,(anonymous_11)
FN:190,(anonymous_12)
FN:200,(anonymous_13)
FN:210,(anonymous_14)
FN:229,(anonymous_15)
FN:237,(anonymous_16)
FN:247,(anonymous_17)
FN:264,(anonymous_18)
FN:267,(anonymous_19)
FN:271,(anonymous_20)
FN:275,(anonymous_21)
FN:279,(anonymous_22)
FN:291,(anonymous_23)
FN:313,(anonymous_24)
FN:315,(anonymous_25)
FN:317,(anonymous_26)
FN:319,(anonymous_27)
FN:321,(anonymous_28)
FN:323,(anonymous_29)
FN:339,(anonymous_30)
FN:362,(anonymous_31)
FN:365,(anonymous_32)
FN:371,(anonymous_33)
FN:387,(anonymous_34)
FNF:35
FNH:5
FNDA:1,(anonymous_0)
FNDA:0,(anonymous_1)
FNDA:0,(anonymous_2)
FNDA:0,(anonymous_3)
FNDA:0,(anonymous_4)
FNDA:0,(anonymous_5)
FNDA:0,(anonymous_6)
FNDA:0,(anonymous_7)
FNDA:0,(anonymous_8)
FNDA:0,(anonymous_9)
FNDA:0,(anonymous_10)
FNDA:0,(anonymous_11)
FNDA:0,(anonymous_12)
FNDA:0,(anonymous_13)
FNDA:0,(anonymous_14)
FNDA:2,(anonymous_15)
FNDA:0,(anonymous_16)
FNDA:0,(anonymous_17)
FNDA:0,(anonymous_18)
FNDA:0,(anonymous_19)
FNDA:0,(anonymous_20)
FNDA:0,(anonymous_21)
FNDA:0,(anonymous_22)
FNDA:0,(anonymous_23)
FNDA:1,(anonymous_24)
FNDA:1,(anonymous_25)
FNDA:0,(anonymous_26)
FNDA:0,(anonymous_27)
FNDA:0,(anonymous_28)
FNDA:0,(anonymous_29)
FNDA:1,(anonymous_30)
FNDA:0,(anonymous_31)
FNDA:0,(anonymous_32)
FNDA:0,(anonymous_33)
FNDA:0,(anonymous_34)
DA:40,1
DA:44,1
DA:48,0
DA:54,0
DA:58,0
DA:59,0
DA:60,0
DA:61,0
DA:65,0
DA:67,0
DA:68,0
DA:70,0
DA:71,0
DA:73,0
DA:74,0
DA:76,0
DA:77,0
DA:79,0
DA:80,0
DA:85,0
DA:86,0
DA:96,0
DA:97,0
DA:107,0
DA:108,0
DA:118,0
DA:119,0
DA:135,0
DA:140,0
DA:141,0
DA:146,0
DA:148,0
DA:163,0
DA:165,0
DA:166,0
DA:171,0
DA:181,0
DA:191,0
DA:201,0
DA:211,0
DA:233,2
DA:234,2
DA:238,0
DA:244,0
DA:253,0
DA:255,0
DA:264,0
DA:268,0
DA:272,0
DA:276,0
DA:280,0
DA:292,0
DA:294,0
DA:314,1
DA:315,1
DA:318,0
DA:320,0
DA:322,0
DA:324,0
DA:334,1
DA:339,1
DA:340,1
DA:341,1
DA:344,1
DA:345,0
DA:348,1
DA:350,1
DA:356,1
DA:361,1
DA:363,0
DA:364,0
DA:365,0
DA:366,0
DA:367,0
DA:372,0
DA:373,0
DA:374,0
DA:375,0
DA:376,0
DA:378,0
DA:379,0
DA:387,1
DA:388,0
LF:83
LH:16
BRDA:43,0,0,1
BRDA:59,1,0,0
BRDA:59,1,1,0
BRDA:60,2,0,0
BRDA:60,2,1,0
BRDA:60,3,0,0
BRDA:60,3,1,0
BRDA:65,4,0,0
BRDA:65,4,1,0
BRDA:68,5,0,0
BRDA:68,5,1,0
BRDA:68,5,2,0
BRDA:68,5,3,0
BRDA:85,6,0,0
BRDA:85,6,1,0
BRDA:96,7,0,0
BRDA:96,7,1,0
BRDA:107,8,0,0
BRDA:107,8,1,0
BRDA:118,9,0,0
BRDA:118,9,1,0
BRDA:122,10,0,0
BRDA:122,10,1,0
BRDA:123,11,0,0
BRDA:123,11,1,0
BRDA:124,12,0,0
BRDA:124,12,1,0
BRDA:140,13,0,0
BRDA:140,13,1,0
BRDA:140,14,0,0
BRDA:140,14,1,0
BRDA:163,15,0,0
BRDA:163,15,1,0
BRDA:165,16,0,0
BRDA:165,16,1,0
BRDA:165,17,0,0
BRDA:165,17,1,0
BRDA:214,18,0,0
BRDA:214,18,1,0
BRDA:215,19,0,0
BRDA:215,19,1,0
BRDA:230,20,0,2
BRDA:231,21,0,2
BRDA:253,22,0,0
BRDA:253,22,1,0
BRDA:282,23,0,0
BRDA:282,23,1,0
BRDA:284,24,0,0
BRDA:284,24,1,0
BRDA:292,25,0,0
BRDA:292,25,1,0
BRDA:340,26,0,1
BRDA:340,26,1,0
BRDA:344,27,0,0
BRDA:344,27,1,1
BRDA:344,28,0,1
BRDA:344,28,1,1
BRDA:348,29,0,1
BRDA:348,29,1,0
BRF:59
BRH:8
end_of_record
TN:
SF:src\lib\stores\analyticsStore.ts
FN:73,(anonymous_0)
FN:89,(anonymous_1)
FN:103,(anonymous_2)
FN:124,(anonymous_3)
FN:155,(anonymous_4)
FN:176,(anonymous_5)
FN:193,(anonymous_6)
FN:210,(anonymous_7)
FN:222,(anonymous_8)
FN:244,(anonymous_9)
FN:258,(anonymous_10)
FN:267,(anonymous_11)
FN:287,(anonymous_12)
FN:290,(anonymous_13)
FN:302,(anonymous_14)
FN:306,(anonymous_15)
FN:307,(anonymous_16)
FN:317,(anonymous_17)
FN:320,(anonymous_18)
FN:321,(anonymous_19)
FN:331,(anonymous_20)
FN:350,(anonymous_21)
FN:362,(anonymous_22)
FN:364,(anonymous_23)
FN:365,(anonymous_24)
FN:367,(anonymous_25)
FN:368,(anonymous_26)
FN:369,(anonymous_27)
FN:370,(anonymous_28)
FNF:29
FNH:1
FNDA:1,(anonymous_0)
FNDA:0,(anonymous_1)
FNDA:0,(anonymous_2)
FNDA:0,(anonymous_3)
FNDA:0,(anonymous_4)
FNDA:0,(anonymous_5)
FNDA:0,(anonymous_6)
FNDA:0,(anonymous_7)
FNDA:0,(anonymous_8)
FNDA:0,(anonymous_9)
FNDA:0,(anonymous_10)
FNDA:0,(anonymous_11)
FNDA:0,(anonymous_12)
FNDA:0,(anonymous_13)
FNDA:0,(anonymous_14)
FNDA:0,(anonymous_15)
FNDA:0,(anonymous_16)
FNDA:0,(anonymous_17)
FNDA:0,(anonymous_18)
FNDA:0,(anonymous_19)
FNDA:0,(anonymous_20)
FNDA:0,(anonymous_21)
FNDA:0,(anonymous_22)
FNDA:0,(anonymous_23)
FNDA:0,(anonymous_24)
FNDA:0,(anonymous_25)
FNDA:0,(anonymous_26)
FNDA:0,(anonymous_27)
FNDA:0,(anonymous_28)
DA:70,1
DA:73,1
DA:90,0
DA:91,0
DA:92,0
DA:93,0
DA:95,0
DA:104,0
DA:105,0
DA:106,0
DA:107,0
DA:112,0
DA:114,0
DA:115,0
DA:119,0
DA:125,0
DA:126,0
DA:128,0
DA:129,0
DA:132,0
DA:140,0
DA:141,0
DA:147,0
DA:160,0
DA:161,0
DA:163,0
DA:164,0
DA:176,0
DA:186,0
DA:194,0
DA:195,0
DA:196,0
DA:197,0
DA:202,0
DA:211,0
DA:212,0
DA:213,0
DA:215,0
DA:223,0
DA:224,0
DA:225,0
DA:234,0
DA:236,0
DA:245,0
DA:246,0
DA:247,0
DA:248,0
DA:250,0
DA:259,0
DA:260,0
DA:261,0
DA:263,0
DA:269,0
DA:270,0
DA:271,0
DA:272,0
DA:273,0
DA:274,0
DA:275,0
DA:276,0
DA:277,0
DA:283,0
DA:288,0
DA:289,0
DA:290,0
DA:293,0
DA:295,0
DA:296,0
DA:297,0
DA:303,0
DA:304,0
DA:306,0
DA:307,0
DA:310,0
DA:318,0
DA:319,0
DA:320,0
DA:321,0
DA:324,0
DA:332,0
DA:350,0
DA:362,1
DA:363,0
DA:364,1
DA:365,1
DA:366,0
DA:367,1
DA:368,1
DA:369,1
DA:370,1
DA:376,0
LF:91
LH:9
BRDA:96,0,0,0
BRDA:96,0,1,0
BRDA:114,1,0,0
BRDA:114,1,1,0
BRDA:126,2,0,0
BRDA:126,2,1,0
BRDA:132,3,0,0
BRDA:132,3,1,0
BRDA:148,4,0,0
BRDA:148,4,1,0
BRDA:161,5,0,0
BRDA:161,5,1,0
BRDA:168,6,0,0
BRDA:168,6,1,0
BRDA:170,7,0,0
BRDA:170,7,1,0
BRDA:177,8,0,0
BRDA:177,8,1,0
BRDA:187,9,0,0
BRDA:187,9,1,0
BRDA:203,10,0,0
BRDA:203,10,1,0
BRDA:216,11,0,0
BRDA:216,11,1,0
BRDA:226,12,0,0
BRDA:226,12,1,0
BRDA:237,13,0,0
BRDA:237,13,1,0
BRDA:247,14,0,0
BRDA:247,14,1,0
BRDA:251,15,0,0
BRDA:251,15,1,0
BRDA:258,16,0,0
BRDA:263,17,0,0
BRDA:263,17,1,0
BRDA:267,18,0,0
BRDA:276,19,0,0
BRDA:276,19,1,0
BRDA:280,20,0,0
BRDA:280,20,1,0
BRDA:295,21,0,0
BRDA:295,21,1,0
BRDA:307,22,0,0
BRDA:307,22,1,0
BRDA:311,23,0,0
BRDA:311,23,1,0
BRDA:325,24,0,0
BRDA:325,24,1,0
BRF:48
BRH:0
end_of_record
TN:
SF:src\lib\stores\versioningStore.ts
FN:50,(anonymous_0)
FN:59,(anonymous_1)
FN:72,(anonymous_2)
FN:82,(anonymous_3)
FN:90,(anonymous_4)
FN:102,(anonymous_5)
FN:117,(anonymous_6)
FN:121,(anonymous_7)
FN:122,(anonymous_8)
FN:132,(anonymous_9)
FN:144,(anonymous_10)
FN:157,(anonymous_11)
FN:166,(anonymous_12)
FN:170,(anonymous_13)
FN:171,(anonymous_14)
FN:172,(anonymous_15)
FN:183,(anonymous_16)
FN:192,(anonymous_17)
FN:196,(anonymous_18)
FN:197,(anonymous_19)
FN:207,(anonymous_20)
FN:209,(anonymous_21)
FN:211,(anonymous_22)
FN:227,(anonymous_23)
FN:231,(anonymous_24)
FN:239,(anonymous_25)
FN:243,(anonymous_26)
FNF:27
FNH:18
FNDA:2,(anonymous_0)
FNDA:10,(anonymous_1)
FNDA:10,(anonymous_2)
FNDA:1,(anonymous_3)
FNDA:1,(anonymous_4)
FNDA:1,(anonymous_5)
FNDA:1,(anonymous_6)
FNDA:1,(anonymous_7)
FNDA:1,(anonymous_8)
FNDA:1,(anonymous_9)
FNDA:1,(anonymous_10)
FNDA:1,(anonymous_11)
FNDA:0,(anonymous_12)
FNDA:0,(anonymous_13)
FNDA:0,(anonymous_14)
FNDA:0,(anonymous_15)
FNDA:0,(anonymous_16)
FNDA:0,(anonymous_17)
FNDA:0,(anonymous_18)
FNDA:0,(anonymous_19)
FNDA:2,(anonymous_20)
FNDA:6,(anonymous_21)
FNDA:1,(anonymous_22)
FNDA:1,(anonymous_23)
FNDA:3,(anonymous_24)
FNDA:0,(anonymous_25)
FNDA:1,(anonymous_26)
DA:50,2
DA:60,10
DA:61,10
DA:62,10
DA:63,9
DA:65,1
DA:73,10
DA:74,10
DA:75,10
DA:76,10
DA:78,0
DA:87,1
DA:88,1
DA:89,1
DA:90,1
DA:94,1
DA:96,0
DA:97,0
DA:98,0
DA:103,1
DA:104,1
DA:105,1
DA:106,1
DA:107,1
DA:109,0
DA:113,0
DA:118,1
DA:119,1
DA:120,1
DA:121,1
DA:122,1
DA:125,1
DA:127,0
DA:128,0
DA:136,1
DA:137,1
DA:139,0
DA:140,0
DA:150,1
DA:151,1
DA:157,1
DA:158,1
DA:160,0
DA:161,0
DA:162,0
DA:167,0
DA:168,0
DA:169,0
DA:170,0
DA:171,0
DA:172,0
DA:173,0
DA:176,0
DA:178,0
DA:179,0
DA:184,0
DA:185,0
DA:187,0
DA:188,0
DA:193,0
DA:194,0
DA:195,0
DA:196,0
DA:197,0
DA:200,0
DA:202,0
DA:203,0
DA:208,2
DA:209,6
DA:211,2
DA:212,1
DA:214,1
DA:216,0
DA:218,0
DA:220,0
DA:222,0
DA:228,1
DA:229,1
DA:230,1
DA:232,3
DA:240,0
DA:244,1
LF:82
LH:42
BRDA:66,0,0,1
BRDA:66,0,1,0
BRDA:75,1,0,10
BRDA:75,1,1,10
BRDA:75,1,2,10
BRDA:85,2,0,1
BRDA:96,3,0,0
BRDA:96,3,1,0
BRDA:110,4,0,0
BRDA:110,4,1,0
BRDA:120,5,0,1
BRDA:120,5,1,0
BRDA:127,6,0,0
BRDA:127,6,1,0
BRDA:139,7,0,0
BRDA:139,7,1,0
BRDA:160,8,0,0
BRDA:160,8,1,0
BRDA:169,9,0,0
BRDA:169,9,1,0
BRDA:172,10,0,0
BRDA:172,10,1,0
BRDA:178,11,0,0
BRDA:178,11,1,0
BRDA:187,12,0,0
BRDA:187,12,1,0
BRDA:195,13,0,0
BRDA:195,13,1,0
BRDA:202,14,0,0
BRDA:202,14,1,0
BRDA:209,15,0,0
BRDA:209,15,1,2
BRDA:212,16,0,1
BRDA:212,16,1,0
BRDA:212,16,2,0
BRDA:212,16,3,0
BRDA:212,16,4,0
BRDA:232,17,0,3
BRDA:232,17,1,2
BRDA:232,17,2,2
BRDA:232,17,3,2
BRF:41
BRH:12
end_of_record
TN:
SF:src\shared\types\index.ts
FN:1,(anonymous_0)
FN:14,(anonymous_1)
FN:28,(anonymous_2)
FNF:3
FNH:3
FNDA:12,(anonymous_0)
FNDA:12,(anonymous_1)
FNDA:12,(anonymous_2)
DA:1,12
DA:2,12
DA:3,12
DA:4,12
DA:5,12
DA:14,12
DA:15,12
DA:16,12
DA:17,12
DA:18,12
DA:28,12
DA:29,12
DA:30,12
DA:31,12
DA:32,12
LF:15
LH:15
BRDA:1,0,0,12
BRDA:1,0,1,12
BRDA:14,1,0,12
BRDA:14,1,1,12
BRDA:28,2,0,12
BRDA:28,2,1,12
BRF:6
BRH:6
end_of_record
TN:
SF:src\shared\utils\chapter.ts
FN:25,createChapter
FN:73,updateChapter
FN:87,calculateWordCount
FN:100,calculateCharacterCount
FN:110,calculateEstimatedReadingTime
FN:121,updateChapterMetrics
FNF:6
FNH:1
FNDA:44,createChapter
FNDA:0,updateChapter
FNDA:0,calculateWordCount
FNDA:0,calculateCharacterCount
FNDA:0,calculateEstimatedReadingTime
FNDA:0,updateChapterMetrics
DA:28,44
DA:30,44
DA:74,0
DA:88,0
DA:89,0
DA:91,0
DA:101,0
DA:111,0
DA:112,0
DA:122,0
DA:123,0
DA:124,0
DA:126,0
LF:13
LH:2
BRDA:37,0,0,44
BRDA:37,0,1,0
BRDA:38,1,0,44
BRDA:38,1,1,2
BRDA:39,2,0,44
BRDA:39,2,1,0
BRDA:43,3,0,44
BRDA:43,3,1,44
BRDA:44,4,0,44
BRDA:44,4,1,44
BRDA:45,5,0,44
BRDA:45,5,1,44
BRDA:46,6,0,44
BRDA:46,6,1,44
BRDA:47,7,0,44
BRDA:47,7,1,44
BRDA:50,8,0,44
BRDA:50,8,1,44
BRDA:51,9,0,44
BRDA:51,9,1,44
BRDA:88,10,0,0
BRDA:88,10,1,0
BRDA:88,11,0,0
BRDA:88,11,1,0
BRF:24
BRH:18
end_of_record
TN:
SF:src\shared\utils\index.ts
FNF:0
FNH:0
DA:2,5
DA:5,5
LF:2
LH:2
BRF:0
BRH:0
end_of_record
TN:
SF:src\shared\utils\validation.ts
FN:26,(anonymous_0)
FN:32,(anonymous_1)
FN:38,(anonymous_2)
FN:54,(anonymous_3)
FN:61,(anonymous_4)
FN:74,validateChapterTitle
FN:97,validateProjectTitle
FN:118,validateStyle
FN:139,validateIdea
FN:166,validateChapterSummary
FN:187,validateChapterContent
FN:205,validateWordCount
FN:233,validateURL
FN:267,checkRequired
FN:273,checkMinLength
FN:279,checkMaxLength
FN:285,checkPattern
FN:291,checkCustomValidator
FN:301,sanitizeValue
FN:308,validateInput
FN:345,validateBatch
FN:382,parseChapterStatus
FN:397,parsePublishStatus
FN:411,isChapterStatus
FN:418,isPublishStatus
FNF:25
FNH:17
FNDA:0,(anonymous_0)
FNDA:0,(anonymous_1)
FNDA:0,(anonymous_2)
FNDA:0,(anonymous_3)
FNDA:39,(anonymous_4)
FNDA:12,validateChapterTitle
FNDA:6,validateProjectTitle
FNDA:6,validateStyle
FNDA:8,validateIdea
FNDA:5,validateChapterSummary
FNDA:6,validateChapterContent
FNDA:8,validateWordCount
FNDA:11,validateURL
FNDA:15,checkRequired
FNDA:11,checkMinLength
FNDA:10,checkMaxLength
FNDA:9,checkPattern
FNDA:8,checkCustomValidator
FNDA:8,sanitizeValue
FNDA:15,validateInput
FNDA:3,validateBatch
FNDA:0,parseChapterStatus
FNDA:0,parsePublishStatus
FNDA:0,isChapterStatus
FNDA:0,isPublishStatus
DA:14,7
DA:15,7
DA:16,7
DA:17,7
DA:18,7
DA:21,7
DA:26,0
DA:32,0
DA:38,0
DA:54,0
DA:63,39
DA:64,39
DA:66,39
DA:67,39
DA:75,12
DA:76,4
DA:79,8
DA:80,1
DA:89,7
DA:91,7
DA:98,6
DA:99,2
DA:102,4
DA:103,1
DA:110,3
DA:112,3
DA:119,6
DA:120,2
DA:123,4
DA:124,1
DA:131,3
DA:133,3
DA:141,8
DA:142,8
DA:144,8
DA:145,2
DA:148,6
DA:149,2
DA:152,4
DA:153,1
DA:160,3
DA:167,5
DA:168,2
DA:171,3
DA:172,1
DA:179,2
DA:181,2
DA:188,6
DA:189,1
DA:197,5
DA:199,5
DA:206,8
DA:207,2
DA:210,6
DA:211,2
DA:218,4
DA:219,1
DA:226,3
DA:234,11
DA:235,2
DA:238,9
DA:239,9
DA:242,9
DA:243,3
DA:246,4
DA:248,5
DA:249,3
DA:251,2
DA:268,15
DA:269,2
DA:274,11
DA:275,1
DA:280,10
DA:281,1
DA:286,9
DA:287,1
DA:296,8
DA:297,1
DA:304,8
DA:305,8
DA:316,15
DA:319,15
DA:322,15
DA:323,2
DA:327,11
DA:328,11
DA:331,11
DA:334,11
DA:337,11
DA:339,11
DA:350,3
DA:351,3
DA:353,3
DA:354,5
DA:355,5
DA:357,2
DA:358,1
DA:360,1
DA:365,3
DA:386,0
DA:387,0
DA:388,0
DA:390,0
DA:401,0
DA:402,0
DA:403,0
DA:405,0
DA:412,0
DA:419,0
LF:109
LH:95
BRDA:54,0,0,0
BRDA:54,0,1,0
BRDA:75,1,0,4
BRDA:75,1,1,8
BRDA:75,2,0,12
BRDA:75,2,1,10
BRDA:79,3,0,1
BRDA:79,3,1,7
BRDA:98,4,0,2
BRDA:98,4,1,4
BRDA:98,5,0,6
BRDA:98,5,1,5
BRDA:102,6,0,1
BRDA:102,6,1,3
BRDA:119,7,0,2
BRDA:119,7,1,4
BRDA:119,8,0,6
BRDA:119,8,1,5
BRDA:123,9,0,1
BRDA:123,9,1,3
BRDA:144,10,0,2
BRDA:144,10,1,6
BRDA:144,11,0,8
BRDA:144,11,1,6
BRDA:148,12,0,2
BRDA:148,12,1,4
BRDA:152,13,0,1
BRDA:152,13,1,3
BRDA:167,14,0,2
BRDA:167,14,1,3
BRDA:167,15,0,5
BRDA:167,15,1,4
BRDA:171,16,0,1
BRDA:171,16,1,2
BRDA:188,17,0,1
BRDA:188,17,1,5
BRDA:206,18,0,2
BRDA:206,18,1,6
BRDA:210,19,0,2
BRDA:210,19,1,4
BRDA:218,20,0,1
BRDA:218,20,1,3
BRDA:234,21,0,2
BRDA:234,21,1,9
BRDA:234,22,0,11
BRDA:234,22,1,10
BRDA:242,23,0,3
BRDA:242,23,1,6
BRDA:248,24,0,3
BRDA:248,24,1,2
BRDA:268,25,0,2
BRDA:268,25,1,13
BRDA:268,26,0,15
BRDA:268,26,1,12
BRDA:268,26,2,11
BRDA:274,27,0,1
BRDA:274,27,1,10
BRDA:280,28,0,1
BRDA:280,28,1,9
BRDA:286,29,0,1
BRDA:286,29,1,8
BRDA:286,30,0,9
BRDA:286,30,1,2
BRDA:296,31,0,1
BRDA:296,31,1,7
BRDA:296,32,0,8
BRDA:296,32,1,2
BRDA:308,33,0,15
BRDA:310,34,0,15
BRDA:311,35,0,15
BRDA:312,36,0,15
BRDA:315,37,0,15
BRDA:322,38,0,2
BRDA:322,38,1,13
BRDA:322,39,0,15
BRDA:322,39,1,3
BRDA:322,39,2,2
BRDA:357,40,0,1
BRDA:357,40,1,1
BRDA:384,41,0,0
BRDA:387,42,0,0
BRDA:387,42,1,0
BRDA:399,43,0,0
BRDA:402,44,0,0
BRDA:402,44,1,0
BRDA:412,45,0,0
BRDA:412,45,1,0
BRDA:419,46,0,0
BRDA:419,46,1,0
BRF:89
BRH:77
end_of_record
TN:
SF:src\types\guards.ts
FN:48,isProject
FN:55,isChapter
FN:62,isWorldState
FN:69,isProjectSettings
FN:76,isAgentAction
FN:83,isLogEntry
FN:90,isRefineOptions
FN:97,isCreateProject
FN:104,isUpdateChapter
FN:111,isUpdateProject
FN:118,isProjectFilter
FN:129,isProjectId
FN:133,createProjectId
FN:140,isChapterId
FN:144,createChapterId
FN:155,isLogId
FN:162,createLogId
FN:169,isBase64Image
FN:176,isWordCount
FN:180,createWordCount
FN:190,isTemperature
FN:194,createTemperature
FN:208,isProjectArray
FN:215,isChapterArray
FN:222,isLogEntryArray
FN:229,isAgentActionArray
FN:240,isNotNull
FN:247,isNotUndefined
FN:254,isNotNullish
FN:261,isString
FN:268,isNonEmptyString
FN:275,isNumber
FN:282,isPositiveNumber
FN:289,isInteger
FN:296,isPositiveInteger
FN:303,isBoolean
FN:310,isDate
FN:317,isDateString
FN:326,isObject
FN:333,isPlainObject
FN:340,isFunction
FN:351,assertType
FN:364,safeCast
FN:371,hasKeys
FN:376,(anonymous_44)
FN:382,hasAnyKey
FN:387,(anonymous_46)
FN:393,allMatch
FN:400,someMatch
FN:411,createEnumGuard
FN:415,(anonymous_50)
FN:423,isEnumValue
FN:431,isWritingStyle
FN:435,isLanguage
FNF:54
FNH:41
FNDA:4,isProject
FNDA:4,isChapter
FNDA:0,isWorldState
FNDA:0,isProjectSettings
FNDA:0,isAgentAction
FNDA:0,isLogEntry
FNDA:0,isRefineOptions
FNDA:0,isCreateProject
FNDA:0,isUpdateChapter
FNDA:0,isUpdateProject
FNDA:0,isProjectFilter
FNDA:11,isProjectId
FNDA:10,createProjectId
FNDA:10,isChapterId
FNDA:2,createChapterId
FNDA:6,isLogId
FNDA:1,createLogId
FNDA:8,isBase64Image
FNDA:11,isWordCount
FNDA:3,createWordCount
FNDA:10,isTemperature
FNDA:3,createTemperature
FNDA:4,isProjectArray
FNDA:3,isChapterArray
FNDA:0,isLogEntryArray
FNDA:0,isAgentActionArray
FNDA:5,isNotNull
FNDA:5,isNotUndefined
FNDA:5,isNotNullish
FNDA:14,isString
FNDA:4,isNonEmptyString
FNDA:30,isNumber
FNDA:4,isPositiveNumber
FNDA:10,isInteger
FNDA:5,isPositiveInteger
FNDA:6,isBoolean
FNDA:4,isDate
FNDA:4,isDateString
FNDA:16,isObject
FNDA:4,isPlainObject
FNDA:4,isFunction
FNDA:2,assertType
FNDA:4,safeCast
FNDA:4,hasKeys
FNDA:5,(anonymous_44)
FNDA:3,hasAnyKey
FNDA:3,(anonymous_46)
FNDA:3,allMatch
FNDA:3,someMatch
FNDA:5,createEnumGuard
FNDA:8,(anonymous_50)
FNDA:4,isEnumValue
FNDA:0,isWritingStyle
FNDA:0,isLanguage
DA:49,4
DA:56,4
DA:63,0
DA:70,0
DA:77,0
DA:84,0
DA:91,0
DA:98,0
DA:105,0
DA:112,0
DA:119,0
DA:130,11
DA:134,10
DA:141,10
DA:149,2
DA:156,6
DA:163,1
DA:170,8
DA:177,11
DA:181,3
DA:182,1
DA:184,2
DA:191,10
DA:195,3
DA:196,1
DA:198,2
DA:209,4
DA:216,3
DA:223,0
DA:230,0
DA:241,5
DA:248,5
DA:255,5
DA:262,14
DA:269,4
DA:276,30
DA:283,4
DA:290,10
DA:297,5
DA:304,6
DA:311,4
DA:318,4
DA:319,3
DA:320,3
DA:327,16
DA:334,4
DA:341,4
DA:356,2
DA:357,1
DA:365,4
DA:375,4
DA:376,5
DA:386,3
DA:387,3
DA:394,3
DA:401,3
DA:414,5
DA:415,5
DA:416,8
DA:427,4
DA:432,0
DA:436,0
LF:62
LH:49
BRDA:130,0,0,11
BRDA:130,0,1,10
BRDA:133,1,0,10
BRDA:141,2,0,10
BRDA:141,2,1,9
BRDA:146,3,0,2
BRDA:147,4,0,2
BRDA:157,5,0,6
BRDA:157,5,1,5
BRDA:170,6,0,8
BRDA:170,6,1,7
BRDA:177,7,0,11
BRDA:177,7,1,9
BRDA:177,7,2,7
BRDA:177,7,3,5
BRDA:181,8,0,1
BRDA:181,8,1,2
BRDA:191,9,0,10
BRDA:191,9,1,8
BRDA:191,9,2,6
BRDA:195,10,0,1
BRDA:195,10,1,2
BRDA:209,11,0,4
BRDA:209,11,1,3
BRDA:216,12,0,3
BRDA:216,12,1,3
BRDA:223,13,0,0
BRDA:223,13,1,0
BRDA:230,14,0,0
BRDA:230,14,1,0
BRDA:269,15,0,4
BRDA:269,15,1,3
BRDA:276,16,0,30
BRDA:276,16,1,24
BRDA:283,17,0,4
BRDA:283,17,1,4
BRDA:290,18,0,10
BRDA:290,18,1,9
BRDA:297,19,0,5
BRDA:297,19,1,4
BRDA:311,20,0,4
BRDA:311,20,1,3
BRDA:318,21,0,1
BRDA:318,21,1,3
BRDA:327,22,0,16
BRDA:327,22,1,13
BRDA:327,22,2,12
BRDA:334,23,0,4
BRDA:334,23,1,3
BRDA:354,24,0,2
BRDA:356,25,0,1
BRDA:356,25,1,1
BRDA:365,26,0,2
BRDA:365,26,1,2
BRDA:375,27,0,1
BRDA:375,27,1,3
BRDA:386,28,0,1
BRDA:386,28,1,2
BRDA:432,29,0,0
BRDA:432,29,1,0
BRDA:436,30,0,0
BRDA:436,30,1,0
BRF:62
BRH:54
end_of_record
TN:
SF:src\types\index.ts
FNF:0
FNH:0
DA:7,9
DA:8,9
DA:37,9
LF:3
LH:3
BRF:0
BRH:0
end_of_record
TN:
SF:src\types\schemas.ts
FN:88,(anonymous_0)
FN:121,(anonymous_1)
FN:122,(anonymous_2)
FN:222,(anonymous_3)
FN:223,(anonymous_4)
FN:270,(anonymous_5)
FN:275,(anonymous_6)
FN:276,(anonymous_7)
FN:368,validateData
FN:402,isValidData
FN:409,transformAndValidate
FNF:11
FNH:10
FNDA:24,(anonymous_0)
FNDA:10,(anonymous_1)
FNDA:10,(anonymous_2)
FNDA:5,(anonymous_3)
FNDA:5,(anonymous_4)
FNDA:21,(anonymous_5)
FNDA:21,(anonymous_6)
FNDA:6,(anonymous_7)
FNDA:52,validateData
FNDA:6,isValidData
FNDA:0,transformAndValidate
DA:17,12
DA:35,12
DA:38,12
DA:40,12
DA:41,12
DA:42,12
DA:43,12
DA:46,12
DA:53,12
DA:54,12
DA:55,12
DA:58,12
DA:64,12
DA:67,12
DA:73,12
DA:88,24
DA:93,12
DA:107,12
DA:121,10
DA:122,10
DA:140,12
DA:164,12
DA:180,12
DA:197,12
DA:222,5
DA:223,5
DA:270,21
DA:276,21
DA:277,21
DA:290,12
DA:301,12
DA:306,12
DA:311,12
DA:314,12
DA:373,52
DA:374,52
DA:376,52
DA:377,33
DA:380,19
DA:385,52
DA:391,0
DA:403,6
DA:415,0
DA:416,0
DA:417,0
DA:420,0
DA:421,0
DA:422,0
DA:424,0
LF:49
LH:41
BRDA:376,0,0,33
BRDA:376,0,1,19
BRDA:380,1,0,5
BRDA:380,1,1,14
BRDA:381,2,0,19
BRDA:381,2,1,14
BRDA:393,3,0,0
BRDA:393,3,1,0
BRDA:416,4,0,0
BRDA:416,4,1,0
BRDA:426,5,0,0
BRDA:426,5,1,0
BRF:12
BRH:6
end_of_record
TN:
SF:src\types\utils.ts
FNF:0
FNH:0
LF:0
LH:0
BRF:0
BRH:0
end_of_record
